{"numTotalTestSuites":87,"numPassedTestSuites":74,"numFailedTestSuites":13,"numPendingTestSuites":0,"numTotalTests":246,"numPassedTests":229,"numFailedTests":17,"numPendingTests":0,"numTodoTests":0,"snapshot":{"added":0,"failure":false,"filesAdded":0,"filesRemoved":0,"filesRemovedList":[],"filesUnmatched":0,"filesUpdated":0,"matched":0,"total":0,"unchecked":0,"uncheckedKeysByFile":[],"unmatched":0,"updated":0,"didUpdate":false},"startTime":1780810440156,"success":false,"testResults":[{"assertionResults":[{"ancestorTitles":["eventDateTime utilities"],"fullName":"eventDateTime utilities parses valid ISO date in local timezone","status":"passed","title":"parses valid ISO date in local timezone","duration":1.2534999999999172,"failureMessages":[],"meta":{},"tags":[]},{"ancestorTitles":["eventDateTime utilities"],"fullName":"eventDateTime utilities returns null for invalid ISO date format","status":"passed","title":"returns null for invalid ISO date format","duration":0.18240000000002965,"failureMessages":[],"meta":{},"tags":[]},{"ancestorTitles":["eventDateTime utilities"],"fullName":"eventDateTime utilities parses time range with dot and colon separators","status":"passed","title":"parses time range with dot and colon separators","duration":0.677599999999984,"failureMessages":[],"meta":{},"tags":[]},{"ancestorTitles":["eventDateTime utilities"],"fullName":"eventDateTime utilities returns null for invalid time range","status":"passed","title":"returns null for invalid time range","duration":0.13900000000001,"failureMessages":[],"meta":{},"tags":[]},{"ancestorTitles":["eventDateTime utilities"],"fullName":"eventDateTime utilities computes status upcoming and past correctly by date","status":"passed","title":"computes status upcoming and past correctly by date","duration":0.16270000000008622,"failureMessages":[],"meta":{},"tags":[]},{"ancestorTitles":["eventDateTime utilities"],"fullName":"eventDateTime utilities computes same-day status using end time","status":"passed","title":"computes same-day status using end time","duration":0.11569999999994707,"failureMessages":[],"meta":{},"tags":[]},{"ancestorTitles":["eventDateTime utilities"],"fullName":"eventDateTime utilities returns ongoing for same-day events with empty or unparseable time","status":"passed","title":"returns ongoing for same-day events with empty or unparseable time","duration":0.11919999999997799,"failureMessages":[],"meta":{},"tags":[]},{"ancestorTitles":["eventDateTime utilities"],"fullName":"eventDateTime utilities formats today local ISO","status":"passed","title":"formats today local ISO","duration":0.13789999999994507,"failureMessages":[],"meta":{},"tags":[]}],"startTime":1780810445602,"endTime":1780810445605.138,"status":"passed","message":"","name":"D:/Andy/Antigravity/schedule-event-v2/src/utils/eventDateTime.test.ts"},{"assertionResults":[{"ancestorTitles":["normalizeEventInput"],"fullName":"normalizeEventInput trims and collapses text fields","status":"passed","title":"trims and collapses text fields","duration":1.25,"failureMessages":[],"meta":{},"tags":[]},{"ancestorTitles":["normalizeEventInput"],"fullName":"normalizeEventInput normalizes jam into HH:MM - HH:MM when parseable","status":"passed","title":"normalizes jam into HH:MM - HH:MM when parseable","duration":0.3129999999999882,"failureMessages":[],"meta":{},"tags":[]},{"ancestorTitles":["normalizeEventInput"],"fullName":"normalizeEventInput derives day/month/tanggal from valid dateStr","status":"passed","title":"derives day/month/tanggal from valid dateStr","duration":0.23429999999996198,"failureMessages":[],"meta":{},"tags":[]}],"startTime":1780810445607,"endTime":1780810445609.2344,"status":"passed","message":"","name":"D:/Andy/Antigravity/schedule-event-v2/src/utils/eventInput.test.ts"},{"assertionResults":[{"ancestorTitles":["supabaseApi","fetchEvents"],"fullName":"supabaseApi fetchEvents fetches 3 tables and maps events","status":"passed","title":"fetches 3 tables and maps events","duration":2.8805999999999585,"failureMessages":[],"meta":{},"tags":[]},{"ancestorTitles":["supabaseApi","fetchEvents"],"fullName":"supabaseApi fetchEvents throws when events query errors","status":"passed","title":"throws when events query errors","duration":1.0103999999998905,"failureMessages":[],"meta":{},"tags":[]},{"ancestorTitles":["supabaseApi","fetchEvents"],"fullName":"supabaseApi fetchEvents handles empty results","status":"passed","title":"handles empty results","duration":0.4453000000000884,"failureMessages":[],"meta":{},"tags":[]},{"ancestorTitles":["supabaseApi","fetchEvents"],"fullName":"supabaseApi fetchEvents detectCategory fallback when categories empty","status":"passed","title":"detectCategory fallback when categories empty","duration":0.7009000000000469,"failureMessages":[],"meta":{},"tags":[]},{"ancestorTitles":["supabaseApi","fetchEvents"],"fullName":"supabaseApi fetchEvents maps themes and holidays","status":"passed","title":"maps themes and holidays","duration":0.5238999999999123,"failureMessages":[],"meta":{},"tags":[]},{"ancestorTitles":["supabaseApi","createDraftEvent (public)"],"fullName":"supabaseApi createDraftEvent (public) inserts draft and returns id","status":"passed","title":"inserts draft and returns id","duration":0.3704999999999927,"failureMessages":[],"meta":{},"tags":[]},{"ancestorTitles":["supabaseApi","createDraftEvent (public)"],"fullName":"supabaseApi createDraftEvent (public) throws on insert error","status":"passed","title":"throws on insert error","duration":0.24459999999999127,"failureMessages":[],"meta":{},"tags":[]},{"ancestorTitles":["supabaseApi","fetchSiteSettings"],"fullName":"supabaseApi fetchSiteSettings returns value when key exists","status":"passed","title":"returns value when key exists","duration":0.21710000000007312,"failureMessages":[],"meta":{},"tags":[]},{"ancestorTitles":["supabaseApi","fetchSiteSettings"],"fullName":"supabaseApi fetchSiteSettings returns null when key not found","status":"passed","title":"returns null when key not found","duration":0.1550999999999476,"failureMessages":[],"meta":{},"tags":[]},{"ancestorTitles":["supabaseApi","fetchSiteSettings"],"fullName":"supabaseApi fetchSiteSettings returns null on query error (catch-all)","status":"passed","title":"returns null on query error (catch-all)","duration":0.1435999999998785,"failureMessages":[],"meta":{},"tags":[]},{"ancestorTitles":["supabaseApi","deleteDraftEvent"],"fullName":"supabaseApi deleteDraftEvent resolves when admin returns success","status":"passed","title":"resolves when admin returns success","duration":1.2250000000001364,"failureMessages":[],"meta":{},"tags":[]}],"startTime":1780810445588,"endTime":1780810445596.225,"status":"passed","message":"","name":"D:/Andy/Antigravity/schedule-event-v2/src/utils/supabaseApi.test.ts"},{"assertionResults":[],"startTime":1780810440156,"endTime":1780810440156,"status":"failed","message":"No test suite found in file D:/Andy/Antigravity/schedule-event-v2/__tests__/api/community-registration.test.js","name":"D:/Andy/Antigravity/schedule-event-v2/__tests__/api/community-registration.test.js"},{"assertionResults":[{"ancestorTitles":["useEvents"],"fullName":"useEvents should initialize with loading state and fetch data","status":"passed","title":"should initialize with loading state and fetch data","duration":117.0043999999998,"failureMessages":[],"meta":{},"tags":[]},{"ancestorTitles":["useEvents"],"fullName":"useEvents should handle fetch errors gracefully","status":"passed","title":"should handle fetch errors gracefully","duration":70.04269999999997,"failureMessages":[],"meta":{},"tags":[]},{"ancestorTitles":["useEvents"],"fullName":"useEvents should filter events correctly","status":"passed","title":"should filter events correctly","duration":75.93150000000014,"failureMessages":[],"meta":{},"tags":[]},{"ancestorTitles":["useEvents"],"fullName":"useEvents should add event successfully","status":"passed","title":"should add event successfully","duration":80.82700000000023,"failureMessages":[],"meta":{},"tags":[]},{"ancestorTitles":["useEvents"],"fullName":"useEvents should handle empty data state","status":"passed","title":"should handle empty data state","duration":80.07880000000023,"failureMessages":[],"meta":{},"tags":[]},{"ancestorTitles":["useEvents"],"fullName":"useEvents should handle malformed fetch response as an error","status":"passed","title":"should handle malformed fetch response as an error","duration":91.39750000000004,"failureMessages":[],"meta":{},"tags":[]}],"startTime":1780810442537,"endTime":1780810443052.3975,"status":"passed","message":"","name":"D:/Andy/Antigravity/schedule-event-v2/src/hooks/__tests__/useEvents.test.ts"},{"assertionResults":[{"ancestorTitles":["useToast"],"fullName":"useToast initializes with empty toasts","status":"passed","title":"initializes with empty toasts","duration":10.747699999999895,"failureMessages":[],"meta":{},"tags":[]},{"ancestorTitles":["useToast"],"fullName":"useToast adds toast message","status":"passed","title":"adds toast message","duration":4.291099999999915,"failureMessages":[],"meta":{},"tags":[]},{"ancestorTitles":["useToast"],"fullName":"useToast generates unique IDs for toasts","status":"passed","title":"generates unique IDs for toasts","duration":3.338899999999967,"failureMessages":[],"meta":{},"tags":[]},{"ancestorTitles":["useToast"],"fullName":"useToast removes toast by ID","status":"passed","title":"removes toast by ID","duration":1.7750999999998385,"failureMessages":[],"meta":{},"tags":[]},{"ancestorTitles":["useToast"],"fullName":"useToast auto-removes toast after 4 seconds","status":"passed","title":"auto-removes toast after 4 seconds","duration":2.105099999999993,"failureMessages":[],"meta":{},"tags":[]},{"ancestorTitles":["useToast"],"fullName":"useToast supports multiple toast types","status":"passed","title":"supports multiple toast types","duration":2.8543999999999414,"failureMessages":[],"meta":{},"tags":[]}],"startTime":1780810444565,"endTime":1780810444589.8545,"status":"passed","message":"","name":"D:/Andy/Antigravity/schedule-event-v2/src/hooks/__tests__/useToast.test.ts"},{"assertionResults":[{"ancestorTitles":["CategoryBadge"],"fullName":"CategoryBadge renders category name","status":"passed","title":"renders category name","duration":50.96129999999994,"failureMessages":[],"meta":{},"tags":[]},{"ancestorTitles":["CategoryBadge"],"fullName":"CategoryBadge applies background color from category colors","status":"passed","title":"applies background color from category colors","duration":192.77030000000013,"failureMessages":[],"meta":{},"tags":[]},{"ancestorTitles":["CategoryBadge"],"fullName":"CategoryBadge uses dark text for light background categories","status":"passed","title":"uses dark text for light background categories","duration":4.314100000000053,"failureMessages":[],"meta":{},"tags":[]},{"ancestorTitles":["CategoryBadge"],"fullName":"CategoryBadge uses white text for dark background categories","status":"passed","title":"uses white text for dark background categories","duration":5.242999999999938,"failureMessages":[],"meta":{},"tags":[]},{"ancestorTitles":["CategoryBadge"],"fullName":"CategoryBadge handles unknown categories with default color","status":"passed","title":"handles unknown categories with default color","duration":6.9074999999998,"failureMessages":[],"meta":{},"tags":[]},{"ancestorTitles":["CategoryBadge"],"fullName":"CategoryBadge applies correct styling classes","status":"passed","title":"applies correct styling classes","duration":2.5896999999999935,"failureMessages":[],"meta":{},"tags":[]}],"startTime":1780810442644,"endTime":1780810442906.5896,"status":"passed","message":"","name":"D:/Andy/Antigravity/schedule-event-v2/src/components/__tests__/CategoryBadge.test.tsx"},{"assertionResults":[{"ancestorTitles":["CategoryBadges"],"fullName":"CategoryBadges renders multiple category badges","status":"passed","title":"renders multiple category badges","duration":35.29860000000008,"failureMessages":[],"meta":{},"tags":[]},{"ancestorTitles":["CategoryBadges"],"fullName":"CategoryBadges renders nothing when categories array is empty","status":"passed","title":"renders nothing when categories array is empty","duration":1.1156000000000859,"failureMessages":[],"meta":{},"tags":[]},{"ancestorTitles":["CategoryBadges"],"fullName":"CategoryBadges limits display to maxVisible prop","status":"passed","title":"limits display to maxVisible prop","duration":3.7687999999998283,"failureMessages":[],"meta":{},"tags":[]}],"startTime":1780810444434,"endTime":1780810444473.7688,"status":"passed","message":"","name":"D:/Andy/Antigravity/schedule-event-v2/src/components/__tests__/CategoryBadges.test.tsx"},{"assertionResults":[{"ancestorTitles":["DraftProgressBadge"],"fullName":"DraftProgressBadge renders draft progress","status":"passed","title":"renders draft progress","duration":20.718399999999974,"failureMessages":[],"meta":{},"tags":[]},{"ancestorTitles":["DraftProgressBadge"],"fullName":"DraftProgressBadge renders confirm progress","status":"passed","title":"renders confirm progress","duration":2.1328000000000884,"failureMessages":[],"meta":{},"tags":[]},{"ancestorTitles":["DraftProgressBadge"],"fullName":"DraftProgressBadge renders cancel progress","status":"passed","title":"renders cancel progress","duration":1.8993000000000393,"failureMessages":[],"meta":{},"tags":[]}],"startTime":1780810444590,"endTime":1780810444614.8994,"status":"passed","message":"","name":"D:/Andy/Antigravity/schedule-event-v2/src/components/__tests__/DraftProgressBadge.test.tsx"},{"assertionResults":[{"ancestorTitles":["FilterBar"],"fullName":"FilterBar renders status tabs","status":"passed","title":"renders status tabs","duration":148.97079999999914,"failureMessages":[],"meta":{},"tags":[]},{"ancestorTitles":["FilterBar"],"fullName":"FilterBar highlights active status tab","status":"passed","title":"highlights active status tab","duration":33.2494999999999,"failureMessages":[],"meta":{},"tags":[]},{"ancestorTitles":["FilterBar"],"fullName":"FilterBar calls onFilterChange when status tab clicked","status":"passed","title":"calls onFilterChange when status tab clicked","duration":40.698599999999715,"failureMessages":[],"meta":{},"tags":[]},{"ancestorTitles":["FilterBar"],"fullName":"FilterBar hides draft tab when showDraft is false","status":"passed","title":"hides draft tab when showDraft is false","duration":29.616899999999987,"failureMessages":[],"meta":{},"tags":[]},{"ancestorTitles":["FilterBar"],"fullName":"FilterBar renders month dropdown","status":"passed","title":"renders month dropdown","duration":37.15729999999985,"failureMessages":[],"meta":{},"tags":[]},{"ancestorTitles":["FilterBar"],"fullName":"FilterBar renders category dropdown","status":"passed","title":"renders category dropdown","duration":27.734699999999975,"failureMessages":[],"meta":{},"tags":[]},{"ancestorTitles":["FilterBar"],"fullName":"FilterBar renders priority dropdown when showPriority is true","status":"passed","title":"renders priority dropdown when showPriority is true","duration":18.61110000000008,"failureMessages":[],"meta":{},"tags":[]},{"ancestorTitles":["FilterBar"],"fullName":"FilterBar hides priority dropdown when showPriority is false","status":"passed","title":"hides priority dropdown when showPriority is false","duration":13.016200000000026,"failureMessages":[],"meta":{},"tags":[]},{"ancestorTitles":["FilterBar"],"fullName":"FilterBar opens dropdown on click","status":"passed","title":"opens dropdown on click","duration":31.36200000000008,"failureMessages":[],"meta":{},"tags":[]}],"startTime":1780810444544,"endTime":1780810444924.362,"status":"passed","message":"","name":"D:/Andy/Antigravity/schedule-event-v2/src/components/__tests__/FilterBar.test.tsx"},{"assertionResults":[{"ancestorTitles":["PriorityBadge"],"fullName":"PriorityBadge renders high priority","status":"passed","title":"renders high priority","duration":23.887300000000096,"failureMessages":[],"meta":{},"tags":[]},{"ancestorTitles":["PriorityBadge"],"fullName":"PriorityBadge renders medium priority","status":"passed","title":"renders medium priority","duration":2.3032000000000608,"failureMessages":[],"meta":{},"tags":[]},{"ancestorTitles":["PriorityBadge"],"fullName":"PriorityBadge renders low priority","status":"passed","title":"renders low priority","duration":2.493299999999863,"failureMessages":[],"meta":{},"tags":[]},{"ancestorTitles":["PriorityBadge"],"fullName":"PriorityBadge has aria-label for accessibility","status":"passed","title":"has aria-label for accessibility","duration":5.037199999999984,"failureMessages":[],"meta":{},"tags":[]},{"ancestorTitles":["PriorityBadge"],"fullName":"PriorityBadge applies correct styling classes","status":"passed","title":"applies correct styling classes","duration":3.975800000000163,"failureMessages":[],"meta":{},"tags":[]}],"startTime":1780810444521,"endTime":1780810444558.9758,"status":"passed","message":"","name":"D:/Andy/Antigravity/schedule-event-v2/src/components/__tests__/PriorityBadge.test.tsx"},{"assertionResults":[{"ancestorTitles":["SearchBar"],"fullName":"SearchBar renders search input","status":"passed","title":"renders search input","duration":115.27630000000045,"failureMessages":[],"meta":{},"tags":[]},{"ancestorTitles":["SearchBar"],"fullName":"SearchBar displays current value","status":"passed","title":"displays current value","duration":15.761199999999917,"failureMessages":[],"meta":{},"tags":[]},{"ancestorTitles":["SearchBar"],"fullName":"SearchBar calls onChange when typing","status":"passed","title":"calls onChange when typing","duration":21.729200000000674,"failureMessages":[],"meta":{},"tags":[]},{"ancestorTitles":["SearchBar"],"fullName":"SearchBar shows clear button when value is not empty","status":"passed","title":"shows clear button when value is not empty","duration":10.394100000000435,"failureMessages":[],"meta":{},"tags":[]},{"ancestorTitles":["SearchBar"],"fullName":"SearchBar hides clear button when value is empty","status":"passed","title":"hides clear button when value is empty","duration":7.55449999999928,"failureMessages":[],"meta":{},"tags":[]},{"ancestorTitles":["SearchBar"],"fullName":"SearchBar clears value when clear button clicked","status":"passed","title":"clears value when clear button clicked","duration":14.194700000000012,"failureMessages":[],"meta":{},"tags":[]},{"ancestorTitles":["SearchBar"],"fullName":"SearchBar uses custom placeholder","status":"passed","title":"uses custom placeholder","duration":5.246100000000297,"failureMessages":[],"meta":{},"tags":[]}],"startTime":1780810444832,"endTime":1780810445022.246,"status":"passed","message":"","name":"D:/Andy/Antigravity/schedule-event-v2/src/components/__tests__/SearchBar.test.tsx"},{"assertionResults":[{"ancestorTitles":["StatCard"],"fullName":"StatCard renders with label and value","status":"passed","title":"renders with label and value","duration":37.683899999999994,"failureMessages":[],"meta":{},"tags":[]},{"ancestorTitles":["StatCard"],"fullName":"StatCard displays icon when provided","status":"passed","title":"displays icon when provided","duration":3.984399999999823,"failureMessages":[],"meta":{},"tags":[]},{"ancestorTitles":["StatCard"],"fullName":"StatCard renders subtitle when provided","status":"passed","title":"renders subtitle when provided","duration":3.264799999999923,"failureMessages":[],"meta":{},"tags":[]}],"startTime":1780810444400,"endTime":1780810444445.265,"status":"passed","message":"","name":"D:/Andy/Antigravity/schedule-event-v2/src/components/__tests__/StatCard.test.tsx"},{"assertionResults":[{"ancestorTitles":["StatusBadge"],"fullName":"StatusBadge renders draft status","status":"passed","title":"renders draft status","duration":33.141399999999976,"failureMessages":[],"meta":{},"tags":[]},{"ancestorTitles":["StatusBadge"],"fullName":"StatusBadge renders ongoing status","status":"passed","title":"renders ongoing status","duration":4.533500000000004,"failureMessages":[],"meta":{},"tags":[]},{"ancestorTitles":["StatusBadge"],"fullName":"StatusBadge renders upcoming status","status":"passed","title":"renders upcoming status","duration":3.9255000000000564,"failureMessages":[],"meta":{},"tags":[]},{"ancestorTitles":["StatusBadge"],"fullName":"StatusBadge renders past status","status":"passed","title":"renders past status","duration":3.087600000000066,"failureMessages":[],"meta":{},"tags":[]},{"ancestorTitles":["StatusBadge"],"fullName":"StatusBadge applies small size class","status":"passed","title":"applies small size class","duration":4.319899999999961,"failureMessages":[],"meta":{},"tags":[]},{"ancestorTitles":["StatusBadge"],"fullName":"StatusBadge applies medium size class by default","status":"passed","title":"applies medium size class by default","duration":2.276100000000042,"failureMessages":[],"meta":{},"tags":[]},{"ancestorTitles":["StatusBadge"],"fullName":"StatusBadge has aria-label for accessibility","status":"passed","title":"has aria-label for accessibility","duration":5.103800000000092,"failureMessages":[],"meta":{},"tags":[]}],"startTime":1780810444019,"endTime":1780810444075.1038,"status":"passed","message":"","name":"D:/Andy/Antigravity/schedule-event-v2/src/components/__tests__/StatusBadge.test.tsx"},{"assertionResults":[{"ancestorTitles":["Toast"],"fullName":"Toast renders nothing when no toasts","status":"passed","title":"renders nothing when no toasts","duration":46.6228000000001,"failureMessages":[],"meta":{},"tags":[]},{"ancestorTitles":["Toast"],"fullName":"Toast renders all toast messages","status":"passed","title":"renders all toast messages","duration":168.0529000000006,"failureMessages":[],"meta":{},"tags":[]},{"ancestorTitles":["Toast"],"fullName":"Toast calls onRemove when close button clicked","status":"passed","title":"calls onRemove when close button clicked","duration":33.90149999999994,"failureMessages":[],"meta":{},"tags":[]},{"ancestorTitles":["Toast"],"fullName":"Toast renders success toast with correct styling","status":"passed","title":"renders success toast with correct styling","duration":16.883299999999508,"failureMessages":[],"meta":{},"tags":[]},{"ancestorTitles":["Toast"],"fullName":"Toast renders error toast with correct styling","status":"passed","title":"renders error toast with correct styling","duration":15.051499999999578,"failureMessages":[],"meta":{},"tags":[]},{"ancestorTitles":["Toast"],"fullName":"Toast renders info toast","status":"passed","title":"renders info toast","duration":25.564800000000105,"failureMessages":[],"meta":{},"tags":[]}],"startTime":1780810444640,"endTime":1780810444946.5647,"status":"passed","message":"","name":"D:/Andy/Antigravity/schedule-event-v2/src/components/__tests__/Toast.test.tsx"},{"assertionResults":[{"ancestorTitles":["eventUtils","sortEvents"],"fullName":"eventUtils sortEvents sorts events by status order","status":"passed","title":"sorts events by status order","duration":1.2253000000000611,"failureMessages":[],"meta":{},"tags":[]},{"ancestorTitles":["eventUtils","sortEvents"],"fullName":"eventUtils sortEvents sorts by date within same status","status":"passed","title":"sorts by date within same status","duration":6.764000000000124,"failureMessages":[],"meta":{},"tags":[]},{"ancestorTitles":["eventUtils","parseDateStrLocal"],"fullName":"eventUtils parseDateStrLocal parses valid date string","status":"passed","title":"parses valid date string","duration":0.37179999999989377,"failureMessages":[],"meta":{},"tags":[]},{"ancestorTitles":["eventUtils","parseDateStrLocal"],"fullName":"eventUtils parseDateStrLocal returns null for invalid date","status":"passed","title":"returns null for invalid date","duration":0.1450999999999567,"failureMessages":[],"meta":{},"tags":[]},{"ancestorTitles":["eventUtils","recalculateStatuses"],"fullName":"eventUtils recalculateStatuses marks past events correctly","status":"passed","title":"marks past events correctly","duration":0.2613000000001193,"failureMessages":[],"meta":{},"tags":[]},{"ancestorTitles":["eventUtils","recalculateStatuses"],"fullName":"eventUtils recalculateStatuses preserves draft status","status":"passed","title":"preserves draft status","duration":0.09510000000000218,"failureMessages":[],"meta":{},"tags":[]},{"ancestorTitles":["eventUtils","generateRecurringDates"],"fullName":"eventUtils generateRecurringDates generates weekly recurring dates","status":"passed","title":"generates weekly recurring dates","duration":0.33209999999985484,"failureMessages":[],"meta":{},"tags":[]},{"ancestorTitles":["eventUtils","generateRecurringDates"],"fullName":"eventUtils generateRecurringDates generates monthly recurring dates","status":"passed","title":"generates monthly recurring dates","duration":0.1306000000001859,"failureMessages":[],"meta":{},"tags":[]},{"ancestorTitles":["eventUtils","generateRecurringDates"],"fullName":"eventUtils generateRecurringDates returns empty array for invalid dates","status":"passed","title":"returns empty array for invalid dates","duration":0.5739999999998417,"failureMessages":[],"meta":{},"tags":[]},{"ancestorTitles":["eventUtils","getStatus - multi-day events"],"fullName":"eventUtils getStatus - multi-day events marks multi-day event as past after end time on last day","status":"passed","title":"marks multi-day event as past after end time on last day","duration":0.6460999999999331,"failureMessages":[],"meta":{},"tags":[]},{"ancestorTitles":["eventUtils","getStatus - multi-day events"],"fullName":"eventUtils getStatus - multi-day events marks multi-day event as ongoing during end time on last day","status":"passed","title":"marks multi-day event as ongoing during end time on last day","duration":0.20199999999999818,"failureMessages":[],"meta":{},"tags":[]},{"ancestorTitles":["eventUtils","getStatus - multi-day events"],"fullName":"eventUtils getStatus - multi-day events marks multi-day event as ongoing on middle days","status":"passed","title":"marks multi-day event as ongoing on middle days","duration":0.09480000000007749,"failureMessages":[],"meta":{},"tags":[]},{"ancestorTitles":["eventUtils","getStatus - multi-day events"],"fullName":"eventUtils getStatus - multi-day events marks multi-day event as past after end date","status":"passed","title":"marks multi-day event as past after end date","duration":0.07470000000012078,"failureMessages":[],"meta":{},"tags":[]},{"ancestorTitles":["eventUtils","getStatus - multi-day events"],"fullName":"eventUtils getStatus - multi-day events marks multi-day event as upcoming before start date","status":"passed","title":"marks multi-day event as upcoming before start date","duration":0.09020000000009532,"failureMessages":[],"meta":{},"tags":[]}],"startTime":1780810445200,"endTime":1780810445212.09,"status":"passed","message":"","name":"D:/Andy/Antigravity/schedule-event-v2/src/utils/__tests__/eventUtils.test.ts"},{"assertionResults":[{"ancestorTitles":["Email Validation","Valid emails"],"fullName":"Email Validation Valid emails should accept standard email format","status":"passed","title":"should accept standard email format","duration":1.1844999999999573,"failureMessages":[],"meta":{},"tags":[]},{"ancestorTitles":["Email Validation","Valid emails"],"fullName":"Email Validation Valid emails should accept email with subdomain","status":"passed","title":"should accept email with subdomain","duration":0.19049999999992906,"failureMessages":[],"meta":{},"tags":[]},{"ancestorTitles":["Email Validation","Valid emails"],"fullName":"Email Validation Valid emails should accept email with numbers","status":"passed","title":"should accept email with numbers","duration":0.10149999999998727,"failureMessages":[],"meta":{},"tags":[]},{"ancestorTitles":["Email Validation","Valid emails"],"fullName":"Email Validation Valid emails should accept email with dots in local part","status":"passed","title":"should accept email with dots in local part","duration":0.09910000000002128,"failureMessages":[],"meta":{},"tags":[]},{"ancestorTitles":["Email Validation","Valid emails"],"fullName":"Email Validation Valid emails should accept email with plus sign","status":"passed","title":"should accept email with plus sign","duration":0.07950000000005275,"failureMessages":[],"meta":{},"tags":[]},{"ancestorTitles":["Email Validation","Valid emails"],"fullName":"Email Validation Valid emails should trim whitespace","status":"passed","title":"should trim whitespace","duration":0.06369999999992615,"failureMessages":[],"meta":{},"tags":[]},{"ancestorTitles":["Email Validation","Invalid emails"],"fullName":"Email Validation Invalid emails should reject empty string","status":"passed","title":"should reject empty string","duration":0.17790000000002237,"failureMessages":[],"meta":{},"tags":[]},{"ancestorTitles":["Email Validation","Invalid emails"],"fullName":"Email Validation Invalid emails should reject whitespace only","status":"passed","title":"should reject whitespace only","duration":0.11520000000007258,"failureMessages":[],"meta":{},"tags":[]},{"ancestorTitles":["Email Validation","Invalid emails"],"fullName":"Email Validation Invalid emails should reject email without @","status":"passed","title":"should reject email without @","duration":0.13779999999997017,"failureMessages":[],"meta":{},"tags":[]},{"ancestorTitles":["Email Validation","Invalid emails"],"fullName":"Email Validation Invalid emails should reject email without domain","status":"passed","title":"should reject email without domain","duration":0.1372000000000071,"failureMessages":[],"meta":{},"tags":[]},{"ancestorTitles":["Email Validation","Invalid emails"],"fullName":"Email Validation Invalid emails should reject email without local part","status":"passed","title":"should reject email without local part","duration":0.09739999999999327,"failureMessages":[],"meta":{},"tags":[]},{"ancestorTitles":["Email Validation","Invalid emails"],"fullName":"Email Validation Invalid emails should reject too short email","status":"passed","title":"should reject too short email","duration":0.06439999999997781,"failureMessages":[],"meta":{},"tags":[]},{"ancestorTitles":["Email Validation","Invalid emails"],"fullName":"Email Validation Invalid emails should reject too long email","status":"passed","title":"should reject too long email","duration":0.05810000000008131,"failureMessages":[],"meta":{},"tags":[]},{"ancestorTitles":["Email Validation","Invalid emails"],"fullName":"Email Validation Invalid emails should reject email with spaces","status":"passed","title":"should reject email with spaces","duration":0.0907999999999447,"failureMessages":[],"meta":{},"tags":[]},{"ancestorTitles":["Email Validation","Invalid emails"],"fullName":"Email Validation Invalid emails should reject multiple @ signs","status":"passed","title":"should reject multiple @ signs","duration":0.08399999999994634,"failureMessages":[],"meta":{},"tags":[]},{"ancestorTitles":["Email Validation","EMAIL_REGEX constant"],"fullName":"Email Validation EMAIL_REGEX constant should be exported and functional","status":"passed","title":"should be exported and functional","duration":0.07529999999997017,"failureMessages":[],"meta":{},"tags":[]},{"ancestorTitles":["Phone Validation","Valid phone numbers"],"fullName":"Phone Validation Valid phone numbers should accept 08xxx format","status":"passed","title":"should accept 08xxx format","duration":0.15820000000007894,"failureMessages":[],"meta":{},"tags":[]},{"ancestorTitles":["Phone Validation","Valid phone numbers"],"fullName":"Phone Validation Valid phone numbers should accept +628xxx format","status":"passed","title":"should accept +628xxx format","duration":0.0745000000000573,"failureMessages":[],"meta":{},"tags":[]},{"ancestorTitles":["Phone Validation","Valid phone numbers"],"fullName":"Phone Validation Valid phone numbers should accept 628xxx format","status":"passed","title":"should accept 628xxx format","duration":0.06839999999999691,"failureMessages":[],"meta":{},"tags":[]},{"ancestorTitles":["Phone Validation","Valid phone numbers"],"fullName":"Phone Validation Valid phone numbers should accept phone with spaces","status":"passed","title":"should accept phone with spaces","duration":0.0484000000000151,"failureMessages":[],"meta":{},"tags":[]},{"ancestorTitles":["Phone Validation","Valid phone numbers"],"fullName":"Phone Validation Valid phone numbers should accept phone with dashes","status":"passed","title":"should accept phone with dashes","duration":0.03240000000005239,"failureMessages":[],"meta":{},"tags":[]},{"ancestorTitles":["Phone Validation","Valid phone numbers"],"fullName":"Phone Validation Valid phone numbers should accept phone with mixed separators","status":"passed","title":"should accept phone with mixed separators","duration":0.03160000000002583,"failureMessages":[],"meta":{},"tags":[]},{"ancestorTitles":["Phone Validation","Valid phone numbers"],"fullName":"Phone Validation Valid phone numbers should accept minimum length (10 digits)","status":"passed","title":"should accept minimum length (10 digits)","duration":0.030200000000036198,"failureMessages":[],"meta":{},"tags":[]},{"ancestorTitles":["Phone Validation","Valid phone numbers"],"fullName":"Phone Validation Valid phone numbers should accept maximum length (14 digits)","status":"passed","title":"should accept maximum length (14 digits)","duration":0.02940000000000964,"failureMessages":[],"meta":{},"tags":[]},{"ancestorTitles":["Phone Validation","Valid phone numbers"],"fullName":"Phone Validation Valid phone numbers should trim whitespace","status":"passed","title":"should trim whitespace","duration":0.03929999999991196,"failureMessages":[],"meta":{},"tags":[]},{"ancestorTitles":["Phone Validation","Invalid phone numbers"],"fullName":"Phone Validation Invalid phone numbers should reject empty string","status":"passed","title":"should reject empty string","duration":0.06079999999997199,"failureMessages":[],"meta":{},"tags":[]},{"ancestorTitles":["Phone Validation","Invalid phone numbers"],"fullName":"Phone Validation Invalid phone numbers should reject whitespace only","status":"passed","title":"should reject whitespace only","duration":0.05009999999992942,"failureMessages":[],"meta":{},"tags":[]},{"ancestorTitles":["Phone Validation","Invalid phone numbers"],"fullName":"Phone Validation Invalid phone numbers should reject too short phone","status":"passed","title":"should reject too short phone","duration":0.04519999999990887,"failureMessages":[],"meta":{},"tags":[]},{"ancestorTitles":["Phone Validation","Invalid phone numbers"],"fullName":"Phone Validation Invalid phone numbers should reject too long phone","status":"passed","title":"should reject too long phone","duration":0.04060000000004038,"failureMessages":[],"meta":{},"tags":[]},{"ancestorTitles":["Phone Validation","Invalid phone numbers"],"fullName":"Phone Validation Invalid phone numbers should reject phone with letters","status":"passed","title":"should reject phone with letters","duration":0.05920000000003256,"failureMessages":[],"meta":{},"tags":[]},{"ancestorTitles":["Phone Validation","Invalid phone numbers"],"fullName":"Phone Validation Invalid phone numbers should reject phone with special characters","status":"passed","title":"should reject phone with special characters","duration":0.04200000000003001,"failureMessages":[],"meta":{},"tags":[]},{"ancestorTitles":["Phone Validation","Invalid phone numbers"],"fullName":"Phone Validation Invalid phone numbers should reject phone not starting with 08/+628/628","status":"passed","title":"should reject phone not starting with 08/+628/628","duration":0.04629999999997381,"failureMessages":[],"meta":{},"tags":[]},{"ancestorTitles":["Phone Validation","Invalid phone numbers"],"fullName":"Phone Validation Invalid phone numbers should reject phone starting with 09 (not valid Indonesian)","status":"passed","title":"should reject phone starting with 09 (not valid Indonesian)","duration":0.041200000000003456,"failureMessages":[],"meta":{},"tags":[]},{"ancestorTitles":["Phone Validation","Invalid phone numbers"],"fullName":"Phone Validation Invalid phone numbers should reject international non-Indonesian format","status":"passed","title":"should reject international non-Indonesian format","duration":0.038300000000049295,"failureMessages":[],"meta":{},"tags":[]},{"ancestorTitles":["Phone Validation","PHONE_REGEX constant"],"fullName":"Phone Validation PHONE_REGEX constant should be exported and functional","status":"passed","title":"should be exported and functional","duration":0.05570000000000164,"failureMessages":[],"meta":{},"tags":[]},{"ancestorTitles":["Instagram Validation","Valid Instagram inputs"],"fullName":"Instagram Validation Valid Instagram inputs should accept @username format","status":"passed","title":"should accept @username format","duration":0.13149999999995998,"failureMessages":[],"meta":{},"tags":[]},{"ancestorTitles":["Instagram Validation","Valid Instagram inputs"],"fullName":"Instagram Validation Valid Instagram inputs should accept plain username","status":"passed","title":"should accept plain username","duration":0.08349999999995816,"failureMessages":[],"meta":{},"tags":[]},{"ancestorTitles":["Instagram Validation","Valid Instagram inputs"],"fullName":"Instagram Validation Valid Instagram inputs should accept username with underscore","status":"passed","title":"should accept username with underscore","duration":0.04189999999994143,"failureMessages":[],"meta":{},"tags":[]},{"ancestorTitles":["Instagram Validation","Valid Instagram inputs"],"fullName":"Instagram Validation Valid Instagram inputs should accept username with dot","status":"passed","title":"should accept username with dot","duration":0.05969999999990705,"failureMessages":[],"meta":{},"tags":[]},{"ancestorTitles":["Instagram Validation","Valid Instagram inputs"],"fullName":"Instagram Validation Valid Instagram inputs should accept username with numbers","status":"passed","title":"should accept username with numbers","duration":0.03429999999991651,"failureMessages":[],"meta":{},"tags":[]},{"ancestorTitles":["Instagram Validation","Valid Instagram inputs"],"fullName":"Instagram Validation Valid Instagram inputs should accept https://instagram.com/username","status":"passed","title":"should accept https://instagram.com/username","duration":0.03089999999997417,"failureMessages":[],"meta":{},"tags":[]},{"ancestorTitles":["Instagram Validation","Valid Instagram inputs"],"fullName":"Instagram Validation Valid Instagram inputs should accept https://www.instagram.com/username","status":"passed","title":"should accept https://www.instagram.com/username","duration":0.03380000000004202,"failureMessages":[],"meta":{},"tags":[]},{"ancestorTitles":["Instagram Validation","Valid Instagram inputs"],"fullName":"Instagram Validation Valid Instagram inputs should accept Instagram URL with trailing slash","status":"passed","title":"should accept Instagram URL with trailing slash","duration":0.03120000000001255,"failureMessages":[],"meta":{},"tags":[]},{"ancestorTitles":["Instagram Validation","Valid Instagram inputs"],"fullName":"Instagram Validation Valid Instagram inputs should accept http://instagram.com/username","status":"passed","title":"should accept http://instagram.com/username","duration":0.032999999999901775,"failureMessages":[],"meta":{},"tags":[]},{"ancestorTitles":["Instagram Validation","Valid Instagram inputs"],"fullName":"Instagram Validation Valid Instagram inputs should accept empty string (optional field)","status":"passed","title":"should accept empty string (optional field)","duration":0.04110000000002856,"failureMessages":[],"meta":{},"tags":[]},{"ancestorTitles":["Instagram Validation","Valid Instagram inputs"],"fullName":"Instagram Validation Valid Instagram inputs should accept whitespace only (optional field)","status":"passed","title":"should accept whitespace only (optional field)","duration":0.03330000000005384,"failureMessages":[],"meta":{},"tags":[]},{"ancestorTitles":["Instagram Validation","Valid Instagram inputs"],"fullName":"Instagram Validation Valid Instagram inputs should trim whitespace","status":"passed","title":"should trim whitespace","duration":0.041299999999978354,"failureMessages":[],"meta":{},"tags":[]},{"ancestorTitles":["Instagram Validation","Valid Instagram inputs"],"fullName":"Instagram Validation Valid Instagram inputs should accept minimum length username (3 chars)","status":"passed","title":"should accept minimum length username (3 chars)","duration":0.03999999999996362,"failureMessages":[],"meta":{},"tags":[]},{"ancestorTitles":["Instagram Validation","Valid Instagram inputs"],"fullName":"Instagram Validation Valid Instagram inputs should accept maximum length username (30 chars)","status":"passed","title":"should accept maximum length username (30 chars)","duration":0.04229999999995471,"failureMessages":[],"meta":{},"tags":[]},{"ancestorTitles":["Instagram Validation","Invalid Instagram inputs"],"fullName":"Instagram Validation Invalid Instagram inputs should reject too long input","status":"passed","title":"should reject too long input","duration":0.11970000000007985,"failureMessages":[],"meta":{},"tags":[]},{"ancestorTitles":["Instagram Validation","Invalid Instagram inputs"],"fullName":"Instagram Validation Invalid Instagram inputs should reject username with spaces","status":"passed","title":"should reject username with spaces","duration":0.06199999999989814,"failureMessages":[],"meta":{},"tags":[]},{"ancestorTitles":["Instagram Validation","Invalid Instagram inputs"],"fullName":"Instagram Validation Invalid Instagram inputs should reject username with special characters","status":"passed","title":"should reject username with special characters","duration":0.045500000000060936,"failureMessages":[],"meta":{},"tags":[]},{"ancestorTitles":["Instagram Validation","Invalid Instagram inputs"],"fullName":"Instagram Validation Invalid Instagram inputs should reject non-Instagram URL","status":"passed","title":"should reject non-Instagram URL","duration":0.0625999999999749,"failureMessages":[],"meta":{},"tags":[]},{"ancestorTitles":["Instagram Validation","Invalid Instagram inputs"],"fullName":"Instagram Validation Invalid Instagram inputs should reject malicious URL","status":"passed","title":"should reject malicious URL","duration":0.05060000000003129,"failureMessages":[],"meta":{},"tags":[]},{"ancestorTitles":["Instagram Validation","Invalid Instagram inputs"],"fullName":"Instagram Validation Invalid Instagram inputs should reject random text","status":"passed","title":"should reject random text","duration":0.05319999999994707,"failureMessages":[],"meta":{},"tags":[]},{"ancestorTitles":["Instagram Validation","Invalid Instagram inputs"],"fullName":"Instagram Validation Invalid Instagram inputs should reject URL with path beyond username","status":"passed","title":"should reject URL with path beyond username","duration":0.041600000000016735,"failureMessages":[],"meta":{},"tags":[]},{"ancestorTitles":["Instagram Validation","INSTAGRAM_REGEX constant"],"fullName":"Instagram Validation INSTAGRAM_REGEX constant should be exported and functional","status":"passed","title":"should be exported and functional","duration":0.06520000000000437,"failureMessages":[],"meta":{},"tags":[]},{"ancestorTitles":["Edge Cases","Null and undefined handling"],"fullName":"Edge Cases Null and undefined handling validateEmail should handle null","status":"passed","title":"validateEmail should handle null","duration":0.03849999999999909,"failureMessages":[],"meta":{},"tags":[]},{"ancestorTitles":["Edge Cases","Null and undefined handling"],"fullName":"Edge Cases Null and undefined handling validateEmail should handle undefined","status":"passed","title":"validateEmail should handle undefined","duration":0.032100000000014006,"failureMessages":[],"meta":{},"tags":[]},{"ancestorTitles":["Edge Cases","Null and undefined handling"],"fullName":"Edge Cases Null and undefined handling validatePhone should handle null","status":"passed","title":"validatePhone should handle null","duration":0.02970000000004802,"failureMessages":[],"meta":{},"tags":[]},{"ancestorTitles":["Edge Cases","Null and undefined handling"],"fullName":"Edge Cases Null and undefined handling validatePhone should handle undefined","status":"passed","title":"validatePhone should handle undefined","duration":0.029299999999921056,"failureMessages":[],"meta":{},"tags":[]},{"ancestorTitles":["Edge Cases","Null and undefined handling"],"fullName":"Edge Cases Null and undefined handling validateInstagram should handle null (optional)","status":"passed","title":"validateInstagram should handle null (optional)","duration":0.02860000000009677,"failureMessages":[],"meta":{},"tags":[]},{"ancestorTitles":["Edge Cases","Null and undefined handling"],"fullName":"Edge Cases Null and undefined handling validateInstagram should handle undefined (optional)","status":"passed","title":"validateInstagram should handle undefined (optional)","duration":0.028199999999969805,"failureMessages":[],"meta":{},"tags":[]},{"ancestorTitles":["Edge Cases","Unicode and special characters"],"fullName":"Edge Cases Unicode and special characters validateEmail should reject emoji","status":"passed","title":"validateEmail should reject emoji","duration":0.07129999999995107,"failureMessages":[],"meta":{},"tags":[]},{"ancestorTitles":["Edge Cases","Unicode and special characters"],"fullName":"Edge Cases Unicode and special characters validatePhone should reject emoji","status":"passed","title":"validatePhone should reject emoji","duration":0.05789999999990414,"failureMessages":[],"meta":{},"tags":[]},{"ancestorTitles":["Edge Cases","Unicode and special characters"],"fullName":"Edge Cases Unicode and special characters validateInstagram should reject emoji in username","status":"passed","title":"validateInstagram should reject emoji in username","duration":0.0625999999999749,"failureMessages":[],"meta":{},"tags":[]},{"ancestorTitles":["Edge Cases","SQL injection attempts"],"fullName":"Edge Cases SQL injection attempts validatePhone should reject SQL injection","status":"passed","title":"validatePhone should reject SQL injection","duration":0.050700000000006185,"failureMessages":[],"meta":{},"tags":[]},{"ancestorTitles":["Edge Cases","SQL injection attempts"],"fullName":"Edge Cases SQL injection attempts validateInstagram should reject SQL injection","status":"passed","title":"validateInstagram should reject SQL injection","duration":0.06799999999998363,"failureMessages":[],"meta":{},"tags":[]},{"ancestorTitles":["Edge Cases","SQL injection attempts"],"fullName":"Edge Cases SQL injection attempts validatePhone should reject SQL injection","status":"passed","title":"validatePhone should reject SQL injection","duration":0.05669999999997799,"failureMessages":[],"meta":{},"tags":[]},{"ancestorTitles":["Edge Cases","SQL injection attempts"],"fullName":"Edge Cases SQL injection attempts validateInstagram should reject SQL injection","status":"passed","title":"validateInstagram should reject SQL injection","duration":0.04110000000002856,"failureMessages":[],"meta":{},"tags":[]},{"ancestorTitles":["Edge Cases","XSS attempts"],"fullName":"Edge Cases XSS attempts validateEmail should reject script tags","status":"passed","title":"validateEmail should reject script tags","duration":0.032100000000014006,"failureMessages":[],"meta":{},"tags":[]},{"ancestorTitles":["Edge Cases","XSS attempts"],"fullName":"Edge Cases XSS attempts validateInstagram should reject script in URL","status":"passed","title":"validateInstagram should reject script in URL","duration":0.03289999999992688,"failureMessages":[],"meta":{},"tags":[]}],"startTime":1780810445594,"endTime":1780810445600.068,"status":"passed","message":"","name":"D:/Andy/Antigravity/schedule-event-v2/src/utils/__tests__/validation.test.ts"},{"assertionResults":[{"ancestorTitles":["AdminBanner"],"fullName":"AdminBanner renders admin mode message","status":"passed","title":"renders admin mode message","duration":43.44470000000001,"failureMessages":[],"meta":{},"tags":[]},{"ancestorTitles":["AdminBanner"],"fullName":"AdminBanner renders logout button","status":"passed","title":"renders logout button","duration":5.2345000000000255,"failureMessages":[],"meta":{},"tags":[]},{"ancestorTitles":["AdminBanner"],"fullName":"AdminBanner calls onLogout when logout button clicked","status":"passed","title":"calls onLogout when logout button clicked","duration":8.943500000000313,"failureMessages":[],"meta":{},"tags":[]}],"startTime":1780810444910,"endTime":1780810444966.9436,"status":"passed","message":"","name":"D:/Andy/Antigravity/schedule-event-v2/src/components/dashboard/__tests__/AdminBanner.test.tsx"},{"assertionResults":[{"ancestorTitles":["DashboardHeader"],"fullName":"DashboardHeader renders admin heading when isAdmin is true","status":"passed","title":"renders admin heading when isAdmin is true","duration":134.69670000000042,"failureMessages":[],"meta":{},"tags":[]},{"ancestorTitles":["DashboardHeader"],"fullName":"DashboardHeader renders public heading when isAdmin is false","status":"passed","title":"renders public heading when isAdmin is false","duration":12.371000000000095,"failureMessages":[],"meta":{},"tags":[]},{"ancestorTitles":["DashboardHeader"],"fullName":"DashboardHeader shows admin controls when isAdmin is true","status":"failed","title":"shows admin controls when isAdmin is true","duration":49.94660000000022,"failureMessages":["TestingLibraryElementError: Unable to find an element with the text: Buat Surat. This could be because the text is broken up by multiple elements. In this case, you can provide a function for your text matcher to make your matcher more flexible.\n\nIgnored nodes: comments, script, style\n\u001b[36m<body>\u001b[39m\n  \u001b[36m<div>\u001b[39m\n    \u001b[36m<div\u001b[39m\n      \u001b[33mclass\u001b[39m=\u001b[32m\"flex flex-col gap-3 sm:flex-row sm:items-center sm:justify-between\"\u001b[39m\n    \u001b[36m>\u001b[39m\n      \u001b[36m<div>\u001b[39m\n        \u001b[36m<h1\u001b[39m\n          \u001b[33mclass\u001b[39m=\u001b[32m\"text-xl sm:text-2xl font-bold text-slate-900 dark:text-white\"\u001b[39m\n        \u001b[36m>\u001b[39m\n          \u001b[0mDashboard Event\u001b[0m\n        \u001b[36m</h1>\u001b[39m\n        \u001b[36m<p\u001b[39m\n          \u001b[33mclass\u001b[39m=\u001b[32m\"mt-0.5 text-sm text-slate-500 dark:text-slate-400\"\u001b[39m\n        \u001b[36m>\u001b[39m\n          \u001b[0mPantau & kelola semua acara\u001b[0m\n        \u001b[36m</p>\u001b[39m\n      \u001b[36m</div>\u001b[39m\n      \u001b[36m<div\u001b[39m\n        \u001b[33mclass\u001b[39m=\u001b[32m\"flex w-full flex-col items-stretch gap-2 sm:w-auto sm:flex-row sm:items-center\"\u001b[39m\n      \u001b[36m>\u001b[39m\n        \u001b[36m<div\u001b[39m\n          \u001b[33mclass\u001b[39m=\u001b[32m\"w-full sm:w-[320px]\"\u001b[39m\n        \u001b[36m>\u001b[39m\n          \u001b[36m<div\u001b[39m\n            \u001b[33mclass\u001b[39m=\u001b[32m\"relative group\"\u001b[39m\n          \u001b[36m>\u001b[39m\n            \u001b[36m<svg\u001b[39m\n              \u001b[33mclass\u001b[39m=\u001b[32m\"lucide lucide-search absolute left-3 top-1/2 h-4 w-4 -translate-y-1/2 transition-colors text-slate-400 group-focus-within:text-violet-500\"\u001b[39m\n              \u001b[33mfill\u001b[39m=\u001b[32m\"none\"\u001b[39m\n              \u001b[33mheight\u001b[39m=\u001b[32m\"24\"\u001b[39m\n              \u001b[33mstroke\u001b[39m=\u001b[32m\"currentColor\"\u001b[39m\n              \u001b[33mstroke-linecap\u001b[39m=\u001b[32m\"round\"\u001b[39m\n              \u001b[33mstroke-linejoin\u001b[39m=\u001b[32m\"round\"\u001b[39m\n              \u001b[33mstroke-width\u001b[39m=\u001b[32m\"2\"\u001b[39m\n              \u001b[33mviewBox\u001b[39m=\u001b[32m\"0 0 24 24\"\u001b[39m\n              \u001b[33mwidth\u001b[39m=\u001b[32m\"24\"\u001b[39m\n              \u001b[33mxmlns\u001b[39m=\u001b[32m\"http://www.w3.org/2000/svg\"\u001b[39m\n            \u001b[36m>\u001b[39m\n              \u001b[36m<circle\u001b[39m\n                \u001b[33mcx\u001b[39m=\u001b[32m\"11\"\u001b[39m\n                \u001b[33mcy\u001b[39m=\u001b[32m\"11\"\u001b[39m\n                \u001b[33mr\u001b[39m=\u001b[32m\"8\"\u001b[39m\n              \u001b[36m/>\u001b[39m\n              \u001b[36m<path\u001b[39m\n                \u001b[33md\u001b[39m=\u001b[32m\"m21 21-4.3-4.3\"\u001b[39m\n              \u001b[36m/>\u001b[39m\n            \u001b[36m</svg>\u001b[39m\n            \u001b[36m<input\u001b[39m\n              \u001b[33maria-label\u001b[39m=\u001b[32m\"Cari acara\"\u001b[39m\n              \u001b[33mclass\u001b[39m=\u001b[32m\"h-10 w-full rounded-xl border border-slate-200 bg-white py-2 pl-9 pr-16 text-sm text-slate-800 shadow-sm outline-none transition focus:border-violet-400 focus:ring-2 focus:ring-violet-100 dark:border-slate-700 dark:bg-slate-800 dark:text-white dark:focus:border-violet-500 dark:focus:ring-violet-900/30\"\u001b[39m\n              \u001b[33mmaxlength\u001b[39m=\u001b[32m\"100\"\u001b[39m\n              \u001b[33mplaceholder\u001b[39m=\u001b[32m\"Cari acara, lokasi, EO...\"\u001b[39m\n              \u001b[33mtype\u001b[39m=\u001b[32m\"search\"\u001b[39m\n              \u001b[33mvalue\u001b[39m=\u001b[32m\"\"\u001b[39m\n            \u001b[36m/>\u001b[39m\n            \u001b[36m<div\u001b[39m\n              \u001b[33mclass\u001b[39m=\u001b[32m\"absolute right-2 top-1/2 -translate-y-1/2 flex items-center gap-1\"\u001b[39m\n            \u001b[36m>\u001b[39m\n              \u001b[36m<kbd\u001b[39m\n                \u001b[33mclass\u001b[39m=\u001b[32m\"hidden sm:inline-flex rounded-md border border-slate-200 bg-slate-100 px-1.5 py-0.5 text-[10px] font-mono text-slate-400 dark:border-slate-600 dark:bg-slate-700 dark:text-slate-500 select-none\"\u001b[39m\n              \u001b[36m>\u001b[39m\n                \u001b[0m/\u001b[0m\n              \u001b[36m</kbd>\u001b[39m\n            \u001b[36m</div>\u001b[39m\n          \u001b[36m</div>\u001b[39m\n        \u001b[36m</div>\u001b[39m\n        \u001b[36m<button\u001b[39m\n          \u001b[33mclass\u001b[39m=\u001b[32m\"flex items-center justify-center gap-1.5 rounded-xl ui-gradient-primary ui-gradient-primary-hover px-4 py-2.5 text-sm font-semibold text-white shadow-md shadow-violet-200 transition focus-visible:outline-none focus-visible:ring-2 focus-visible:ring-violet-400 focus-visible:ring-offset-2 dark:shadow-violet-900/30 dark:focus-visible:ring-offset-slate-950 shrink-0\"\u001b[39m\n        \u001b[36m>\u001b[39m\n          \u001b[36m<svg\u001b[39m\n            \u001b[33mclass\u001b[39m=\u001b[32m\"lucide lucide-plus h-4 w-4\"\u001b[39m\n            \u001b[33mfill\u001b[39m=\u001b[32m\"none\"\u001b[39m\n            \u001b[33mheight\u001b[39m=\u001b[32m\"24\"\u001b[39m\n            \u001b[33mstroke\u001b[39m=\u001b[32m\"currentColor\"\u001b[39m\n            \u001b[33mstroke-linecap\u001b[39m=\u001b[32m\"round\"\u001b[39m\n            \u001b[33mstroke-linejoin\u001b[39m=\u001b[32m\"round\"\u001b[39m\n            \u001b[33mstroke-width\u001b[39m=\u001b[32m\"2\"\u001b[39m\n            \u001b[33mviewBox\u001b[39m=\u001b[32m\"0 0 24 24\"\u001b[39m\n            \u001b[33mwidth\u001b[39m=\u001b[32m\"24\"\u001b[39m\n            \u001b[33mxmlns\u001b[39m=\u001b[32m\"http://www.w3.org/2000/svg\"\u001b[39m\n          \u001b[36m>\u001b[39m\n            \u001b[36m<path\u001b[39m\n              \u001b[33md\u001b[39m=\u001b[32m\"M5 12h14\"\u001b[39m\n            \u001b[36m/>\u001b[39m\n            \u001b[36m<path\u001b[39m\n              \u001b[33md\u001b[39m=\u001b[32m\"M12 5v14\"\u001b[39m\n            \u001b[36m/>\u001b[39m\n          \u001b[36m</svg>\u001b[39m\n          \u001b[0m \u001b[0m\n          \u001b[36m<span>\u001b[39m\n            \u001b[0mTambah\u001b[0m\n          \u001b[36m</span>\u001b[39m\n        \u001b[36m</button>\u001b[39m\n      \u001b[36m</div>\u001b[39m\n    \u001b[36m</div>\u001b[39m\n  \u001b[36m</div>\u001b[39m\n\u001b[36m</body>\u001b[39m\n    at Object.getElementError (D:\\Andy\\Antigravity\\schedule-event-v2\\node_modules\\@testing-library\\dom\\dist\\config.js:37:19)\n    at D:\\Andy\\Antigravity\\schedule-event-v2\\node_modules\\@testing-library\\dom\\dist\\query-helpers.js:76:38\n    at D:\\Andy\\Antigravity\\schedule-event-v2\\node_modules\\@testing-library\\dom\\dist\\query-helpers.js:52:17\n    at D:\\Andy\\Antigravity\\schedule-event-v2\\node_modules\\@testing-library\\dom\\dist\\query-helpers.js:95:19\n    at D:/Andy/Antigravity/schedule-event-v2/src/components/dashboard/__tests__/DashboardHeader.test.tsx:35:19\n    at file:///D:/Andy/Antigravity/schedule-event-v2/node_modules/@vitest/runner/dist/chunk-artifact.js:302:11\n    at file:///D:/Andy/Antigravity/schedule-event-v2/node_modules/@vitest/runner/dist/chunk-artifact.js:1903:26\n    at file:///D:/Andy/Antigravity/schedule-event-v2/node_modules/@vitest/runner/dist/chunk-artifact.js:2326:20\n    at new Promise (<anonymous>)\n    at runWithCancel (file:///D:/Andy/Antigravity/schedule-event-v2/node_modules/@vitest/runner/dist/chunk-artifact.js:2323:10)"],"meta":{},"tags":[]},{"ancestorTitles":["DashboardHeader"],"fullName":"DashboardHeader hides admin controls when isAdmin is false","status":"passed","title":"hides admin controls when isAdmin is false","duration":16.76560000000063,"failureMessages":[],"meta":{},"tags":[]},{"ancestorTitles":["DashboardHeader"],"fullName":"DashboardHeader calls onAddNew when Tambah button clicked","status":"passed","title":"calls onAddNew when Tambah button clicked","duration":36.421799999999166,"failureMessages":[],"meta":{},"tags":[]},{"ancestorTitles":["DashboardHeader"],"fullName":"DashboardHeader toggles settings menu","status":"failed","title":"toggles settings menu","duration":45.78110000000015,"failureMessages":["TestingLibraryElementError: Unable to find a label with the text of: Menu pengaturan\n\nIgnored nodes: comments, script, style\n\u001b[36m<body>\u001b[39m\n  \u001b[36m<div>\u001b[39m\n    \u001b[36m<div\u001b[39m\n      \u001b[33mclass\u001b[39m=\u001b[32m\"flex flex-col gap-3 sm:flex-row sm:items-center sm:justify-between\"\u001b[39m\n    \u001b[36m>\u001b[39m\n      \u001b[36m<div>\u001b[39m\n        \u001b[36m<h1\u001b[39m\n          \u001b[33mclass\u001b[39m=\u001b[32m\"text-xl sm:text-2xl font-bold text-slate-900 dark:text-white\"\u001b[39m\n        \u001b[36m>\u001b[39m\n          \u001b[0mDashboard Event\u001b[0m\n        \u001b[36m</h1>\u001b[39m\n        \u001b[36m<p\u001b[39m\n          \u001b[33mclass\u001b[39m=\u001b[32m\"mt-0.5 text-sm text-slate-500 dark:text-slate-400\"\u001b[39m\n        \u001b[36m>\u001b[39m\n          \u001b[0mPantau & kelola semua acara\u001b[0m\n        \u001b[36m</p>\u001b[39m\n      \u001b[36m</div>\u001b[39m\n      \u001b[36m<div\u001b[39m\n        \u001b[33mclass\u001b[39m=\u001b[32m\"flex w-full flex-col items-stretch gap-2 sm:w-auto sm:flex-row sm:items-center\"\u001b[39m\n      \u001b[36m>\u001b[39m\n        \u001b[36m<div\u001b[39m\n          \u001b[33mclass\u001b[39m=\u001b[32m\"w-full sm:w-[320px]\"\u001b[39m\n        \u001b[36m>\u001b[39m\n          \u001b[36m<div\u001b[39m\n            \u001b[33mclass\u001b[39m=\u001b[32m\"relative group\"\u001b[39m\n          \u001b[36m>\u001b[39m\n            \u001b[36m<svg\u001b[39m\n              \u001b[33mclass\u001b[39m=\u001b[32m\"lucide lucide-search absolute left-3 top-1/2 h-4 w-4 -translate-y-1/2 transition-colors text-slate-400 group-focus-within:text-violet-500\"\u001b[39m\n              \u001b[33mfill\u001b[39m=\u001b[32m\"none\"\u001b[39m\n              \u001b[33mheight\u001b[39m=\u001b[32m\"24\"\u001b[39m\n              \u001b[33mstroke\u001b[39m=\u001b[32m\"currentColor\"\u001b[39m\n              \u001b[33mstroke-linecap\u001b[39m=\u001b[32m\"round\"\u001b[39m\n              \u001b[33mstroke-linejoin\u001b[39m=\u001b[32m\"round\"\u001b[39m\n              \u001b[33mstroke-width\u001b[39m=\u001b[32m\"2\"\u001b[39m\n              \u001b[33mviewBox\u001b[39m=\u001b[32m\"0 0 24 24\"\u001b[39m\n              \u001b[33mwidth\u001b[39m=\u001b[32m\"24\"\u001b[39m\n              \u001b[33mxmlns\u001b[39m=\u001b[32m\"http://www.w3.org/2000/svg\"\u001b[39m\n            \u001b[36m>\u001b[39m\n              \u001b[36m<circle\u001b[39m\n                \u001b[33mcx\u001b[39m=\u001b[32m\"11\"\u001b[39m\n                \u001b[33mcy\u001b[39m=\u001b[32m\"11\"\u001b[39m\n                \u001b[33mr\u001b[39m=\u001b[32m\"8\"\u001b[39m\n              \u001b[36m/>\u001b[39m\n              \u001b[36m<path\u001b[39m\n                \u001b[33md\u001b[39m=\u001b[32m\"m21 21-4.3-4.3\"\u001b[39m\n              \u001b[36m/>\u001b[39m\n            \u001b[36m</svg>\u001b[39m\n            \u001b[36m<input\u001b[39m\n              \u001b[33maria-label\u001b[39m=\u001b[32m\"Cari acara\"\u001b[39m\n              \u001b[33mclass\u001b[39m=\u001b[32m\"h-10 w-full rounded-xl border border-slate-200 bg-white py-2 pl-9 pr-16 text-sm text-slate-800 shadow-sm outline-none transition focus:border-violet-400 focus:ring-2 focus:ring-violet-100 dark:border-slate-700 dark:bg-slate-800 dark:text-white dark:focus:border-violet-500 dark:focus:ring-violet-900/30\"\u001b[39m\n              \u001b[33mmaxlength\u001b[39m=\u001b[32m\"100\"\u001b[39m\n              \u001b[33mplaceholder\u001b[39m=\u001b[32m\"Cari acara, lokasi, EO...\"\u001b[39m\n              \u001b[33mtype\u001b[39m=\u001b[32m\"search\"\u001b[39m\n              \u001b[33mvalue\u001b[39m=\u001b[32m\"\"\u001b[39m\n            \u001b[36m/>\u001b[39m\n            \u001b[36m<div\u001b[39m\n              \u001b[33mclass\u001b[39m=\u001b[32m\"absolute right-2 top-1/2 -translate-y-1/2 flex items-center gap-1\"\u001b[39m\n            \u001b[36m>\u001b[39m\n              \u001b[36m<kbd\u001b[39m\n                \u001b[33mclass\u001b[39m=\u001b[32m\"hidden sm:inline-flex rounded-md border border-slate-200 bg-slate-100 px-1.5 py-0.5 text-[10px] font-mono text-slate-400 dark:border-slate-600 dark:bg-slate-700 dark:text-slate-500 select-none\"\u001b[39m\n              \u001b[36m>\u001b[39m\n                \u001b[0m/\u001b[0m\n              \u001b[36m</kbd>\u001b[39m\n            \u001b[36m</div>\u001b[39m\n          \u001b[36m</div>\u001b[39m\n        \u001b[36m</div>\u001b[39m\n        \u001b[36m<button\u001b[39m\n          \u001b[33mclass\u001b[39m=\u001b[32m\"flex items-center justify-center gap-1.5 rounded-xl ui-gradient-primary ui-gradient-primary-hover px-4 py-2.5 text-sm font-semibold text-white shadow-md shadow-violet-200 transition focus-visible:outline-none focus-visible:ring-2 focus-visible:ring-violet-400 focus-visible:ring-offset-2 dark:shadow-violet-900/30 dark:focus-visible:ring-offset-slate-950 shrink-0\"\u001b[39m\n        \u001b[36m>\u001b[39m\n          \u001b[36m<svg\u001b[39m\n            \u001b[33mclass\u001b[39m=\u001b[32m\"lucide lucide-plus h-4 w-4\"\u001b[39m\n            \u001b[33mfill\u001b[39m=\u001b[32m\"none\"\u001b[39m\n            \u001b[33mheight\u001b[39m=\u001b[32m\"24\"\u001b[39m\n            \u001b[33mstroke\u001b[39m=\u001b[32m\"currentColor\"\u001b[39m\n            \u001b[33mstroke-linecap\u001b[39m=\u001b[32m\"round\"\u001b[39m\n            \u001b[33mstroke-linejoin\u001b[39m=\u001b[32m\"round\"\u001b[39m\n            \u001b[33mstroke-width\u001b[39m=\u001b[32m\"2\"\u001b[39m\n            \u001b[33mviewBox\u001b[39m=\u001b[32m\"0 0 24 24\"\u001b[39m\n            \u001b[33mwidth\u001b[39m=\u001b[32m\"24\"\u001b[39m\n            \u001b[33mxmlns\u001b[39m=\u001b[32m\"http://www.w3.org/2000/svg\"\u001b[39m\n          \u001b[36m>\u001b[39m\n            \u001b[36m<path\u001b[39m\n              \u001b[33md\u001b[39m=\u001b[32m\"M5 12h14\"\u001b[39m\n            \u001b[36m/>\u001b[39m\n            \u001b[36m<path\u001b[39m\n              \u001b[33md\u001b[39m=\u001b[32m\"M12 5v14\"\u001b[39m\n            \u001b[36m/>\u001b[39m\n          \u001b[36m</svg>\u001b[39m\n          \u001b[0m \u001b[0m\n          \u001b[36m<span>\u001b[39m\n            \u001b[0mTambah\u001b[0m\n          \u001b[36m</span>\u001b[39m\n        \u001b[36m</button>\u001b[39m\n      \u001b[36m</div>\u001b[39m\n    \u001b[36m</div>\u001b[39m\n  \u001b[36m</div>\u001b[39m\n\u001b[36m</body>\u001b[39m\n    at Object.getElementError (D:\\Andy\\Antigravity\\schedule-event-v2\\node_modules\\@testing-library\\dom\\dist\\config.js:37:19)\n    at getAllByLabelText (D:\\Andy\\Antigravity\\schedule-event-v2\\node_modules\\@testing-library\\dom\\dist\\queries\\label-text.js:111:38)\n    at D:\\Andy\\Antigravity\\schedule-event-v2\\node_modules\\@testing-library\\dom\\dist\\query-helpers.js:52:17\n    at D:\\Andy\\Antigravity\\schedule-event-v2\\node_modules\\@testing-library\\dom\\dist\\query-helpers.js:95:19\n    at D:/Andy/Antigravity/schedule-event-v2/src/components/dashboard/__tests__/DashboardHeader.test.tsx:52:32\n    at file:///D:/Andy/Antigravity/schedule-event-v2/node_modules/@vitest/runner/dist/chunk-artifact.js:302:11\n    at file:///D:/Andy/Antigravity/schedule-event-v2/node_modules/@vitest/runner/dist/chunk-artifact.js:1903:26\n    at file:///D:/Andy/Antigravity/schedule-event-v2/node_modules/@vitest/runner/dist/chunk-artifact.js:2326:20\n    at new Promise (<anonymous>)\n    at runWithCancel (file:///D:/Andy/Antigravity/schedule-event-v2/node_modules/@vitest/runner/dist/chunk-artifact.js:2323:10)"],"meta":{},"tags":[]},{"ancestorTitles":["DashboardHeader"],"fullName":"DashboardHeader shows settings menu items when open","status":"failed","title":"shows settings menu items when open","duration":18.276699999999437,"failureMessages":["TestingLibraryElementError: Unable to find an element with the text: Landing Page. This could be because the text is broken up by multiple elements. In this case, you can provide a function for your text matcher to make your matcher more flexible.\n\nIgnored nodes: comments, script, style\n\u001b[36m<body>\u001b[39m\n  \u001b[36m<div>\u001b[39m\n    \u001b[36m<div\u001b[39m\n      \u001b[33mclass\u001b[39m=\u001b[32m\"flex flex-col gap-3 sm:flex-row sm:items-center sm:justify-between\"\u001b[39m\n    \u001b[36m>\u001b[39m\n      \u001b[36m<div>\u001b[39m\n        \u001b[36m<h1\u001b[39m\n          \u001b[33mclass\u001b[39m=\u001b[32m\"text-xl sm:text-2xl font-bold text-slate-900 dark:text-white\"\u001b[39m\n        \u001b[36m>\u001b[39m\n          \u001b[0mDashboard Event\u001b[0m\n        \u001b[36m</h1>\u001b[39m\n        \u001b[36m<p\u001b[39m\n          \u001b[33mclass\u001b[39m=\u001b[32m\"mt-0.5 text-sm text-slate-500 dark:text-slate-400\"\u001b[39m\n        \u001b[36m>\u001b[39m\n          \u001b[0mPantau & kelola semua acara\u001b[0m\n        \u001b[36m</p>\u001b[39m\n      \u001b[36m</div>\u001b[39m\n      \u001b[36m<div\u001b[39m\n        \u001b[33mclass\u001b[39m=\u001b[32m\"flex w-full flex-col items-stretch gap-2 sm:w-auto sm:flex-row sm:items-center\"\u001b[39m\n      \u001b[36m>\u001b[39m\n        \u001b[36m<div\u001b[39m\n          \u001b[33mclass\u001b[39m=\u001b[32m\"w-full sm:w-[320px]\"\u001b[39m\n        \u001b[36m>\u001b[39m\n          \u001b[36m<div\u001b[39m\n            \u001b[33mclass\u001b[39m=\u001b[32m\"relative group\"\u001b[39m\n          \u001b[36m>\u001b[39m\n            \u001b[36m<svg\u001b[39m\n              \u001b[33mclass\u001b[39m=\u001b[32m\"lucide lucide-search absolute left-3 top-1/2 h-4 w-4 -translate-y-1/2 transition-colors text-slate-400 group-focus-within:text-violet-500\"\u001b[39m\n              \u001b[33mfill\u001b[39m=\u001b[32m\"none\"\u001b[39m\n              \u001b[33mheight\u001b[39m=\u001b[32m\"24\"\u001b[39m\n              \u001b[33mstroke\u001b[39m=\u001b[32m\"currentColor\"\u001b[39m\n              \u001b[33mstroke-linecap\u001b[39m=\u001b[32m\"round\"\u001b[39m\n              \u001b[33mstroke-linejoin\u001b[39m=\u001b[32m\"round\"\u001b[39m\n              \u001b[33mstroke-width\u001b[39m=\u001b[32m\"2\"\u001b[39m\n              \u001b[33mviewBox\u001b[39m=\u001b[32m\"0 0 24 24\"\u001b[39m\n              \u001b[33mwidth\u001b[39m=\u001b[32m\"24\"\u001b[39m\n              \u001b[33mxmlns\u001b[39m=\u001b[32m\"http://www.w3.org/2000/svg\"\u001b[39m\n            \u001b[36m>\u001b[39m\n              \u001b[36m<circle\u001b[39m\n                \u001b[33mcx\u001b[39m=\u001b[32m\"11\"\u001b[39m\n                \u001b[33mcy\u001b[39m=\u001b[32m\"11\"\u001b[39m\n                \u001b[33mr\u001b[39m=\u001b[32m\"8\"\u001b[39m\n              \u001b[36m/>\u001b[39m\n              \u001b[36m<path\u001b[39m\n                \u001b[33md\u001b[39m=\u001b[32m\"m21 21-4.3-4.3\"\u001b[39m\n              \u001b[36m/>\u001b[39m\n            \u001b[36m</svg>\u001b[39m\n            \u001b[36m<input\u001b[39m\n              \u001b[33maria-label\u001b[39m=\u001b[32m\"Cari acara\"\u001b[39m\n              \u001b[33mclass\u001b[39m=\u001b[32m\"h-10 w-full rounded-xl border border-slate-200 bg-white py-2 pl-9 pr-16 text-sm text-slate-800 shadow-sm outline-none transition focus:border-violet-400 focus:ring-2 focus:ring-violet-100 dark:border-slate-700 dark:bg-slate-800 dark:text-white dark:focus:border-violet-500 dark:focus:ring-violet-900/30\"\u001b[39m\n              \u001b[33mmaxlength\u001b[39m=\u001b[32m\"100\"\u001b[39m\n              \u001b[33mplaceholder\u001b[39m=\u001b[32m\"Cari acara, lokasi, EO...\"\u001b[39m\n              \u001b[33mtype\u001b[39m=\u001b[32m\"search\"\u001b[39m\n              \u001b[33mvalue\u001b[39m=\u001b[32m\"\"\u001b[39m\n            \u001b[36m/>\u001b[39m\n            \u001b[36m<div\u001b[39m\n              \u001b[33mclass\u001b[39m=\u001b[32m\"absolute right-2 top-1/2 -translate-y-1/2 flex items-center gap-1\"\u001b[39m\n            \u001b[36m>\u001b[39m\n              \u001b[36m<kbd\u001b[39m\n                \u001b[33mclass\u001b[39m=\u001b[32m\"hidden sm:inline-flex rounded-md border border-slate-200 bg-slate-100 px-1.5 py-0.5 text-[10px] font-mono text-slate-400 dark:border-slate-600 dark:bg-slate-700 dark:text-slate-500 select-none\"\u001b[39m\n              \u001b[36m>\u001b[39m\n                \u001b[0m/\u001b[0m\n              \u001b[36m</kbd>\u001b[39m\n            \u001b[36m</div>\u001b[39m\n          \u001b[36m</div>\u001b[39m\n        \u001b[36m</div>\u001b[39m\n        \u001b[36m<button\u001b[39m\n          \u001b[33mclass\u001b[39m=\u001b[32m\"flex items-center justify-center gap-1.5 rounded-xl ui-gradient-primary ui-gradient-primary-hover px-4 py-2.5 text-sm font-semibold text-white shadow-md shadow-violet-200 transition focus-visible:outline-none focus-visible:ring-2 focus-visible:ring-violet-400 focus-visible:ring-offset-2 dark:shadow-violet-900/30 dark:focus-visible:ring-offset-slate-950 shrink-0\"\u001b[39m\n        \u001b[36m>\u001b[39m\n          \u001b[36m<svg\u001b[39m\n            \u001b[33mclass\u001b[39m=\u001b[32m\"lucide lucide-plus h-4 w-4\"\u001b[39m\n            \u001b[33mfill\u001b[39m=\u001b[32m\"none\"\u001b[39m\n            \u001b[33mheight\u001b[39m=\u001b[32m\"24\"\u001b[39m\n            \u001b[33mstroke\u001b[39m=\u001b[32m\"currentColor\"\u001b[39m\n            \u001b[33mstroke-linecap\u001b[39m=\u001b[32m\"round\"\u001b[39m\n            \u001b[33mstroke-linejoin\u001b[39m=\u001b[32m\"round\"\u001b[39m\n            \u001b[33mstroke-width\u001b[39m=\u001b[32m\"2\"\u001b[39m\n            \u001b[33mviewBox\u001b[39m=\u001b[32m\"0 0 24 24\"\u001b[39m\n            \u001b[33mwidth\u001b[39m=\u001b[32m\"24\"\u001b[39m\n            \u001b[33mxmlns\u001b[39m=\u001b[32m\"http://www.w3.org/2000/svg\"\u001b[39m\n          \u001b[36m>\u001b[39m\n            \u001b[36m<path\u001b[39m\n              \u001b[33md\u001b[39m=\u001b[32m\"M5 12h14\"\u001b[39m\n            \u001b[36m/>\u001b[39m\n            \u001b[36m<path\u001b[39m\n              \u001b[33md\u001b[39m=\u001b[32m\"M12 5v14\"\u001b[39m\n            \u001b[36m/>\u001b[39m\n          \u001b[36m</svg>\u001b[39m\n          \u001b[0m \u001b[0m\n          \u001b[36m<span>\u001b[39m\n            \u001b[0mTambah\u001b[0m\n          \u001b[36m</span>\u001b[39m\n        \u001b[36m</button>\u001b[39m\n      \u001b[36m</div>\u001b[39m\n    \u001b[36m</div>\u001b[39m\n  \u001b[36m</div>\u001b[39m\n\u001b[36m</body>\u001b[39m\n    at Object.getElementError (D:\\Andy\\Antigravity\\schedule-event-v2\\node_modules\\@testing-library\\dom\\dist\\config.js:37:19)\n    at D:\\Andy\\Antigravity\\schedule-event-v2\\node_modules\\@testing-library\\dom\\dist\\query-helpers.js:76:38\n    at D:\\Andy\\Antigravity\\schedule-event-v2\\node_modules\\@testing-library\\dom\\dist\\query-helpers.js:52:17\n    at D:\\Andy\\Antigravity\\schedule-event-v2\\node_modules\\@testing-library\\dom\\dist\\query-helpers.js:95:19\n    at D:/Andy/Antigravity/schedule-event-v2/src/components/dashboard/__tests__/DashboardHeader.test.tsx:59:19\n    at file:///D:/Andy/Antigravity/schedule-event-v2/node_modules/@vitest/runner/dist/chunk-artifact.js:302:11\n    at file:///D:/Andy/Antigravity/schedule-event-v2/node_modules/@vitest/runner/dist/chunk-artifact.js:1903:26\n    at file:///D:/Andy/Antigravity/schedule-event-v2/node_modules/@vitest/runner/dist/chunk-artifact.js:2326:20\n    at new Promise (<anonymous>)\n    at runWithCancel (file:///D:/Andy/Antigravity/schedule-event-v2/node_modules/@vitest/runner/dist/chunk-artifact.js:2323:10)"],"meta":{},"tags":[]}],"startTime":1780810444552,"endTime":1780810444866.2766,"status":"failed","message":"","name":"D:/Andy/Antigravity/schedule-event-v2/src/components/dashboard/__tests__/DashboardHeader.test.tsx"},{"assertionResults":[{"ancestorTitles":["DashboardStats"],"fullName":"DashboardStats renders all stat cards","status":"passed","title":"renders all stat cards","duration":218.6343999999999,"failureMessages":[],"meta":{},"tags":[]},{"ancestorTitles":["DashboardStats"],"fullName":"DashboardStats displays correct stat values","status":"passed","title":"displays correct stat values","duration":44.01249999999982,"failureMessages":[],"meta":{},"tags":[]},{"ancestorTitles":["DashboardStats"],"fullName":"DashboardStats renders subtitles","status":"passed","title":"renders subtitles","duration":54.437299999999595,"failureMessages":[],"meta":{},"tags":[]}],"startTime":1780810444479,"endTime":1780810444796.4373,"status":"passed","message":"","name":"D:/Andy/Antigravity/schedule-event-v2/src/components/dashboard/__tests__/DashboardStats.test.tsx"},{"assertionResults":[{"ancestorTitles":["CommunityBenefits"],"fullName":"CommunityBenefits renders section heading","status":"passed","title":"renders section heading","duration":337.7435999999998,"failureMessages":[],"meta":{},"tags":[]},{"ancestorTitles":["CommunityBenefits"],"fullName":"CommunityBenefits renders all 4 benefit cards","status":"failed","title":"renders all 4 benefit cards","duration":71.7502999999997,"failureMessages":["TestingLibraryElementError: Unable to find an element with the text: Sponsorship Opportunities. This could be because the text is broken up by multiple elements. In this case, you can provide a function for your text matcher to make your matcher more flexible.\n\nIgnored nodes: comments, script, style\n\u001b[36m<body>\u001b[39m\n  \u001b[36m<div>\u001b[39m\n    \u001b[36m<section\u001b[39m\n      \u001b[33mclass\u001b[39m=\u001b[32m\"reveal-on-scroll reveal-strong  px-4 py-16 sm:px-6 sm:py-24 lg:py-32\"\u001b[39m\n      \u001b[33mid\u001b[39m=\u001b[32m\"benefits\"\u001b[39m\n    \u001b[36m>\u001b[39m\n      \u001b[36m<div\u001b[39m\n        \u001b[33mclass\u001b[39m=\u001b[32m\"reveal-stage\"\u001b[39m\n      \u001b[36m>\u001b[39m\n        \u001b[36m<div\u001b[39m\n          \u001b[33mclass\u001b[39m=\u001b[32m\"mx-auto max-w-7xl\"\u001b[39m\n        \u001b[36m>\u001b[39m\n          \u001b[36m<div\u001b[39m\n            \u001b[33mclass\u001b[39m=\u001b[32m\"text-center\"\u001b[39m\n          \u001b[36m>\u001b[39m\n            \u001b[36m<p\u001b[39m\n              \u001b[33mclass\u001b[39m=\u001b[32m\"text-[11px] font-semibold uppercase tracking-[0.3em] text-violet-600\"\u001b[39m\n            \u001b[36m>\u001b[39m\n              \u001b[0mKenapa Gabung\u001b[0m\n            \u001b[36m</p>\u001b[39m\n            \u001b[36m<h2\u001b[39m\n              \u001b[33mclass\u001b[39m=\u001b[32m\"mt-3 text-4xl font-bold leading-tight text-slate-950 dark:text-white sm:text-5xl\"\u001b[39m\n            \u001b[36m>\u001b[39m\n              \u001b[0mBukan cuma dikasih space.\u001b[0m\n            \u001b[36m</h2>\u001b[39m\n            \u001b[36m<p\u001b[39m\n              \u001b[33mclass\u001b[39m=\u001b[32m\"mx-auto mt-4 max-w-2xl text-base leading-7 ui-text-secondary\"\u001b[39m\n            \u001b[36m>\u001b[39m\n              \u001b[0mKamu juga didukung untuk berkembang. Dari sponsorship sampai promosi, semua untuk memperbesar jangkauan komunitas kamu.\u001b[0m\n            \u001b[36m</p>\u001b[39m\n          \u001b[36m</div>\u001b[39m\n          \u001b[36m<div\u001b[39m\n            \u001b[33mclass\u001b[39m=\u001b[32m\"mt-10 grid gap-5 sm:mt-14 sm:grid-cols-2 lg:mt-16 lg:grid-cols-4\"\u001b[39m\n          \u001b[36m>\u001b[39m\n            \u001b[36m<div\u001b[39m\n              \u001b[33mclass\u001b[39m=\u001b[32m\"ui-campaign-card group relative overflow-hidden p-6 transition-all duration-300 hover:-translate-y-1 hover:shadow-xl motion-reduce:transform-none motion-reduce:transition-none\"\u001b[39m\n              \u001b[33mstyle\u001b[39m=\u001b[32m\"--accent-color: #f59e0b;\"\u001b[39m\n            \u001b[36m>\u001b[39m\n              \u001b[36m<div\u001b[39m\n                \u001b[33mclass\u001b[39m=\u001b[32m\"absolute left-0 right-0 top-0 h-1 transition-all duration-300 group-hover:h-2\"\u001b[39m\n                \u001b[33mstyle\u001b[39m=\u001b[32m\"background: rgb(245, 158, 11);\"\u001b[39m\n              \u001b[36m/>\u001b[39m\n              \u001b[36m<div\u001b[39m\n                \u001b[33mclass\u001b[39m=\u001b[32m\"flex h-14 w-14 items-center justify-center rounded-xl transition-transform duration-300 group-hover:scale-110\"\u001b[39m\n                \u001b[33mstyle\u001b[39m=\u001b[32m\"background: rgba(245, 158, 11, 0.082); color: rgb(245, 158, 11);\"\u001b[39m\n              \u001b[36m>\u001b[39m\n                \u001b[36m<svg\u001b[39m\n                  \u001b[33maria-hidden\u001b[39m=\u001b[32m\"true\"\u001b[39m\n                  \u001b[33mclass\u001b[39m=\u001b[32m\"lucide lucide-trophy h-7 w-7\"\u001b[39m\n                  \u001b[33mfill\u001b[39m=\u001b[32m\"none\"\u001b[39m\n                  \u001b[33mheight\u001b[39m=\u001b[32m\"24\"\u001b[39m\n                  \u001b[33mstroke\u001b[39m=\u001b[32m\"currentColor\"\u001b[39m\n                  \u001b[33mstroke-linecap\u001b[39m=\u001b[32m\"round\"\u001b[39m\n                  \u001b[33mstroke-linejoin\u001b[39m=\u001b[32m\"round\"\u001b[39m\n                  \u001b[33mstroke-width\u001b[39m=\u001b[32m\"2\"\u001b[39m\n                  \u001b[33mviewBox\u001b[39m=\u001b[32m\"0 0 24 24\"\u001b[39m\n                  \u001b[33mwidth\u001b[39m=\u001b[32m\"24\"\u001b[39m\n                  \u001b[33mxmlns\u001b[39m=\u001b[32m\"http://www.w3.org/2000/svg\"\u001b[39m\n                \u001b[36m>\u001b[39m\n                  \u001b[36m<path\u001b[39m\n                    \u001b[33md\u001b[39m=\u001b[32m\"M6 9H4.5a2.5 2.5 0 0 1 0-5H6\"\u001b[39m\n                  \u001b[36m/>\u001b[39m\n                  \u001b[36m<path\u001b[39m\n                    \u001b[33md\u001b[39m=\u001b[32m\"M18 9h1.5a2.5 2.5 0 0 0 0-5H18\"\u001b[39m\n                  \u001b[36m/>\u001b[39m\n                  \u001b[36m<path\u001b[39m\n                    \u001b[33md\u001b[39m=\u001b[32m\"M4 22h16\"\u001b[39m\n                  \u001b[36m/>\u001b[39m\n                  \u001b[36m<path\u001b[39m\n                    \u001b[33md\u001b[39m=\u001b[32m\"M10 14.66V17c0 .55-.47.98-.97 1.21C7.85 18.75 7 20.24 7 22\"\u001b[39m\n                  \u001b[36m/>\u001b[39m\n                  \u
[...]
ame":"CommunitySteps renders step descriptions","status":"failed","title":"renders step descriptions","duration":15.674399999999878,"failureMessages":["TestingLibraryElementError: Unable to find an element with the text: /Isi form pendaftaran komunitas/. This could be because the text is broken up by multiple elements. In this case, you can provide a function for your text matcher to make your matcher more flexible.\n\nIgnored nodes: comments, script, style\n\u001b[36m<body>\u001b[39m\n  \u001b[36m<div>\u001b[39m\n    \u001b[36m<section\u001b[39m\n      \u001b[33mclass\u001b[39m=\u001b[32m\"reveal-on-scroll reveal-strong  px-4 py-16 sm:px-6 sm:py-24 lg:py-32\"\u001b[39m\n      \u001b[33mid\u001b[39m=\u001b[32m\"how\"\u001b[39m\n    \u001b[36m>\u001b[39m\n      \u001b[36m<div\u001b[39m\n        \u001b[33mclass\u001b[39m=\u001b[32m\"reveal-stage\"\u001b[39m\n      \u001b[36m>\u001b[39m\n        \u001b[36m<div\u001b[39m\n          \u001b[33mclass\u001b[39m=\u001b[32m\"mx-auto max-w-7xl\"\u001b[39m\n        \u001b[36m>\u001b[39m\n          \u001b[36m<div\u001b[39m\n            \u001b[33mclass\u001b[39m=\u001b[32m\"text-center\"\u001b[39m\n          \u001b[36m>\u001b[39m\n            \u001b[36m<p\u001b[39m\n              \u001b[33mclass\u001b[39m=\u001b[32m\"text-[11px] font-semibold uppercase tracking-[0.3em] text-violet-600\"\u001b[39m\n            \u001b[36m>\u001b[39m\n              \u001b[0mCara Daftar\u001b[0m\n            \u001b[36m</p>\u001b[39m\n            \u001b[36m<h2\u001b[39m\n              \u001b[33mclass\u001b[39m=\u001b[32m\"mt-3 text-4xl font-bold leading-tight text-slate-950 dark:text-white sm:text-5xl\"\u001b[39m\n            \u001b[36m>\u001b[39m\n              \u001b[0mGampang banget, cuma 4 langkah.\u001b[0m\n            \u001b[36m</h2>\u001b[39m\n          \u001b[36m</div>\u001b[39m\n          \u001b[36m<div\u001b[39m\n            \u001b[33mclass\u001b[39m=\u001b[32m\"mt-10 grid gap-6 sm:mt-14 sm:grid-cols-2 lg:mt-16 lg:grid-cols-4\"\u001b[39m\n          \u001b[36m>\u001b[39m\n            \u001b[36m<div\u001b[39m\n              \u001b[33mclass\u001b[39m=\u001b[32m\"relative\"\u001b[39m\n            \u001b[36m>\u001b[39m\n              \u001b[36m<div\u001b[39m\n                \u001b[33mclass\u001b[39m=\u001b[32m\"absolute right-0 top-10 hidden h-0.5 w-full translate-x-1/2 bg-gradient-to-r from-violet-400/40 to-transparent dark:from-violet-500/30 lg:block\"\u001b[39m\n              \u001b[36m/>\u001b[39m\n              \u001b[36m<div\u001b[39m\n                \u001b[33mclass\u001b[39m=\u001b[32m\"ui-campaign-card relative p-6\"\u001b[39m\n              \u001b[36m>\u001b[39m\n                \u001b[36m<span\u001b[39m\n                  \u001b[33mclass\u001b[39m=\u001b[32m\"ui-campaign-icon-gradient inline-flex h-10 w-10 items-center justify-center rounded-full text-lg font-extrabold\"\u001b[39m\n                \u001b[36m>\u001b[39m\n                  \u001b[0m01\u001b[0m\n                \u001b[36m</span>\u001b[39m\n                \u001b[36m<h3\u001b[39m\n                  \u001b[33mclass\u001b[39m=\u001b[32m\"mt-4 text-lg font-bold text-slate-900 dark:text-white\"\u001b[39m\n                \u001b[36m>\u001b[39m\n                  \u001b[0mDaftar & Submit\u001b[0m\n                \u001b[36m</h3>\u001b[39m\n                \u001b[36m<p\u001b[39m\n                  \u001b[33mclass\u001b[39m=\u001b[32m\"mt-2 text-sm leading-6 text-slate-500 dark:text-slate-400\"\u001b[39m\n                \u001b[36m>\u001b[39m\n                  \u001b[0mPilih tipe organisasi, isi form pendaftaran, dan ceritain rencana event kamu.\u001b[0m\n                \u001b[36m</p>\u001b[39m\n              \u001b[36m</div>\u001b[39m\n            \u001b[36m</div>\u001b[39m\n            \u001b[36m<div\u001b[39m\n              \u001b[33mclass\u001b[39m=\u001b[32m\"relative\"\u001b[39m\n            \u001b[36m>\u001b[39m\n              \u001b[36m<div\u001b[39m\n                \u001b[33mclass\u001b[39m=\u001b[32m\"absolute right-0 top-10 hidden h-0.5 w-full translate-x-1/2 bg-gradient-to-r from-violet-400/40 to-transparent dark:from-violet-500/30 lg:block\"\u001b[39m\n              \u001b[36m/>\u001b[39m\n              \u001b[36m<div\u001b[39m\n                \u001b[33mclass\u001b[39m=\u001b[32m\"ui-campaign-card relative p-6\"\u001b[39m\n              \u001b[36m>\u001b[39m\n                \u001b[36m<span\u001b[39m\n                  \u001b[33mclass\u001b[39m=\u001b[32m\"ui-campaign-icon-gradient inline-flex h-10 w-10 items-center justify-center rounded-full text-lg font-extrabold\"\u001b[39m\n                \u001b[36m>\u001b[39m\n                  \u001b[0m02\u001b[0m\n                \u001b[36m</span>\u001b[39m\n                \u001b[36m<h3\u001b[39m\n                  \u001b[33mclass\u001b[39m=\u001b[32m\"mt-4 text-lg font-bold text-slate-900 dark:text-white\"\u001b[39m\n                \u001b[36m>\u001b[39m\n                  \u001b[0mReview Tim Mall\u001b[0m\n                \u001b[36m</h3>\u001b[39m\n                \u001b[36m<p\u001b[39m\n                  \u001b[33mclass\u001b[39m=\u001b[32m\"mt-2 text-sm leading-6 text-slate-500 dark:text-slate-400\"\u001b[39m\n                \u001b[36m>\u001b[39m\n                  \u001b[0mTim kami review proposal kamu dan diskusi soal jadwal, kebutuhan, dan konsep acara.\u001b[0m\n                \u001b[36m</p>\u001b[39m\n              \u001b[36m</div>\u001b[39m\n            \u001b[36m</div>\u001b[39m\n            \u001b[36m<div\u001b[39m\n              \u001b[33mclass\u001b[39m=\u001b[32m\"relative\"\u001b[39m\n            \u001b[36m>\u001b[39m\n              \u001b[36m<div\u001b[39m\n                \u001b[33mclass\u001b[39m=\u001b[32m\"absolute right-0 top-10 hidden h-0.5 w-full translate-x-1/2 bg-gradient-to-r from-violet-400/40 to-transparent dark:from-violet-500/30 lg:block\"\u001b[39m\n              \u001b[36m/>\u001b[39m\n              \u001b[36m<div\u001b[39m\n                \u001b[33mclass\u001b[39m=\u001b[32m\"ui-campaign-card relative p-6\"\u001b[39m\n              \u001b[36m>\u001b[39m\n                \u001b[36m<span\u001b[39m\n                  \u001b[33mclass\u001b[39m=\u001b[32m\"ui-campaign-icon-gradient inline-flex h-10 w-10 items-center justify-center rounded-full text-lg font-extrabold\"\u001b[39m\n                \u001b[36m>\u001b[39m\n                  \u001b[0m03\u001b[0m\n                \u001b[36m</span>\u001b[39m\n                \u001b[36m<h3\u001b[39m\n                  \u001b[33mclass\u001b[39m=\u001b[32m\"mt-4 text-lg font-bold text-slate-900 dark:text-white\"\u001b[39m\n                \u001b[36m>\u001b[39m\n                  \u001b[0mKonfirmasi & Prep\u001b[0m\n                \u001b[36m</h3>\u001b[39m\n                \u001b[36m<p\u001b[39m\n                  \u001b[33mclass\u001b[39m=\u001b[32m\"mt-2 text-sm leading-6 text-slate-500 dark:text-slate-400\"\u001b[39m\n                \u001b[36m>\u001b[39m\n                  \u001b[0mSetelah deal, kita siapin venue dan semua tools yang kamu butuhkan.\u001b[0m\n                \u001b[36m</p>\u001b[39m\n              \u001b[36m</div>\u001b[39m\n            \u001b[36m</div>\u001b[39m\n            \u001b[36m<div\u001b[39m\n              \u001b[33mclass\u001b[39m=\u001b[32m\"relative\"\u001b[39m\n            \u001b[36m>\u001b[39m\n              \u001b[36m<div\u001b[39m\n                \u001b[33mclass\u001b[39m=\u001b[32m\"ui-campaign-card relative p-6\"\u001b[39m\n              \u001b[36m>\u001b[39m\n                \u001b[36m<span\u001b[39m\n                  \u001b[33mclass\u001b[39m=\u001b[32m\"ui-campaign-icon-gradient inline-flex h-10 w-10 items-center justify-center rounded-full text-lg font-extrabold\"\u001b[39m\n                \u001b[36m>\u001b[39m\n                  \u001b[0m04\u001b[0m\n                \u001b[36m</span>\u001b[39m\n                \u001b[36m<h3\u001b[39m\n                  \u001b[33mclass\u001b[39m=\u001b[32m\"mt-4 text-lg font-bold text-slate-900 dark:text-white\"\u001b[39m\n                \u001b[36m>\u001b[39m\n                  \u001b[0mEvent Day!\u001b[0m\n                \u001b[36m</h3>\u001b[39m\n                \u001b[36m<p\u001b[39m\n                  \u001b[33mclass\u001b[39m=\u001b[32m\"mt-2 text-sm leading-6 text-slate-500 dark:text-slate-400\"\u001b[39m\n                \u001b[36m>\u001b[39m\n                  \u001b[0mHari H tiba! Kamu fokus bikin acara seru, sisanya biar tim mall yang handle.\u001b[0m\n                \u001b[36m</p>\u001b[39m\n              \u001b[36m</div>\u001b[39m\n            \u001b[36m</div>\u001b[39m\n          \u001b[36m</div>\u001b[39m\n        \u001b[36m</div>\u001b[39m\n      \u001b[36m</div>\u001b[39m\n    \u001b[36m</section>\u001b[39m\n  \u001b[36m</div>\u001b[39m\n\u001b[36m</body>\u001b[39m\n    at Object.getElementError (D:\\Andy\\Antigravity\\schedule-event-v2\\node_modules\\@testing-library\\dom\\dist\\config.js:37:19)\n    at D:\\Andy\\Antigravity\\schedule-event-v2\\node_modules\\@testing-library\\dom\\dist\\query-helpers.js:76:38\n    at D:\\Andy\\Antigravity\\schedule-event-v2\\node_modules\\@testing-library\\dom\\dist\\query-helpers.js:52:17\n    at D:\\Andy\\Antigravity\\schedule-event-v2\\node_modules\\@testing-library\\dom\\dist\\query-helpers.js:95:19\n    at D:/Andy/Antigravity/schedule-event-v2/src/components/community/__tests__/CommunitySteps.test.tsx:30:19\n    at file:///D:/Andy/Antigravity/schedule-event-v2/node_modules/@vitest/runner/dist/chunk-artifact.js:302:11\n    at file:///D:/Andy/Antigravity/schedule-event-v2/node_modules/@vitest/runner/dist/chunk-artifact.js:1903:26\n    at file:///D:/Andy/Antigravity/schedule-event-v2/node_modules/@vitest/runner/dist/chunk-artifact.js:2326:20\n    at new Promise (<anonymous>)\n    at runWithCancel (file:///D:/Andy/Antigravity/schedule-event-v2/node_modules/@vitest/runner/dist/chunk-artifact.js:2323:10)"],"meta":{},"tags":[]},{"ancestorTitles":["CommunitySteps"],"fullName":"CommunitySteps renders eyebrow label","status":"passed","title":"renders eyebrow label","duration":7.2651999999998225,"failureMessages":[],"meta":{},"tags":[]}],"startTime":1780810442557,"endTime":1780810442667.2651,"status":"failed","message":"","name":"D:/Andy/Antigravity/schedule-event-v2/src/components/community/__tests__/CommunitySteps.test.tsx"},{"assertionResults":[{"ancestorTitles":["EventFormBasicFields"],"fullName":"EventFormBasicFields renders all form fields","status":"passed","title":"renders all form fields","duration":67.4372000000003,"failureMessages":[],"meta":{},"tags":[]},{"ancestorTitles":["EventFormBasicFields"],"fullName":"EventFormBasicFields displays field values","status":"passed","title":"displays field values","duration":11.529399999999896,"failureMessages":[],"meta":{},"tags":[]},{"ancestorTitles":["EventFormBasicFields"],"fullName":"EventFormBasicFields calls onFieldChange when date changes","status":"passed","title":"calls onFieldChange when date changes","duration":22.58199999999988,"failureMessages":[],"meta":{},"tags":[]},{"ancestorTitles":["EventFormBasicFields"],"fullName":"EventFormBasicFields shows error messages","status":"passed","title":"shows error messages","duration":11.223700000000008,"failureMessages":[],"meta":{},"tags":[]},{"ancestorTitles":["EventFormBasicFields"],"fullName":"EventFormBasicFields renders draft mode labels","status":"passed","title":"renders draft mode labels","duration":9.713799999999992,"failureMessages":[],"meta":{},"tags":[]}],"startTime":1780810442909,"endTime":1780810443031.7139,"status":"passed","message":"","name":"D:/Andy/Antigravity/schedule-event-v2/src/components/forms/__tests__/EventFormBasicFields.test.tsx"},{"assertionResults":[{"ancestorTitles":["EventFormDetailsFields"],"fullName":"EventFormDetailsFields renders all form fields","status":"passed","title":"renders all form fields","duration":198.05069999999978,"failureMessages":[],"meta":{},"tags":[]},{"ancestorTitles":["EventFormDetailsFields"],"fullName":"EventFormDetailsFields displays field values","status":"passed","title":"displays field values","duration":39.50489999999991,"failureMessages":[],"meta":{},"tags":[]},{"ancestorTitles":["EventFormDetailsFields"],"fullName":"EventFormDetailsFields displays selected categories","status":"passed","title":"displays selected categories","duration":52.98880000000008,"failureMessages":[],"meta":{},"tags":[]},{"ancestorTitles":["EventFormDetailsFields"],"fullName":"EventFormDetailsFields calls onRemoveCategory when X button clicked","status":"passed","title":"calls onRemoveCategory when X button clicked","duration":56.822400000000016,"failureMessages":[],"meta":{},"tags":[]},{"ancestorTitles":["EventFormDetailsFields"],"fullName":"EventFormDetailsFields displays selected categories","status":"passed","title":"displays selected categories","duration":42.84860000000026,"failureMessages":[],"meta":{},"tags":[]},{"ancestorTitles":["EventFormDetailsFields"],"fullName":"EventFormDetailsFields shows error messages","status":"passed","title":"shows error messages","duration":42.321100000000115,"failureMessages":[],"meta":{},"tags":[]},{"ancestorTitles":["EventFormDetailsFields"],"fullName":"EventFormDetailsFields renders draft mode labels","status":"passed","title":"renders draft mode labels","duration":19.414600000000064,"failureMessages":[],"meta":{},"tags":[]}],"startTime":1780810444521,"endTime":1780810444973.4146,"status":"passed","message":"","name":"D:/Andy/Antigravity/schedule-event-v2/src/components/forms/__tests__/EventFormDetailsFields.test.tsx"},{"assertionResults":[{"ancestorTitles":["EventFormModelFields"],"fullName":"EventFormModelFields renders model selector","status":"passed","title":"renders model selector","duration":46.634700000000066,"failureMessages":[],"meta":{},"tags":[]},{"ancestorTitles":["EventFormModelFields"],"fullName":"EventFormModelFields shows all model options","status":"passed","title":"shows all model options","duration":8.925900000000183,"failureMessages":[],"meta":{},"tags":[]},{"ancestorTitles":["EventFormModelFields"],"fullName":"EventFormModelFields hides detail fields when model is empty or free","status":"passed","title":"hides detail fields when model is empty or free","duration":8.652600000000348,"failureMessages":[],"meta":{},"tags":[]},{"ancestorTitles":["EventFormModelFields"],"fullName":"EventFormModelFields shows detail fields when model is bayar","status":"passed","title":"shows detail fields when model is bayar","duration":10.665300000000116,"failureMessages":[],"meta":{},"tags":[]},{"ancestorTitles":["EventFormModelFields"],"fullName":"EventFormModelFields shows detail fields when model is support","status":"passed","title":"shows detail fields when model is support","duration":8.230199999999968,"failureMessages":[],"meta":{},"tags":[]},{"ancestorTitles":["EventFormModelFields"],"fullName":"EventFormModelFields calls onFieldChange when model changes","status":"passed","title":"calls onFieldChange when model changes","duration":12.61239999999998,"failureMessages":[],"meta":{},"tags":[]},{"ancestorTitles":["EventFormModelFields"],"fullName":"EventFormModelFields shows error messages","status":"passed","title":"shows error messages","duration":8.75480000000016,"failureMessages":[],"meta":{},"tags":[]}],"startTime":1780810442803,"endTime":1780810442907.755,"status":"passed","message":"","name":"D:/Andy/Antigravity/schedule-event-v2/src/components/forms/__tests__/EventFormModelFields.test.tsx"},{"assertionResults":[{"ancestorTitles":["MultiDayEventFields"],"fullName":"MultiDayEventFields renders end date field","status":"passed","title":"renders end date field","duration":171.33740000000034,"failureMessages":[],"meta":{},"tags":[]},{"ancestorTitles":["MultiDayEventFields"],"fullName":"MultiDayEventFields displays end date value","status":"passed","title":"displays end date value","duration":30.054399999999987,"failureMessages":[],"meta":{},"tags":[]},{"ancestorTitles":["MultiDayEventFields"],"fullName":"MultiDayEventFields renders time slots for each day","status":"passed","title":"renders time slots for each day","duration":23.753499999999804,"failureMessages":[],"meta":{},"tags":[]},{"ancestorTitles":["MultiDayEventFields"],"fullName":"MultiDayEventFields displays time values for each slot","status":"passed","title":"displays time values for each slot","duration":19.08929999999964,"failureMessages":[],"meta":{},"tags":[]},{"ancestorTitles":["MultiDayEventFields"],"fullName":"MultiDayEventFields calls onDateEndChange when end date changes","status":"passed","title":"calls onDateEndChange when end date changes","duration":49.157099999999446,"failureMessages":[],"meta":{},"tags":[]},{"ancestorTitles":["MultiDayEventFields"],"fullName":"MultiDayEventFields calls onDayTimeSlotChange when time changes","status":"passed","title":"calls onDayTimeSlotChange when time changes","duration":21.975399999999354,"failureMessages":[],"meta":{},"tags":[]},{"ancestorTitles":["MultiDayEventFields"],"fullName":"MultiDayEventFields shows copy button for days after first","status":"passed","title":"shows copy button for days after first","duration":24.527799999999843,"failureMessages":[],"meta":{},"tags":[]},{"ancestorTitles":["MultiDayEventFields"],"fullName":"MultiDayEventFields calls onCopyFromPreviousDay when copy button clicked","status":"passed","title":"calls onCopyFromPreviousDay when copy button clicked","duration":26.604699999999866,"failureMessages":[],"meta":{},"tags":[]},{"ancestorTitles":["MultiDayEventFields"],"fullName":"MultiDayEventFields shows error messages","status":"passed","title":"shows error messages","duration":26.70220000000063,"failureMessages":[],"meta":{},"tags":[]}],"startTime":1780810444436,"endTime":1780810444829.7021,"status":"passed","message":"","name":"D:/Andy/Antigravity/schedule-event-v2/src/components/forms/__tests__/MultiDayEventFields.test.tsx"},{"assertionResults":[{"ancestorTitles":["RecurringEventFields"],"fullName":"RecurringEventFields renders frequency selector","status":"passed","title":"renders frequency selector","duration":69.30570000000034,"failureMessages":[],"meta":{},"tags":[]},{"ancestorTitles":["RecurringEventFields"],"fullName":"RecurringEventFields shows day selector for weekly frequency","status":"passed","title":"shows day selector for weekly frequency","duration":19.634500000000116,"failureMessages":[],"meta":{},"tags":[]},{"ancestorTitles":["RecurringEventFields"],"fullName":"RecurringEventFields highlights selected days","status":"passed","title":"highlights selected days","duration":15.16859999999997,"failureMessages":[],"meta":{},"tags":[]},{"ancestorTitles":["RecurringEventFields"],"fullName":"RecurringEventFields calls onToggleDayOfWeek when day clicked","status":"passed","title":"calls onToggleDayOfWeek when day clicked","duration":21.37019999999984,"failureMessages":[],"meta":{},"tags":[]},{"ancestorTitles":["RecurringEventFields"],"fullName":"RecurringEventFields shows day of month input for monthly frequency","status":"passed","title":"shows day of month input for monthly frequency","duration":7.26319999999987,"failureMessages":[],"meta":{},"tags":[]},{"ancestorTitles":["RecurringEventFields"],"fullName":"RecurringEventFields shows interval input for custom frequency","status":"passed","title":"shows interval input for custom frequency","duration":39.99319999999989,"failureMessages":[],"meta":{},"tags":[]},{"ancestorTitles":["RecurringEventFields"],"fullName":"RecurringEventFields renders end date field","status":"passed","title":"renders end date field","duration":11.613800000000083,"failureMessages":[],"meta":{},"tags":[]},{"ancestorTitles":["RecurringEventFields"],"fullName":"RecurringEventFields shows error messages","status":"passed","title":"shows error messages","duration":29.01449999999977,"failureMessages":[],"meta":{},"tags":[]}],"startTime":1780810442910,"endTime":1780810443124.0144,"status":"passed","message":"","name":"D:/Andy/Antigravity/schedule-event-v2/src/components/forms/__tests__/RecurringEventFields.test.tsx"}]}