{"D:\\Andy\\Antigravity\\schedule-event-v2\\src\\components\\CategoryBadge.tsx": {"path":"D:\\Andy\\Antigravity\\schedule-event-v2\\src\\components\\CategoryBadge.tsx","statementMap":{"0":{"start":{"line":4,"column":29},"end":{"line":11,"column":null}},"1":{"start":{"line":14,"column":16},"end":{"line":14,"column":null}},"2":{"start":{"line":15,"column":22},"end":{"line":15,"column":null}},"3":{"start":{"line":16,"column":2},"end":{"line":22,"column":null}}},"fnMap":{"0":{"name":"CategoryBadge","decl":{"start":{"line":13,"column":16},"end":{"line":13,"column":30}},"loc":{"start":{"line":13,"column":66},"end":{"line":24,"column":null}},"line":13}},"branchMap":{"0":{"loc":{"start":{"line":14,"column":16},"end":{"line":14,"column":null}},"type":"binary-expr","locations":[{"start":{"line":14,"column":16},"end":{"line":14,"column":45}},{"start":{"line":14,"column":45},"end":{"line":14,"column":null}}],"line":14},"1":{"loc":{"start":{"line":18,"column":88},"end":{"line":18,"column":133}},"type":"cond-expr","locations":[{"start":{"line":18,"column":102},"end":{"line":18,"column":121}},{"start":{"line":18,"column":121},"end":{"line":18,"column":133}}],"line":18}},"s":{"0":2,"1":11,"2":11,"3":11},"f":{"0":11},"b":{"0":[11,3],"1":[3,8]},"meta":{"lastBranch":2,"lastFunction":1,"lastStatement":4,"seen":{"s:4:29:11:Infinity":0,"f:13:16:13:30":0,"s:14:16:14:Infinity":1,"b:14:16:14:45:14:45:14:Infinity":0,"s:15:22:15:Infinity":2,"s:16:2:22:Infinity":3,"b:18:102:18:121:18:121:18:133":1}}}
,"D:\\Andy\\Antigravity\\schedule-event-v2\\src\\components\\CategoryBadges.tsx": {"path":"D:\\Andy\\Antigravity\\schedule-event-v2\\src\\components\\CategoryBadges.tsx","statementMap":{"0":{"start":{"line":4,"column":27},"end":{"line":4,"column":null}},"1":{"start":{"line":5,"column":18},"end":{"line":5,"column":null}},"2":{"start":{"line":6,"column":20},"end":{"line":6,"column":null}},"3":{"start":{"line":8,"column":2},"end":{"line":10,"column":null}},"4":{"start":{"line":9,"column":4},"end":{"line":9,"column":null}},"5":{"start":{"line":12,"column":2},"end":{"line":23,"column":null}},"6":{"start":{"line":14,"column":31},"end":{"line":14,"column":83}}},"fnMap":{"0":{"name":"CategoryBadges","decl":{"start":{"line":3,"column":16},"end":{"line":3,"column":31}},"loc":{"start":{"line":3,"column":106},"end":{"line":25,"column":null}},"line":3},"1":{"name":"(anonymous_1)","decl":{"start":{"line":14,"column":19},"end":{"line":14,"column":31}},"loc":{"start":{"line":14,"column":31},"end":{"line":14,"column":83}},"line":14}},"branchMap":{"0":{"loc":{"start":{"line":5,"column":18},"end":{"line":5,"column":null}},"type":"cond-expr","locations":[{"start":{"line":5,"column":51},"end":{"line":5,"column":91}},{"start":{"line":5,"column":91},"end":{"line":5,"column":null}}],"line":5},"1":{"loc":{"start":{"line":8,"column":2},"end":{"line":10,"column":null}},"type":"if","locations":[{"start":{"line":8,"column":2},"end":{"line":10,"column":null}},{"start":{},"end":{}}],"line":8},"2":{"loc":{"start":{"line":15,"column":7},"end":{"line":21,"column":null}},"type":"binary-expr","locations":[{"start":{"line":15,"column":7},"end":{"line":15,"column":null}},{"start":{"line":16,"column":8},"end":{"line":21,"column":null}}],"line":15}},"s":{"0":3,"1":3,"2":3,"3":3,"4":1,"5":2,"6":5},"f":{"0":3,"1":5},"b":{"0":[1,2],"1":[1,2],"2":[2,1]},"meta":{"lastBranch":3,"lastFunction":2,"lastStatement":7,"seen":{"f:3:16:3:31":0,"s:4:27:4:Infinity":0,"s:5:18:5:Infinity":1,"b:5:51:5:91:5:91:5:Infinity":0,"s:6:20:6:Infinity":2,"b:8:2:10:Infinity:undefined:undefined:undefined:undefined":1,"s:8:2:10:Infinity":3,"s:9:4:9:Infinity":4,"s:12:2:23:Infinity":5,"f:14:19:14:31":1,"s:14:31:14:83":6,"b:15:7:15:Infinity:16:8:21:Infinity":2}}}
,"D:\\Andy\\Antigravity\\schedule-event-v2\\src\\components\\DraftProgressBadge.tsx": {"path":"D:\\Andy\\Antigravity\\schedule-event-v2\\src\\components\\DraftProgressBadge.tsx","statementMap":{"0":{"start":{"line":3,"column":89},"end":{"line":19,"column":null}},"1":{"start":{"line":22,"column":14},"end":{"line":22,"column":null}},"2":{"start":{"line":24,"column":2},"end":{"line":31,"column":null}}},"fnMap":{"0":{"name":"DraftProgressBadge","decl":{"start":{"line":21,"column":16},"end":{"line":21,"column":35}},"loc":{"start":{"line":21,"column":78},"end":{"line":33,"column":null}},"line":21}},"branchMap":{},"s":{"0":1,"1":3,"2":3},"f":{"0":3},"b":{},"meta":{"lastBranch":0,"lastFunction":1,"lastStatement":3,"seen":{"s:3:89:19:Infinity":0,"f:21:16:21:35":0,"s:22:14:22:Infinity":1,"s:24:2:31:Infinity":2}}}
,"D:\\Andy\\Antigravity\\schedule-event-v2\\src\\components\\FilterBar.tsx": {"path":"D:\\Andy\\Antigravity\\schedule-event-v2\\src\\components\\FilterBar.tsx","statementMap":{"0":{"start":{"line":5,"column":18},"end":{"line":5,"column":null}},"1":{"start":{"line":7,"column":88},"end":{"line":13,"column":null}},"2":{"start":{"line":16,"column":25},"end":{"line":21,"column":null}},"3":{"start":{"line":24,"column":2},"end":{"line":31,"column":null}},"4":{"start":{"line":27,"column":26},"end":{"line":27,"column":59}},"5":{"start":{"line":28,"column":22},"end":{"line":28,"column":34}},"6":{"start":{"line":46,"column":22},"end":{"line":46,"column":null}},"7":{"start":{"line":47,"column":8},"end":{"line":47,"column":null}},"8":{"start":{"line":48,"column":8},"end":{"line":48,"column":null}},"9":{"start":{"line":50,"column":19},"end":{"line":50,"column":null}},"10":{"start":{"line":50,"column":37},"end":{"line":50,"column":52}},"11":{"start":{"line":51,"column":23},"end":{"line":51,"column":null}},"12":{"start":{"line":51,"column":46},"end":{"line":51,"column":61}},"13":{"start":{"line":53,"column":2},"end":{"line":59,"column":null}},"14":{"start":{"line":54,"column":20},"end":{"line":56,"column":null}},"15":{"start":{"line":55,"column":6},"end":{"line":55,"column":null}},"16":{"start":{"line":55,"column":66},"end":{"line":55,"column":null}},"17":{"start":{"line":57,"column":4},"end":{"line":57,"column":null}},"18":{"start":{"line":58,"column":4},"end":{"line":58,"column":null}},"19":{"start":{"line":58,"column":17},"end":{"line":58,"column":null}},"20":{"start":{"line":61,"column":2},"end":{"line":84,"column":null}},"21":{"start":{"line":62,"column":4},"end":{"line":62,"column":null}},"22":{"start":{"line":62,"column":15},"end":{"line":62,"column":null}},"23":{"start":{"line":63,"column":20},"end":{"line":81,"column":null}},"24":{"start":{"line":64,"column":6},"end":{"line":64,"column":null}},"25":{"start":{"line":64,"column":32},"end":{"line":64,"column":48}},"26":{"start":{"line":64,"column":48},"end":{"line":64,"column":56}},"27":{"start":{"line":65,"column":6},"end":{"line":70,"column":null}},"28":{"start":{"line":66,"column":8},"end":{"line":66,"column":null}},"29":{"start":{"line":67,"column":14},"end":{"line":67,"column":null}},"30":{"start":{"line":68,"column":27},"end":{"line":68,"column":null}},"31":{"start":{"line":69,"column":8},"end":{"line":69,"column":null}},"32":{"start":{"line":69,"column":24},"end":{"line":69,"column":null}},"33":{"start":{"line":71,"column":6},"end":{"line":76,"column":null}},"34":{"start":{"line":72,"column":8},"end":{"line":72,"column":null}},"35":{"start":{"line":73,"column":14},"end":{"line":73,"column":null}},"36":{"start":{"line":74,"column":27},"end":{"line":74,"column":null}},"37":{"start":{"line":75,"column":8},"end":{"line":75,"column":null}},"38":{"start":{"line":75,"column":24},"end":{"line":75,"column":null}},"39":{"start":{"line":77,"column":6},"end":{"line":80,"column":null}},"40":{"start":{"line":78,"column":8},"end":{"line":78,"column":null}},"41":{"start":{"line":79,"column":8},"end":{"line":79,"column":null}},"42":{"start":{"line":82,"column":4},"end":{"line":82,"column":null}},"43":{"start":{"line":83,"column":4},"end":{"line":83,"column":null}},"44":{"start":{"line":83,"column":17},"end":{"line":83,"column":null}},"45":{"start":{"line":86,"column":2},"end":{"line":126,"column":null}},"46":{"start":{"line":90,"column":23},"end":{"line":90,"column":null}},"47":{"start":{"line":90,"column":36},"end":{"line":90,"column":38}},"48":{"start":{"line":108,"column":12},"end":{"line":122,"column":null}},"49":{"start":{"line":113,"column":31},"end":{"line":113,"column":50}},"50":{"start":{"line":113,"column":50},"end":{"line":113,"column":66}},"51":{"start":{"line":153,"column":26},"end":{"line":153,"column":null}},"52":{"start":{"line":153,"column":74},"end":{"line":153,"column":130}},"53":{"start":{"line":154,"column":8},"end":{"line":154,"column":null}},"54":{"start":{"line":154,"column":48},"end":{"line":154,"column":101}},"55":{"start":{"line":155,"column":21},"end":{"line":155,"column":null}},"56":{"start":{"line":155,"column":73},"end":{"line":155,"column":92}},"57":{"start":{"line":156,"column":23},"end":{"line":156,"column":null}},"58":{"start":{"line":158,"column":2},"end":{"line":204,"column":null}},"59":{"start":{"line":163,"column":10},"end":{"line":177,"column":null}},"60":{"start":{"line":165,"column":27},"end":{"line":165,"column":null}}},"fnMap":{"0":{"name":"normalizeOptionKeys","decl":{"start":{"line":23,"column":9},"end":{"line":23,"column":29}},"loc":{"start":{"line":23,"column":47},"end":{"line":32,"column":null}},"line":23},"1":{"name":"(anonymous_1)","decl":{"start":{"line":27,"column":17},"end":{"line":27,"column":26}},"loc":{"start":{"line":27,"column":26},"end":{"line":27,"column":59}},"line":27},"2":{"name":"(anonymous_2)","decl":{"start":{"line":28,"column":13},"end":{"line":28,"column":22}},"loc":{"start":{"line":28,"column":22},"end":{"line":28,"column":34}},"line":28},"3":{"name":"CustomDropdown","decl":{"start":{"line":35,"column":9},"end":{"line":35,"column":24}},"loc":{"start":{"line":45,"column":3},"end":{"line":128,"column":null}},"line":45},"4":{"name":"(anonymous_4)","decl":{"start":{"line":50,"column":32},"end":{"line":50,"column":37}},"loc":{"start":{"line":50,"column":37},"end":{"line":50,"column":52}},"line":50},"5":{"name":"(anonymous_5)","decl":{"start":{"line":51,"column":41},"end":{"line":51,"column":46}},"loc":{"start":{"line":51,"column":46},"end":{"line":51,"column":61}},"line":51},"6":{"name":"(anonymous_6)","decl":{"start":{"line":53,"column":12},"end":{"line":53,"column":18}},"loc":{"start":{"line":53,"column":18},"end":{"line":59,"column":5}},"line":53},"7":{"name":"(anonymous_7)","decl":{"start":{"line":54,"column":20},"end":{"line":54,"column":21}},"loc":{"start":{"line":54,"column":39},"end":{"line":56,"column":null}},"line":54},"8":{"name":"(anonymous_8)","decl":{"start":{"line":58,"column":11},"end":{"line":58,"column":17}},"loc":{"start":{"line":58,"column":17},"end":{"line":58,"column":null}},"line":58},"9":{"name":"(anonymous_9)","decl":{"start":{"line":61,"column":12},"end":{"line":61,"column":18}},"loc":{"start":{"line":61,"column":18},"end":{"line":84,"column":5}},"line":61},"10":{"name":"(anonymous_10)","decl":{"start":{"line":63,"column":20},"end":{"line":63,"column":21}},"loc":{"start":{"line":63,"column":42},"end":{"line":81,"column":null}},"line":63},"11":{"name":"(anonymous_11)","decl":{"start":{"line":83,"column":11},"end":{"line":83,"column":17}},"loc":{"start":{"line":83,"column":17},"end":{"line":83,"column":null}},"line":83},"12":{"name":"(anonymous_12)","decl":{"start":{"line":90,"column":17},"end":{"line":90,"column":23}},"loc":{"start":{"line":90,"column":23},"end":{"line":90,"column":null}},"line":90},"13":{"name":"(anonymous_13)","decl":{"start":{"line":90,"column":31},"end":{"line":90,"column":36}},"loc":{"start":{"line":90,"column":36},"end":{"line":90,"column":38}},"line":90},"14":{"name":"(anonymous_14)","decl":{"start":{"line":107,"column":23},"end":{"line":107,"column":null}},"loc":{"start":{"line":108,"column":12},"end":{"line":122,"column":null}},"line":108},"15":{"name":"(anonymous_15)","decl":{"start":{"line":113,"column":23},"end":{"line":113,"column":29}},"loc":{"start":{"line":113,"column":29},"end":{"line":113,"column":null}},"line":113},"16":{"name":"FilterBar","decl":{"start":{"line":145,"column":16},"end":{"line":145,"column":26}},"loc":{"start":{"line":152,"column":10},"end":{"line":206,"column":null}},"line":152},"17":{"name":"(anonymous_17)","decl":{"start":{"line":153,"column":68},"end":{"line":153,"column":74}},"loc":{"start":{"line":153,"column":74},"end":{"line":153,"column":130}},"line":153},"18":{"name":"(anonymous_18)","decl":{"start":{"line":154,"column":42},"end":{"line":154,"column":48}},"loc":{"start":{"line":154,"column":48},"end":{"line":154,"column":101}},"line":154},"19":{"name":"(anonymous_19)","decl":{"start":{"line":155,"column":66},"end":{"line":155,"column":73}},"loc":{"start":{"line":155,"column":73},"end":{"line":155,"column":92}},"line":155},"20":{"name":"(anonymous_20)","decl":{"start":{"line":162,"column":24},"end":{"line":162,"column":null}},"loc":{"start":{"line":163,"column":10},"end":{"line":177,"column":null}},"line":163},"21":{"name":"(anonymous_21)","decl":{"start":{"line":165,"column":21},"end":{"line":165,"column":27}},"loc":{"start":{"line":165,"column":27},"end":{"line":165,"column":null}},"line":165}},"branchMap":{"0":{"loc":{"start":{"line":27,"column":33},"end":{"line":27,"column":44}},"type":"binary-expr","locations":[{"start":{"line":27,"column":33},"end":{"line":27,"column":42}},{"start":{"line":27,"column":42},"end":{"line":27,"column":44}}],"line":27},"1":{"loc":{"start":{"line":55,"column":6},"end":{"line":55,"column":null}},"type":"if","locations":[{"start":{"line":55,"column":6},"end":{"line":55,"column":null}},{"start":{},"end":{}}],"line":55},"2":{"loc":{"start":{"line":55,"column":10},"end":{"line":55,"column":66}},"type":"binary-expr","locations":[{"start":{"line":55,"column":10},"end":{"line":55,"column":25}},{"start":{"line":55,"column":25},"end":{"line":55,"column":66}}],"line":55},"3":{"loc":{"start":{"line":62,"column":4},"end":{"line":62,"column":null}},"type":"if","locations":[{"start":{"line":62,"column":4},"end":{"line":62,"column":null}},{"start":{},"end":{}}],"line":62},"4":{"loc":{"start":{"line":64,"column":6},"end":{"line":64,"column":null}},"type":"if","locations":[{"start":{"line":64,"column":6},"end":{"line":64,"column":null}},{"start":{},"end":{}}],"line":64},"5":{"loc":{"start":{"line":65,"column":6},"end":{"line":70,"column":null}},"type":"if","locations":[{"start":{"line":65,"column":6},"end":{"line":70,"column":null}},{"start":{},"end":{}}],"line":65},"6":{"loc":{"start":{"line":69,"column":8},"end":{"line":69,"column":null}},"type":"if","locations":[{"start":{"line":69,"column":8},"end":{"line":69,"column":null}},{"start":{},"end":{}}],"line":69},"7":{"loc":{"start":{"line":71,"column":6},"end":{"line":76,"column":null}},"type":"if","locations":[{"start":{"line":71,"column":6},"end":{"line":76,"column":null}},{"start":{},"end":{}}],"line":71},"8":{"loc":{"start":{"line":75,"column":8},"end":{"line":75,"column":null}},"type":"if","locations":[{"start":{"line":75,"column":8},"end":{"line":75,"column":null}},{"start":{},"end":{}}],"line":75},"9":{"loc":{"start":{"line":77,"column":6},"end":{"line":80,"column":null}},"type":"if","locations":[{"start":{"line":77,"column":6},"end":{"line":80,"column":null}},{"start":{},"end":{}}],"line":77},"10":{"loc":{"start":{"line":77,"column":10},"end":{"line":77,"column":46}},"type":"binary-expr","locations":[{"start":{"line":77,"column":10},"end":{"line":77,"column":31}},{"start":{"line":77,"column":31},"end":{"line":77,"column":46}}],"line":77},"11":{"loc":{"start":{"line":92,"column":10},"end":{"line":94,"column":null}},"type":"cond-expr","locations":[{"start":{"line":93,"column":14},"end":{"line":93,"column":null}},{"start":{"line":94,"column":14},"end":{"line":94,"column":null}}],"line":92},"12":{"loc":{"start":{"line":99,"column":23},"end":{"line":99,"column":null}},"type":"cond-expr","locations":[{"start":{"line":99,"column":30},"end":{"line":99,"column":51}},{"start":{"line":99,"column":51},"end":{"line":99,"column":null}}],"line":99},"13":{"loc":{"start":{"line":101,"column":46},"end":{"line":101,"column":71}},"type":"binary-expr","locations":[{"start":{"line":101,"column":46},"end":{"line":101,"column":65}},{"start":{"line":101,"column":65},"end":{"line":101,"column":71}}],"line":101},"14":{"loc":{"start":{"line":102,"column":105},"end":{"line":102,"column":129}},"type":"cond-expr","locations":[{"start":{"line":102,"column":112},"end":{"line":102,"column":127}},{"start":{"line":102,"column":127},"end":{"line":102,"column":129}}],"line":102},"15":{"loc":{"start":{"line":105,"column":7},"end":{"line":124,"column":null}},"type":"binary-expr","locations":[{"start":{"line":105,"column":7},"end":{"line":105,"column":null}},{"start":{"line":106,"column":8},"end":{"line":124,"column":null}}],"line":105},"16":{"loc":{"start":{"line":115,"column":16},"end":{"line":117,"column":null}},"type":"cond-expr","locations":[{"start":{"line":116,"column":20},"end":{"line":116,"column":null}},{"start":{"line":117,"column":20},"end":{"line":117,"column":null}}],"line":115},"17":{"loc":{"start":{"line":121,"column":15},"end":{"line":121,"column":null}},"type":"binary-expr","locations":[{"start":{"line":121,"column":15},"end":{"line":121,"column":36}},{"start":{"line":121,"column":36},"end":{"line":121,"column":null}}],"line":121},"18":{"loc":{"start":{"line":150,"column":2},"end":{"line":150,"column":null}},"type":"default-arg","locations":[{"start":{"line":150,"column":14},"end":{"line":150,"column":null}}],"line":150},"19":{"loc":{"start":{"line":151,"column":2},"end":{"line":151,"column":null}},"type":"default-arg","locations":[{"start":{"line":151,"column":17},"end":{"line":151,"column":null}}],"line":151},"20":{"loc":{"start":{"line":153,"column":46},"end":{"line":153,"column":62}},"type":"binary-expr","locations":[{"start":{"line":153,"column":46},"end":{"line":153,"column":60}},{"start":{"line":153,"column":60},"end":{"line":153,"column":62}}],"line":153},"21":{"loc":{"start":{"line":153,"column":91},"end":{"line":153,"column":128}},"type":"cond-expr","locations":[{"start":{"line":153,"column":107},"end":{"line":153,"column":126}},{"start":{"line":153,"column":126},"end":{"line":153,"column":128}}],"line":153},"22":{"loc":{"start":{"line":154,"column":24},"end":{"line":154,"column":38}},"type":"binary-expr","locations":[{"start":{"line":154,"column":24},"end":{"line":154,"column":34}},{"start":{"line":154,"column":34},"end":{"line":154,"column":38}}],"line":154},"23":{"loc":{"start":{"line":154,"column":65},"end":{"line":154,"column":99}},"type":"cond-expr","locations":[{"start":{"line":154,"column":81},"end":{"line":154,"column":97}},{"start":{"line":154,"column":97},"end":{"line":154,"column":99}}],"line":154},"24":{"loc":{"start":{"line":155,"column":21},"end":{"line":155,"column":null}},"type":"cond-expr","locations":[{"start":{"line":155,"column":33},"end":{"line":155,"column":47}},{"start":{"line":155,"column":47},"end":{"line":155,"column":null}}],"line":155},"25":{"loc":{"start":{"line":156,"column":23},"end":{"line":156,"column":null}},"type":"cond-expr","locations":[{"start":{"line":156,"column":38},"end":{"line":156,"column":80}},{"start":{"line":156,"column":80},"end":{"line":156,"column":null}}],"line":156},"26":{"loc":{"start":{"line":168,"column":14},"end":{"line":170,"column":null}},"type":"cond-expr","locations":[{"start":{"line":169,"column":18},"end":{"line":169,"column":null}},{"start":{"line":170,"column":18},"end":{"line":170,"column":null}}],"line":168},"27":{"loc":{"start":{"line":173,"column":13},"end":{"line":174,"column":null}},"type":"binary-expr","locations":[{"start":{"line":173,"column":13},"end":{"line":173,"column":null}},{"start":{"line":174,"column":14},"end":{"line":174,"column":null}}],"line":173},"28":{"loc":{"start":{"line":174,"column":70},"end":{"line":174,"column":144}},"type":"cond-expr","locations":[{"start":{"line":174,"column":124},"end":{"line":174,"column":142}},{"start":{"line":174,"column":142},"end":{"line":174,"column":144}}],"line":174},"29":{"loc":{"start":{"line":174,"column":70},"end":{"line":174,"column":124}},"type":"binary-expr","locations":[{"start":{"line":174,"column":70},"end":{"line":174,"column":95}},{"start":{"line":174,"column":95},"end":{"line":174,"column":124}}],"line":174},"30":{"loc":{"start":{"line":195,"column":9},"end":{"line":201,"column":null}},"type":"binary-expr","locations":[{"start":{"line":195,"column":9},"end":{"line":195,"column":null}},{"start":{"line":196,"column":10},"end":{"line":201,"column":null}}],"line":195}},"s":{"0":1,"1":1,"2":1,"3":9,"4":27,"5":27,"6":27,"7":27,"8":27,"9":27,"10":27,"11":27,"12":27,"13":27,"14":26,"15":0,"16":0,"17":26,"18":26,"19":26,"20":27,"21":27,"22":26,"23":1,"24":0,"25":0,"26":0,"27":0,"28":0,"29":0,"30":0,"31":0,"32":0,"33":0,"34":0,"35":0,"36":0,"37":0,"38":0,"39":0,"40":0,"41":0,"42":1,"43":1,"44":1,"45":27,"46":1,"47":1,"48":3,"49":0,"50":0,"51":9,"52":27,"53":9,"54":27,"55":9,"56":5,"57":9,"58":9,"59":44,"60":1},"f":{"0":9,"1":27,"2":27,"3":27,"4":27,"5":27,"6":26,"7":0,"8":26,"9":27,"10":0,"11":1,"12":1,"13":1,"14":3,"15":0,"16":9,"17":27,"18":27,"19":5,"20":44,"21":1},"b":{"0":[27,0],"1":[0,0],"2":[0,0],"3":[26,1],"4":[0,0],"5":[0,0],"6":[0,0],"7":[0,0],"8":[0,0],"9":[0,0],"10":[0,0],"11":[1,26],"12":[1,26],"13":[27,0],"14":[1,26],"15":[27,1],"16":[1,2],"17":[3,1],"18":[9],"19":[9],"20":[9,0],"21":[9,18],"22":[9,0],"23":[9,18],"24":[8,1],"25":[8,1],"26":[9,35],"27":[44,35],"28":[0,35],"29":[35,9],"30":[9,8]},"meta":{"lastBranch":31,"lastFunction":22,"lastStatement":61,"seen":{"s:5:18:5:Infinity":0,"s:7:88:13:Infinity":1,"s:16:25:21:Infinity":2,"f:23:9:23:29":0,"s:24:2:31:Infinity":3,"f:27:17:27:26":1,"s:27:26:27:59":4,"b:27:33:27:42:27:42:27:44":0,"f:28:13:28:22":2,"s:28:22:28:34":5,"f:35:9:35:24":3,"s:46:22:46:Infinity":6,"s:47:8:47:Infinity":7,"s:48:8:48:Infinity":8,"s:50:19:50:Infinity":9,"f:50:32:50:37":4,"s:50:37:50:52":10,"s:51:23:51:Infinity":11,"f:51:41:51:46":5,"s:51:46:51:61":12,"s:53:2:59:Infinity":13,"f:53:12:53:18":6,"s:54:20:56:Infinity":14,"f:54:20:54:21":7,"b:55:6:55:Infinity:undefined:undefined:undefined:undefined":1,"s:55:6:55:Infinity":15,"b:55:10:55:25:55:25:55:66":2,"s:55:66:55:Infinity":16,"s:57:4:57:Infinity":17,"s:58:4:58:Infinity":18,"f:58:11:58:17":8,"s:58:17:58:Infinity":19,"s:61:2:84:Infinity":20,"f:61:12:61:18":9,"b:62:4:62:Infinity:undefined:undefined:undefined:undefined":3,"s:62:4:62:Infinity":21,"s:62:15:62:Infinity":22,"s:63:20:81:Infinity":23,"f:63:20:63:21":10,"b:64:6:64:Infinity:undefined:undefined:undefined:undefined":4,"s:64:6:64:Infinity":24,"s:64:32:64:48":25,"s:64:48:64:56":26,"b:65:6:70:Infinity:undefined:undefined:undefined:undefined":5,"s:65:6:70:Infinity":27,"s:66:8:66:Infinity":28,"s:67:14:67:Infinity":29,"s:68:27:68:Infinity":30,"b:69:8:69:Infinity:undefined:undefined:undefined:undefined":6,"s:69:8:69:Infinity":31,"s:69:24:69:Infinity":32,"b:71:6:76:Infinity:undefined:undefined:undefined:undefined":7,"s:71:6:76:Infinity":33,"s:72:8:72:Infinity":34,"s:73:14:73:Infinity":35,"s:74:27:74:Infinity":36,"b:75:8:75:Infinity:undefined:undefined:undefined:undefined":8,"s:75:8:75:Infinity":37,"s:75:24:75:Infinity":38,"b:77:6:80:Infinity:undefined:undefined:undefined:undefined":9,"s:77:6:80:Infinity":39,"b:77:10:77:31:77:31:77:46":10,"s:78:8:78:Infinity":40,"s:79:8:79:Infinity":41,"s:82:4:82:Infinity":42,"s:83:4:83:Infinity":43,"f:83:11:83:17":11,"s:83:17:83:Infinity":44,"s:86:2:126:Infinity":45,"f:90:17:90:23":12,"s:90:23:90:Infinity":46,"f:90:31:90:36":13,"s:90:36:90:38":47,"b:93:14:93:Infinity:94:14:94:Infinity":11,"b:99:30:99:51:99:51:99:Infinity":12,"b:101:46:101:65:101:65:101:71":13,"b:102:112:102:127:102:127:102:129":14,"b:105:7:105:Infinity:106:8:124:Infinity":15,"f:107:23:107:Infinity":14,"s:108:12:122:Infinity":48,"f:113:23:113:29":15,"s:113:31:113:50":49,"s:113:50:113:66":50,"b:116:20:116:Infinity:117:20:117:Infinity":16,"b:121:15:121:36:121:36:121:Infinity":17,"f:145:16:145:26":16,"b:150:14:150:Infinity":18,"b:151:17:151:Infinity":19,"s:153:26:153:Infinity":51,"b:153:46:153:60:153:60:153:62":20,"f:153:68:153:74":17,"s:153:74:153:130":52,"b:153:107:153:126:153:126:153:128":21,"s:154:8:154:Infinity":53,"b:154:24:154:34:154:34:154:38":22,"f:154:42:154:48":18,"s:154:48:154:101":54,"b:154:81:154:97:154:97:154:99":23,"s:155:21:155:Infinity":55,"b:155:33:155:47:155:47:155:Infinity":24,"f:155:66:155:73":19,"s:155:73:155:92":56,"s:156:23:156:Infinity":57,"b:156:38:156:80:156:80:156:Infinity":25,"s:158:2:204:Infinity":58,"f:162:24:162:Infinity":20,"s:163:10:177:Infinity":59,"f:165:21:165:27":21,"s:165:27:165:Infinity":60,"b:169:18:169:Infinity:170:18:170:Infinity":26,"b:173:13:173:Infinity:174:14:174:Infinity":27,"b:174:124:174:142:174:142:174:144":28,"b:174:70:174:95:174:95:174:124":29,"b:195:9:195:Infinity:196:10:201:Infinity":30}}}
,"D:\\Andy\\Antigravity\\schedule-event-v2\\src\\components\\PriorityBadge.tsx": {"path":"D:\\Andy\\Antigravity\\schedule-event-v2\\src\\components\\PriorityBadge.tsx","statementMap":{"0":{"start":{"line":1,"column":15},"end":{"line":5,"column":null}},"1":{"start":{"line":8,"column":14},"end":{"line":8,"column":null}},"2":{"start":{"line":9,"column":2},"end":{"line":15,"column":null}}},"fnMap":{"0":{"name":"PriorityBadge","decl":{"start":{"line":7,"column":16},"end":{"line":7,"column":30}},"loc":{"start":{"line":7,"column":85},"end":{"line":17,"column":null}},"line":7}},"branchMap":{},"s":{"0":1,"1":5,"2":5},"f":{"0":5},"b":{},"meta":{"lastBranch":0,"lastFunction":1,"lastStatement":3,"seen":{"s:1:15:5:Infinity":0,"f:7:16:7:30":0,"s:8:14:8:Infinity":1,"s:9:2:15:Infinity":2}}}
,"D:\\Andy\\Antigravity\\schedule-event-v2\\src\\components\\SearchBar.tsx": {"path":"D:\\Andy\\Antigravity\\schedule-event-v2\\src\\components\\SearchBar.tsx","statementMap":{"0":{"start":{"line":11,"column":8},"end":{"line":11,"column":null}},"1":{"start":{"line":14,"column":2},"end":{"line":28,"column":null}},"2":{"start":{"line":15,"column":20},"end":{"line":25,"column":null}},"3":{"start":{"line":16,"column":6},"end":{"line":20,"column":null}},"4":{"start":{"line":17,"column":8},"end":{"line":17,"column":null}},"5":{"start":{"line":18,"column":8},"end":{"line":18,"column":null}},"6":{"start":{"line":19,"column":8},"end":{"line":19,"column":null}},"7":{"start":{"line":21,"column":6},"end":{"line":24,"column":null}},"8":{"start":{"line":22,"column":8},"end":{"line":22,"column":null}},"9":{"start":{"line":23,"column":8},"end":{"line":23,"column":null}},"10":{"start":{"line":26,"column":4},"end":{"line":26,"column":null}},"11":{"start":{"line":27,"column":4},"end":{"line":27,"column":null}},"12":{"start":{"line":27,"column":17},"end":{"line":27,"column":null}},"13":{"start":{"line":30,"column":2},"end":{"line":60,"column":null}},"14":{"start":{"line":37,"column":23},"end":{"line":37,"column":null}},"15":{"start":{"line":48,"column":29},"end":{"line":48,"column":43}},"16":{"start":{"line":48,"column":43},"end":{"line":48,"column":70}}},"fnMap":{"0":{"name":"SearchBar","decl":{"start":{"line":10,"column":16},"end":{"line":10,"column":26}},"loc":{"start":{"line":10,"column":97},"end":{"line":62,"column":null}},"line":10},"1":{"name":"(anonymous_1)","decl":{"start":{"line":14,"column":12},"end":{"line":14,"column":18}},"loc":{"start":{"line":14,"column":18},"end":{"line":28,"column":5}},"line":14},"2":{"name":"(anonymous_2)","decl":{"start":{"line":15,"column":20},"end":{"line":15,"column":21}},"loc":{"start":{"line":15,"column":42},"end":{"line":25,"column":null}},"line":15},"3":{"name":"(anonymous_3)","decl":{"start":{"line":27,"column":11},"end":{"line":27,"column":17}},"loc":{"start":{"line":27,"column":17},"end":{"line":27,"column":null}},"line":27},"4":{"name":"(anonymous_4)","decl":{"start":{"line":37,"column":18},"end":{"line":37,"column":23}},"loc":{"start":{"line":37,"column":23},"end":{"line":37,"column":null}},"line":37},"5":{"name":"(anonymous_5)","decl":{"start":{"line":48,"column":21},"end":{"line":48,"column":27}},"loc":{"start":{"line":48,"column":27},"end":{"line":48,"column":null}},"line":48}},"branchMap":{"0":{"loc":{"start":{"line":10,"column":45},"end":{"line":10,"column":87}},"type":"default-arg","locations":[{"start":{"line":10,"column":59},"end":{"line":10,"column":87}}],"line":10},"1":{"loc":{"start":{"line":16,"column":6},"end":{"line":20,"column":null}},"type":"if","locations":[{"start":{"line":16,"column":6},"end":{"line":20,"column":null}},{"start":{},"end":{}}],"line":16},"2":{"loc":{"start":{"line":16,"column":6},"end":{"line":16,"column":53}},"type":"binary-expr","locations":[{"start":{"line":16,"column":11},"end":{"line":16,"column":24}},{"start":{"line":16,"column":24},"end":{"line":16,"column":38}},{"start":{"line":16,"column":38},"end":{"line":16,"column":53}}],"line":16},"3":{"loc":{"start":{"line":21,"column":6},"end":{"line":24,"column":null}},"type":"if","locations":[{"start":{"line":21,"column":6},"end":{"line":24,"column":null}},{"start":{},"end":{}}],"line":21},"4":{"loc":{"start":{"line":21,"column":10},"end":{"line":21,"column":185}},"type":"binary-expr","locations":[{"start":{"line":21,"column":10},"end":{"line":21,"column":27}},{"start":{"line":21,"column":27},"end":{"line":21,"column":74}},{"start":{"line":21,"column":74},"end":{"line":21,"column":124}},{"start":{"line":21,"column":124},"end":{"line":21,"column":185}}],"line":21},"5":{"loc":{"start":{"line":32,"column":95},"end":{"line":32,"column":174}},"type":"cond-expr","locations":[{"start":{"line":32,"column":103},"end":{"line":32,"column":123}},{"start":{"line":32,"column":123},"end":{"line":32,"column":174}}],"line":32},"6":{"loc":{"start":{"line":46,"column":9},"end":{"line":57,"column":null}},"type":"cond-expr","locations":[{"start":{"line":47,"column":10},"end":{"line":53,"column":null}},{"start":{"line":55,"column":10},"end":{"line":57,"column":null}}],"line":46}},"s":{"0":12,"1":12,"2":12,"3":0,"4":0,"5":0,"6":0,"7":0,"8":0,"9":0,"10":12,"11":12,"12":12,"13":12,"14":1,"15":1,"16":1},"f":{"0":12,"1":12,"2":0,"3":12,"4":1,"5":1},"b":{"0":[12],"1":[0,0],"2":[0,0,0],"3":[0,0],"4":[0,0,0,0],"5":[3,9],"6":[3,9]},"meta":{"lastBranch":7,"lastFunction":6,"lastStatement":17,"seen":{"f:10:16:10:26":0,"b:10:59:10:87":0,"s:11:8:11:Infinity":0,"s:14:2:28:Infinity":1,"f:14:12:14:18":1,"s:15:20:25:Infinity":2,"f:15:20:15:21":2,"b:16:6:20:Infinity:undefined:undefined:undefined:undefined":1,"s:16:6:20:Infinity":3,"b:16:11:16:24:16:24:16:38:16:38:16:53":2,"s:17:8:17:Infinity":4,"s:18:8:18:Infinity":5,"s:19:8:19:Infinity":6,"b:21:6:24:Infinity:undefined:undefined:undefined:undefined":3,"s:21:6:24:Infinity":7,"b:21:10:21:27:21:27:21:74:21:74:21:124:21:124:21:185":4,"s:22:8:22:Infinity":8,"s:23:8:23:Infinity":9,"s:26:4:26:Infinity":10,"s:27:4:27:Infinity":11,"f:27:11:27:17":3,"s:27:17:27:Infinity":12,"s:30:2:60:Infinity":13,"b:32:103:32:123:32:123:32:174":5,"f:37:18:37:23":4,"s:37:23:37:Infinity":14,"b:47:10:53:Infinity:55:10:57:Infinity":6,"f:48:21:48:27":5,"s:48:29:48:43":15,"s:48:43:48:70":16}}}
,"D:\\Andy\\Antigravity\\schedule-event-v2\\src\\components\\StatCard.tsx": {"path":"D:\\Andy\\Antigravity\\schedule-event-v2\\src\\components\\StatCard.tsx","statementMap":{"0":{"start":{"line":15,"column":24},"end":{"line":15,"column":null}},"1":{"start":{"line":16,"column":8},"end":{"line":16,"column":null}},"2":{"start":{"line":18,"column":2},"end":{"line":36,"column":null}},"3":{"start":{"line":19,"column":20},"end":{"line":30,"column":null}},"4":{"start":{"line":20,"column":20},"end":{"line":20,"column":null}},"5":{"start":{"line":21,"column":19},"end":{"line":28,"column":null}},"6":{"start":{"line":22,"column":24},"end":{"line":22,"column":null}},"7":{"start":{"line":23,"column":25},"end":{"line":23,"column":null}},"8":{"start":{"line":25,"column":22},"end":{"line":25,"column":null}},"9":{"start":{"line":26,"column":8},"end":{"line":26,"column":null}},"10":{"start":{"line":27,"column":8},"end":{"line":27,"column":null}},"11":{"start":{"line":27,"column":26},"end":{"line":27,"column":null}},"12":{"start":{"line":29,"column":6},"end":{"line":29,"column":null}},"13":{"start":{"line":32,"column":4},"end":{"line":35,"column":null}},"14":{"start":{"line":33,"column":6},"end":{"line":33,"column":null}},"15":{"start":{"line":34,"column":6},"end":{"line":34,"column":null}},"16":{"start":{"line":34,"column":26},"end":{"line":34,"column":null}},"17":{"start":{"line":38,"column":2},"end":{"line":38,"column":null}},"18":{"start":{"line":42,"column":20},"end":{"line":42,"column":null}},"19":{"start":{"line":44,"column":2},"end":{"line":71,"column":null}}},"fnMap":{"0":{"name":"useCountUp","decl":{"start":{"line":14,"column":9},"end":{"line":14,"column":20}},"loc":{"start":{"line":14,"column":63},"end":{"line":39,"column":null}},"line":14},"1":{"name":"(anonymous_1)","decl":{"start":{"line":18,"column":12},"end":{"line":18,"column":18}},"loc":{"start":{"line":18,"column":18},"end":{"line":36,"column":5}},"line":18},"2":{"name":"(anonymous_2)","decl":{"start":{"line":19,"column":31},"end":{"line":19,"column":37}},"loc":{"start":{"line":19,"column":37},"end":{"line":30,"column":7}},"line":19},"3":{"name":"(anonymous_3)","decl":{"start":{"line":21,"column":19},"end":{"line":21,"column":20}},"loc":{"start":{"line":21,"column":36},"end":{"line":28,"column":null}},"line":21},"4":{"name":"(anonymous_4)","decl":{"start":{"line":32,"column":11},"end":{"line":32,"column":17}},"loc":{"start":{"line":32,"column":17},"end":{"line":35,"column":null}},"line":32},"5":{"name":"StatCard","decl":{"start":{"line":41,"column":16},"end":{"line":41,"column":25}},"loc":{"start":{"line":41,"column":117},"end":{"line":73,"column":null}},"line":41}},"branchMap":{"0":{"loc":{"start":{"line":14,"column":36},"end":{"line":14,"column":52}},"type":"default-arg","locations":[{"start":{"line":14,"column":47},"end":{"line":14,"column":52}}],"line":14},"1":{"loc":{"start":{"line":14,"column":52},"end":{"line":14,"column":63}},"type":"default-arg","locations":[{"start":{"line":14,"column":60},"end":{"line":14,"column":63}}],"line":14},"2":{"loc":{"start":{"line":27,"column":8},"end":{"line":27,"column":null}},"type":"if","locations":[{"start":{"line":27,"column":8},"end":{"line":27,"column":null}},{"start":{},"end":{}}],"line":27},"3":{"loc":{"start":{"line":34,"column":6},"end":{"line":34,"column":null}},"type":"if","locations":[{"start":{"line":34,"column":6},"end":{"line":34,"column":null}},{"start":{},"end":{}}],"line":34},"4":{"loc":{"start":{"line":41,"column":67},"end":{"line":41,"column":78}},"type":"default-arg","locations":[{"start":{"line":41,"column":75},"end":{"line":41,"column":78}}],"line":41},"5":{"loc":{"start":{"line":41,"column":78},"end":{"line":41,"column":93}},"type":"default-arg","locations":[{"start":{"line":41,"column":86},"end":{"line":41,"column":93}}],"line":41},"6":{"loc":{"start":{"line":57,"column":11},"end":{"line":57,"column":null}},"type":"binary-expr","locations":[{"start":{"line":57,"column":11},"end":{"line":57,"column":23}},{"start":{"line":57,"column":23},"end":{"line":57,"column":null}}],"line":57},"7":{"loc":{"start":{"line":58,"column":11},"end":{"line":64,"column":null}},"type":"binary-expr","locations":[{"start":{"line":58,"column":11},"end":{"line":58,"column":null}},{"start":{"line":59,"column":12},"end":{"line":64,"column":null}}],"line":58},"8":{"loc":{"start":{"line":60,"column":52},"end":{"line":60,"column":104}},"type":"cond-expr","locations":[{"start":{"line":60,"column":71},"end":{"line":60,"column":89}},{"start":{"line":60,"column":89},"end":{"line":60,"column":104}}],"line":60},"9":{"loc":{"start":{"line":61,"column":17},"end":{"line":61,"column":46}},"type":"cond-expr","locations":[{"start":{"line":61,"column":36},"end":{"line":61,"column":42}},{"start":{"line":61,"column":42},"end":{"line":61,"column":46}}],"line":61},"10":{"loc":{"start":{"line":67,"column":149},"end":{"line":67,"column":172}},"type":"cond-expr","locations":[{"start":{"line":67,"column":157},"end":{"line":67,"column":170}},{"start":{"line":67,"column":170},"end":{"line":67,"column":172}}],"line":67}},"s":{"0":15,"1":15,"2":15,"3":15,"4":0,"5":0,"6":0,"7":0,"8":0,"9":0,"10":0,"11":0,"12":0,"13":15,"14":15,"15":15,"16":0,"17":15,"18":15,"19":15},"f":{"0":15,"1":15,"2":0,"3":0,"4":15,"5":15},"b":{"0":[15],"1":[15],"2":[0,0],"3":[0,15],"4":[15],"5":[15],"6":[15,13],"7":[15,0],"8":[0,0],"9":[0,0],"10":[3,12]},"meta":{"lastBranch":11,"lastFunction":6,"lastStatement":20,"seen":{"f:14:9:14:20":0,"b:14:47:14:52":0,"b:14:60:14:63":1,"s:15:24:15:Infinity":0,"s:16:8:16:Infinity":1,"s:18:2:36:Infinity":2,"f:18:12:18:18":1,"s:19:20:30:Infinity":3,"f:19:31:19:37":2,"s:20:20:20:Infinity":4,"s:21:19:28:Infinity":5,"f:21:19:21:20":3,"s:22:24:22:Infinity":6,"s:23:25:23:Infinity":7,"s:25:22:25:Infinity":8,"s:26:8:26:Infinity":9,"b:27:8:27:Infinity:undefined:undefined:undefined:undefined":2,"s:27:8:27:Infinity":10,"s:27:26:27:Infinity":11,"s:29:6:29:Infinity":12,"s:32:4:35:Infinity":13,"f:32:11:32:17":4,"s:33:6:33:Infinity":14,"b:34:6:34:Infinity:undefined:undefined:undefined:undefined":3,"s:34:6:34:Infinity":15,"s:34:26:34:Infinity":16,"s:38:2:38:Infinity":17,"f:41:16:41:25":5,"b:41:75:41:78":4,"b:41:86:41:93":5,"s:42:20:42:Infinity":18,"s:44:2:71:Infinity":19,"b:57:11:57:23:57:23:57:Infinity":6,"b:58:11:58:Infinity:59:12:64:Infinity":7,"b:60:71:60:89:60:89:60:104":8,"b:61:36:61:42:61:42:61:46":9,"b:67:157:67:170:67:170:67:172":10}}}
,"D:\\Andy\\Antigravity\\schedule-event-v2\\src\\components\\StatusBadge.tsx": {"path":"D:\\Andy\\Antigravity\\schedule-event-v2\\src\\components\\StatusBadge.tsx","statementMap":{"0":{"start":{"line":3,"column":92},"end":{"line":24,"column":null}},"1":{"start":{"line":32,"column":14},"end":{"line":32,"column":null}},"2":{"start":{"line":33,"column":2},"end":{"line":40,"column":null}}},"fnMap":{"0":{"name":"StatusBadge","decl":{"start":{"line":31,"column":16},"end":{"line":31,"column":28}},"loc":{"start":{"line":31,"column":60},"end":{"line":42,"column":null}},"line":31}},"branchMap":{"0":{"loc":{"start":{"line":31,"column":38},"end":{"line":31,"column":50}},"type":"default-arg","locations":[{"start":{"line":31,"column":45},"end":{"line":31,"column":50}}],"line":31},"1":{"loc":{"start":{"line":35,"column":78},"end":{"line":35,"column":139}},"type":"cond-expr","locations":[{"start":{"line":35,"column":94},"end":{"line":35,"column":118}},{"start":{"line":35,"column":118},"end":{"line":35,"column":139}}],"line":35}},"s":{"0":1,"1":7,"2":7},"f":{"0":7},"b":{"0":[7],"1":[1,6]},"meta":{"lastBranch":2,"lastFunction":1,"lastStatement":3,"seen":{"s:3:92:24:Infinity":0,"f:31:16:31:28":0,"b:31:45:31:50":0,"s:32:14:32:Infinity":1,"s:33:2:40:Infinity":2,"b:35:94:35:118:35:118:35:139":1}}}
,"D:\\Andy\\Antigravity\\schedule-event-v2\\src\\components\\Toast.tsx": {"path":"D:\\Andy\\Antigravity\\schedule-event-v2\\src\\components\\Toast.tsx","statementMap":{"0":{"start":{"line":16,"column":16},"end":{"line":20,"column":null}},"1":{"start":{"line":22,"column":14},"end":{"line":26,"column":null}},"2":{"start":{"line":28,"column":17},"end":{"line":32,"column":null}},"3":{"start":{"line":34,"column":15},"end":{"line":38,"column":null}},"4":{"start":{"line":41,"column":30},"end":{"line":41,"column":null}},"5":{"start":{"line":42,"column":8},"end":{"line":42,"column":null}},"6":{"start":{"line":43,"column":8},"end":{"line":43,"column":null}},"7":{"start":{"line":44,"column":8},"end":{"line":44,"column":null}},"8":{"start":{"line":46,"column":8},"end":{"line":49,"column":null}},"9":{"start":{"line":47,"column":4},"end":{"line":47,"column":null}},"10":{"start":{"line":48,"column":4},"end":{"line":48,"column":null}},"11":{"start":{"line":51,"column":8},"end":{"line":56,"column":null}},"12":{"start":{"line":52,"column":4},"end":{"line":55,"column":null}},"13":{"start":{"line":53,"column":6},"end":{"line":53,"column":null}},"14":{"start":{"line":54,"column":6},"end":{"line":54,"column":null}},"15":{"start":{"line":58,"column":2},"end":{"line":63,"column":null}},"16":{"start":{"line":59,"column":4},"end":{"line":59,"column":null}},"17":{"start":{"line":60,"column":4},"end":{"line":62,"column":null}},"18":{"start":{"line":61,"column":6},"end":{"line":61,"column":null}},"19":{"start":{"line":61,"column":28},"end":{"line":61,"column":null}},"20":{"start":{"line":65,"column":27},"end":{"line":68,"column":null}},"21":{"start":{"line":66,"column":4},"end":{"line":66,"column":null}},"22":{"start":{"line":67,"column":4},"end":{"line":67,"column":null}},"23":{"start":{"line":70,"column":27},"end":{"line":73,"column":null}},"24":{"start":{"line":71,"column":4},"end":{"line":71,"column":null}},"25":{"start":{"line":72,"column":4},"end":{"line":72,"column":null}},"26":{"start":{"line":75,"column":2},"end":{"line":105,"column":null}},"27":{"start":{"line":118,"column":2},"end":{"line":123,"column":null}},"28":{"start":{"line":127,"column":2},"end":{"line":127,"column":null}},"29":{"start":{"line":127,"column":27},"end":{"line":127,"column":null}},"30":{"start":{"line":129,"column":2},"end":{"line":141,"column":null}},"31":{"start":{"line":137,"column":8},"end":{"line":139,"column":null}},"32":{"start":{"line":138,"column":47},"end":{"line":138,"column":63}}},"fnMap":{"0":{"name":"ToastItem","decl":{"start":{"line":40,"column":9},"end":{"line":40,"column":19}},"loc":{"start":{"line":40,"column":87},"end":{"line":107,"column":null}},"line":40},"1":{"name":"(anonymous_1)","decl":{"start":{"line":46,"column":33},"end":{"line":46,"column":39}},"loc":{"start":{"line":46,"column":39},"end":{"line":49,"column":5}},"line":46},"2":{"name":"(anonymous_2)","decl":{"start":{"line":51,"column":33},"end":{"line":51,"column":39}},"loc":{"start":{"line":51,"column":39},"end":{"line":56,"column":5}},"line":51},"3":{"name":"(anonymous_3)","decl":{"start":{"line":58,"column":12},"end":{"line":58,"column":18}},"loc":{"start":{"line":58,"column":18},"end":{"line":63,"column":5}},"line":58},"4":{"name":"(anonymous_4)","decl":{"start":{"line":60,"column":11},"end":{"line":60,"column":17}},"loc":{"start":{"line":60,"column":17},"end":{"line":62,"column":null}},"line":60},"5":{"name":"(anonymous_5)","decl":{"start":{"line":65,"column":27},"end":{"line":65,"column":33}},"loc":{"start":{"line":65,"column":33},"end":{"line":68,"column":null}},"line":65},"6":{"name":"(anonymous_6)","decl":{"start":{"line":70,"column":27},"end":{"line":70,"column":33}},"loc":{"start":{"line":70,"column":33},"end":{"line":73,"column":null}},"line":70},"7":{"name":"toast","decl":{"start":{"line":109,"column":16},"end":{"line":109,"column":22}},"loc":{"start":{"line":117,"column":17},"end":{"line":124,"column":null}},"line":117},"8":{"name":"Toast","decl":{"start":{"line":126,"column":24},"end":{"line":126,"column":30}},"loc":{"start":{"line":126,"column":64},"end":{"line":143,"column":null}},"line":126},"9":{"name":"(anonymous_9)","decl":{"start":{"line":136,"column":18},"end":{"line":136,"column":19}},"loc":{"start":{"line":137,"column":8},"end":{"line":139,"column":null}},"line":137},"10":{"name":"(anonymous_10)","decl":{"start":{"line":138,"column":41},"end":{"line":138,"column":47}},"loc":{"start":{"line":138,"column":47},"end":{"line":138,"column":63}},"line":138}},"branchMap":{"0":{"loc":{"start":{"line":52,"column":4},"end":{"line":55,"column":null}},"type":"if","locations":[{"start":{"line":52,"column":4},"end":{"line":55,"column":null}},{"start":{},"end":{}}],"line":52},"1":{"loc":{"start":{"line":61,"column":6},"end":{"line":61,"column":null}},"type":"if","locations":[{"start":{"line":61,"column":6},"end":{"line":61,"column":null}},{"start":{},"end":{}}],"line":61},"2":{"loc":{"start":{"line":98,"column":60},"end":{"line":98,"column":159}},"type":"cond-expr","locations":[{"start":{"line":98,"column":85},"end":{"line":98,"column":100}},{"start":{"line":98,"column":100},"end":{"line":98,"column":159}}],"line":98},"3":{"loc":{"start":{"line":98,"column":100},"end":{"line":98,"column":159}},"type":"cond-expr","locations":[{"start":{"line":98,"column":127},"end":{"line":98,"column":146}},{"start":{"line":98,"column":146},"end":{"line":98,"column":159}}],"line":98},"4":{"loc":{"start":{"line":101,"column":32},"end":{"line":101,"column":null}},"type":"cond-expr","locations":[{"start":{"line":101,"column":43},"end":{"line":101,"column":54}},{"start":{"line":101,"column":54},"end":{"line":101,"column":null}}],"line":101},"5":{"loc":{"start":{"line":127,"column":2},"end":{"line":127,"column":null}},"type":"if","locations":[{"start":{"line":127,"column":2},"end":{"line":127,"column":null}},{"start":{},"end":{}}],"line":127}},"s":{"0":1,"1":1,"2":1,"3":1,"4":6,"5":6,"6":6,"7":6,"8":6,"9":6,"10":6,"11":6,"12":0,"13":0,"14":0,"15":6,"16":6,"17":6,"18":6,"19":6,"20":6,"21":0,"22":0,"23":6,"24":0,"25":0,"26":6,"27":0,"28":6,"29":1,"30":5,"31":6,"32":1},"f":{"0":6,"1":6,"2":0,"3":6,"4":6,"5":0,"6":0,"7":0,"8":6,"9":6,"10":1},"b":{"0":[0,0],"1":[6,0],"2":[2,4],"3":[3,1],"4":[0,6],"5":[1,5]},"meta":{"lastBranch":6,"lastFunction":11,"lastStatement":33,"seen":{"s:16:16:20:Infinity":0,"s:22:14:26:Infinity":1,"s:28:17:32:Infinity":2,"s:34:15:38:Infinity":3,"f:40:9:40:19":0,"s:41:30:41:Infinity":4,"s:42:8:42:Infinity":5,"s:43:8:43:Infinity":6,"s:44:8:44:Infinity":7,"s:46:8:49:Infinity":8,"f:46:33:46:39":1,"s:47:4:47:Infinity":9,"s:48:4:48:Infinity":10,"s:51:8:56:Infinity":11,"f:51:33:51:39":2,"b:52:4:55:Infinity:undefined:undefined:undefined:undefined":0,"s:52:4:55:Infinity":12,"s:53:6:53:Infinity":13,"s:54:6:54:Infinity":14,"s:58:2:63:Infinity":15,"f:58:12:58:18":3,"s:59:4:59:Infinity":16,"s:60:4:62:Infinity":17,"f:60:11:60:17":4,"b:61:6:61:Infinity:undefined:undefined:undefined:undefined":1,"s:61:6:61:Infinity":18,"s:61:28:61:Infinity":19,"s:65:27:68:Infinity":20,"f:65:27:65:33":5,"s:66:4:66:Infinity":21,"s:67:4:67:Infinity":22,"s:70:27:73:Infinity":23,"f:70:27:70:33":6,"s:71:4:71:Infinity":24,"s:72:4:72:Infinity":25,"s:75:2:105:Infinity":26,"b:98:85:98:100:98:100:98:159":2,"b:98:127:98:146:98:146:98:159":3,"b:101:43:101:54:101:54:101:Infinity":4,"f:109:16:109:22":7,"s:118:2:123:Infinity":27,"f:126:24:126:30":8,"b:127:2:127:Infinity:undefined:undefined:undefined:undefined":5,"s:127:2:127:Infinity":28,"s:127:27:127:Infinity":29,"s:129:2:141:Infinity":30,"f:136:18:136:19":9,"s:137:8:139:Infinity":31,"f:138:41:138:47":10,"s:138:47:138:63":32}}}
,"D:\\Andy\\Antigravity\\schedule-event-v2\\src\\components\\community\\CommunityBenefits.tsx": {"path":"D:\\Andy\\Antigravity\\schedule-event-v2\\src\\components\\community\\CommunityBenefits.tsx","statementMap":{"0":{"start":{"line":5,"column":89},"end":{"line":30,"column":null}},"1":{"start":{"line":42,"column":25},"end":{"line":42,"column":null}},"2":{"start":{"line":44,"column":2},"end":{"line":51,"column":null}},"3":{"start":{"line":56,"column":2},"end":{"line":59,"column":null}},"4":{"start":{"line":64,"column":2},"end":{"line":111,"column":null}},"5":{"start":{"line":79,"column":12},"end":{"line":107,"column":null}}},"fnMap":{"0":{"name":"RevealSection","decl":{"start":{"line":32,"column":9},"end":{"line":32,"column":23}},"loc":{"start":{"line":41,"column":39},"end":{"line":53,"column":null}},"line":41},"1":{"name":"eyebrow","decl":{"start":{"line":55,"column":9},"end":{"line":55,"column":17}},"loc":{"start":{"line":55,"column":32},"end":{"line":61,"column":null}},"line":55},"2":{"name":"CommunityBenefits","decl":{"start":{"line":63,"column":16},"end":{"line":63,"column":36}},"loc":{"start":{"line":63,"column":36},"end":{"line":113,"column":null}},"line":63},"3":{"name":"(anonymous_3)","decl":{"start":{"line":78,"column":24},"end":{"line":78,"column":25}},"loc":{"start":{"line":79,"column":12},"end":{"line":107,"column":null}},"line":79}},"branchMap":{"0":{"loc":{"start":{"line":34,"column":2},"end":{"line":34,"column":null}},"type":"default-arg","locations":[{"start":{"line":34,"column":14},"end":{"line":34,"column":null}}],"line":34},"1":{"loc":{"start":{"line":35,"column":2},"end":{"line":35,"column":null}},"type":"default-arg","locations":[{"start":{"line":35,"column":14},"end":{"line":35,"column":null}}],"line":35},"2":{"loc":{"start":{"line":47,"column":37},"end":{"line":47,"column":82}},"type":"cond-expr","locations":[{"start":{"line":47,"column":62},"end":{"line":47,"column":80}},{"start":{"line":47,"column":80},"end":{"line":47,"column":82}}],"line":47},"3":{"loc":{"start":{"line":47,"column":86},"end":{"line":47,"column":119}},"type":"cond-expr","locations":[{"start":{"line":47,"column":98},"end":{"line":47,"column":117}},{"start":{"line":47,"column":117},"end":{"line":47,"column":119}}],"line":47}},"s":{"0":1,"1":4,"2":4,"3":4,"4":4,"5":16},"f":{"0":4,"1":4,"2":4,"3":16},"b":{"0":[4],"1":[4],"2":[4,0],"3":[0,4]},"meta":{"lastBranch":4,"lastFunction":4,"lastStatement":6,"seen":{"s:5:89:30:Infinity":0,"f:32:9:32:23":0,"b:34:14:34:Infinity":0,"b:35:14:35:Infinity":1,"s:42:25:42:Infinity":1,"s:44:2:51:Infinity":2,"b:47:62:47:80:47:80:47:82":2,"b:47:98:47:117:47:117:47:119":3,"f:55:9:55:17":1,"s:56:2:59:Infinity":3,"f:63:16:63:36":2,"s:64:2:111:Infinity":4,"f:78:24:78:25":3,"s:79:12:107:Infinity":5}}}
,"D:\\Andy\\Antigravity\\schedule-event-v2\\src\\components\\community\\CommunityFAQ.tsx": {"path":"D:\\Andy\\Antigravity\\schedule-event-v2\\src\\components\\community\\CommunityFAQ.tsx","statementMap":{"0":{"start":{"line":5,"column":38},"end":{"line":12,"column":null}},"1":{"start":{"line":14,"column":18},"end":{"line":14,"column":null}},"2":{"start":{"line":24,"column":25},"end":{"line":24,"column":null}},"3":{"start":{"line":26,"column":2},"end":{"line":33,"column":null}},"4":{"start":{"line":38,"column":2},"end":{"line":41,"column":null}},"5":{"start":{"line":46,"column":28},"end":{"line":46,"column":null}},"6":{"start":{"line":48,"column":2},"end":{"line":86,"column":null}},"7":{"start":{"line":59,"column":27},"end":{"line":59,"column":null}},"8":{"start":{"line":60,"column":12},"end":{"line":81,"column":null}},"9":{"start":{"line":68,"column":33},"end":{"line":68,"column":null}}},"fnMap":{"0":{"name":"RevealSection","decl":{"start":{"line":16,"column":9},"end":{"line":16,"column":23}},"loc":{"start":{"line":23,"column":39},"end":{"line":35,"column":null}},"line":23},"1":{"name":"eyebrow","decl":{"start":{"line":37,"column":9},"end":{"line":37,"column":17}},"loc":{"start":{"line":37,"column":32},"end":{"line":43,"column":null}},"line":37},"2":{"name":"CommunityFAQ","decl":{"start":{"line":45,"column":16},"end":{"line":45,"column":31}},"loc":{"start":{"line":45,"column":31},"end":{"line":88,"column":null}},"line":45},"3":{"name":"(anonymous_3)","decl":{"start":{"line":58,"column":20},"end":{"line":58,"column":21}},"loc":{"start":{"line":58,"column":51},"end":{"line":83,"column":11}},"line":58},"4":{"name":"(anonymous_4)","decl":{"start":{"line":68,"column":27},"end":{"line":68,"column":33}},"loc":{"start":{"line":68,"column":33},"end":{"line":68,"column":null}},"line":68}},"branchMap":{"0":{"loc":{"start":{"line":18,"column":2},"end":{"line":18,"column":null}},"type":"default-arg","locations":[{"start":{"line":18,"column":14},"end":{"line":18,"column":null}}],"line":18},"1":{"loc":{"start":{"line":29,"column":37},"end":{"line":29,"column":70}},"type":"cond-expr","locations":[{"start":{"line":29,"column":49},"end":{"line":29,"column":68}},{"start":{"line":29,"column":68},"end":{"line":29,"column":70}}],"line":29},"2":{"loc":{"start":{"line":68,"column":44},"end":{"line":68,"column":63}},"type":"cond-expr","locations":[{"start":{"line":68,"column":53},"end":{"line":68,"column":58}},{"start":{"line":68,"column":58},"end":{"line":68,"column":63}}],"line":68},"3":{"loc":{"start":{"line":71,"column":33},"end":{"line":71,"column":null}},"type":"cond-expr","locations":[{"start":{"line":71,"column":42},"end":{"line":71,"column":69}},{"start":{"line":71,"column":69},"end":{"line":71,"column":null}}],"line":71},"4":{"loc":{"start":{"line":74,"column":110},"end":{"line":74,"column":136}},"type":"cond-expr","locations":[{"start":{"line":74,"column":119},"end":{"line":74,"column":134}},{"start":{"line":74,"column":134},"end":{"line":74,"column":136}}],"line":74},"5":{"loc":{"start":{"line":76,"column":17},"end":{"line":79,"column":null}},"type":"binary-expr","locations":[{"start":{"line":76,"column":17},"end":{"line":76,"column":null}},{"start":{"line":77,"column":18},"end":{"line":79,"column":null}}],"line":76}},"s":{"0":1,"1":1,"2":7,"3":7,"4":7,"5":7,"6":7,"7":42,"8":42,"9":2},"f":{"0":7,"1":7,"2":7,"3":42,"4":2},"b":{"0":[7],"1":[0,7],"2":[0,2],"3":[7,35],"4":[7,35],"5":[42,7]},"meta":{"lastBranch":6,"lastFunction":5,"lastStatement":10,"seen":{"s:5:38:12:Infinity":0,"s:14:18:14:Infinity":1,"f:16:9:16:23":0,"b:18:14:18:Infinity":0,"s:24:25:24:Infinity":2,"s:26:2:33:Infinity":3,"b:29:49:29:68:29:68:29:70":1,"f:37:9:37:17":1,"s:38:2:41:Infinity":4,"f:45:16:45:31":2,"s:46:28:46:Infinity":5,"s:48:2:86:Infinity":6,"f:58:20:58:21":3,"s:59:27:59:Infinity":7,"s:60:12:81:Infinity":8,"f:68:27:68:33":4,"s:68:33:68:Infinity":9,"b:68:53:68:58:68:58:68:63":2,"b:71:42:71:69:71:69:71:Infinity":3,"b:74:119:74:134:74:134:74:136":4,"b:76:17:76:Infinity:77:18:79:Infinity":5}}}
,"D:\\Andy\\Antigravity\\schedule-event-v2\\src\\components\\community\\CommunityFacilities.tsx": {"path":"D:\\Andy\\Antigravity\\schedule-event-v2\\src\\components\\community\\CommunityFacilities.tsx","statementMap":{"0":{"start":{"line":5,"column":78},"end":{"line":12,"column":null}},"1":{"start":{"line":24,"column":25},"end":{"line":24,"column":null}},"2":{"start":{"line":26,"column":2},"end":{"line":33,"column":null}},"3":{"start":{"line":38,"column":2},"end":{"line":41,"column":null}},"4":{"start":{"line":46,"column":2},"end":{"line":76,"column":null}},"5":{"start":{"line":63,"column":12},"end":{"line":72,"column":null}}},"fnMap":{"0":{"name":"RevealSection","decl":{"start":{"line":14,"column":9},"end":{"line":14,"column":23}},"loc":{"start":{"line":23,"column":39},"end":{"line":35,"column":null}},"line":23},"1":{"name":"eyebrow","decl":{"start":{"line":37,"column":9},"end":{"line":37,"column":17}},"loc":{"start":{"line":37,"column":32},"end":{"line":43,"column":null}},"line":37},"2":{"name":"CommunityFacilities","decl":{"start":{"line":45,"column":16},"end":{"line":45,"column":38}},"loc":{"start":{"line":45,"column":38},"end":{"line":78,"column":null}},"line":45},"3":{"name":"(anonymous_3)","decl":{"start":{"line":62,"column":26},"end":{"line":62,"column":null}},"loc":{"start":{"line":63,"column":12},"end":{"line":72,"column":null}},"line":63}},"branchMap":{"0":{"loc":{"start":{"line":16,"column":2},"end":{"line":16,"column":null}},"type":"default-arg","locations":[{"start":{"line":16,"column":14},"end":{"line":16,"column":null}}],"line":16},"1":{"loc":{"start":{"line":17,"column":2},"end":{"line":17,"column":null}},"type":"default-arg","locations":[{"start":{"line":17,"column":14},"end":{"line":17,"column":null}}],"line":17},"2":{"loc":{"start":{"line":29,"column":37},"end":{"line":29,"column":82}},"type":"cond-expr","locations":[{"start":{"line":29,"column":62},"end":{"line":29,"column":80}},{"start":{"line":29,"column":80},"end":{"line":29,"column":82}}],"line":29},"3":{"loc":{"start":{"line":29,"column":86},"end":{"line":29,"column":119}},"type":"cond-expr","locations":[{"start":{"line":29,"column":98},"end":{"line":29,"column":117}},{"start":{"line":29,"column":117},"end":{"line":29,"column":119}}],"line":29}},"s":{"0":1,"1":4,"2":4,"3":4,"4":4,"5":24},"f":{"0":4,"1":4,"2":4,"3":24},"b":{"0":[4],"1":[4],"2":[4,0],"3":[0,4]},"meta":{"lastBranch":4,"lastFunction":4,"lastStatement":6,"seen":{"s:5:78:12:Infinity":0,"f:14:9:14:23":0,"b:16:14:16:Infinity":0,"b:17:14:17:Infinity":1,"s:24:25:24:Infinity":1,"s:26:2:33:Infinity":2,"b:29:62:29:80:29:80:29:82":2,"b:29:98:29:117:29:117:29:119":3,"f:37:9:37:17":1,"s:38:2:41:Infinity":3,"f:45:16:45:38":2,"s:46:2:76:Infinity":4,"f:62:26:62:Infinity":3,"s:63:12:72:Infinity":5}}}
,"D:\\Andy\\Antigravity\\schedule-event-v2\\src\\components\\community\\CommunityHero.tsx": {"path":"D:\\Andy\\Antigravity\\schedule-event-v2\\src\\components\\community\\CommunityHero.tsx","statementMap":{"0":{"start":{"line":5,"column":14},"end":{"line":9,"column":null}},"1":{"start":{"line":11,"column":18},"end":{"line":11,"column":null}},"2":{"start":{"line":23,"column":25},"end":{"line":23,"column":null}},"3":{"start":{"line":24,"column":14},"end":{"line":24,"column":null}},"4":{"start":{"line":26,"column":2},"end":{"line":33,"column":null}},"5":{"start":{"line":42,"column":2},"end":{"line":165,"column":null}}},"fnMap":{"0":{"name":"RevealSection","decl":{"start":{"line":13,"column":9},"end":{"line":13,"column":23}},"loc":{"start":{"line":22,"column":39},"end":{"line":35,"column":null}},"line":22},"1":{"name":"CommunityHero","decl":{"start":{"line":41,"column":16},"end":{"line":41,"column":30}},"loc":{"start":{"line":41,"column":68},"end":{"line":167,"column":null}},"line":41}},"branchMap":{"0":{"loc":{"start":{"line":15,"column":2},"end":{"line":15,"column":null}},"type":"default-arg","locations":[{"start":{"line":15,"column":14},"end":{"line":15,"column":null}}],"line":15},"1":{"loc":{"start":{"line":16,"column":2},"end":{"line":16,"column":null}},"type":"default-arg","locations":[{"start":{"line":16,"column":7},"end":{"line":16,"column":null}}],"line":16},"2":{"loc":{"start":{"line":29,"column":37},"end":{"line":29,"column":70}},"type":"cond-expr","locations":[{"start":{"line":29,"column":49},"end":{"line":29,"column":68}},{"start":{"line":29,"column":68},"end":{"line":29,"column":70}}],"line":29},"3":{"loc":{"start":{"line":48,"column":7},"end":{"line":86,"column":null}},"type":"cond-expr","locations":[{"start":{"line":49,"column":8},"end":{"line":58,"column":null}},{"start":{"line":60,"column":8},"end":{"line":86,"column":null}}],"line":48}},"s":{"0":1,"1":1,"2":5,"3":5,"4":5,"5":5},"f":{"0":5,"1":5},"b":{"0":[5],"1":[5],"2":[0,5],"3":[1,4]},"meta":{"lastBranch":4,"lastFunction":2,"lastStatement":6,"seen":{"s:5:14:9:Infinity":0,"s:11:18:11:Infinity":1,"f:13:9:13:23":0,"b:15:14:15:Infinity":0,"b:16:7:16:Infinity":1,"s:23:25:23:Infinity":2,"s:24:14:24:Infinity":3,"s:26:2:33:Infinity":4,"b:29:49:29:68:29:68:29:70":2,"f:41:16:41:30":1,"s:42:2:165:Infinity":5,"b:49:8:58:Infinity:60:8:86:Infinity":3}}}
,"D:\\Andy\\Antigravity\\schedule-event-v2\\src\\components\\community\\CommunityRegistrationForm.tsx": {"path":"D:\\Andy\\Antigravity\\schedule-event-v2\\src\\components\\community\\CommunityRegistrationForm.tsx","statementMap":{"0":{"start":{"line":6,"column":24},"end":{"line":9,"column":null}},"1":{"start":{"line":11,"column":18},"end":{"line":11,"column":null}},"2":{"start":{"line":25,"column":22},"end":{"line":34,"column":null}},"3":{"start":{"line":35,"column":24},"end":{"line":35,"column":null}},"4":{"start":{"line":36,"column":34},"end":{"line":36,"column":null}},"5":{"start":{"line":37,"column":32},"end":{"line":37,"column":null}},"6":{"start":{"line":39,"column":19},"end":{"line":42,"column":null}},"7":{"start":{"line":40,"column":4},"end":{"line":40,"column":null}},"8":{"start":{"line":40,"column":21},"end":{"line":40,"column":47}},"9":{"start":{"line":41,"column":4},"end":{"line":41,"column":null}},"10":{"start":{"line":44,"column":23},"end":{"line":58,"column":null}},"11":{"start":{"line":45,"column":4},"end":{"line":45,"column":null}},"12":{"start":{"line":46,"column":4},"end":{"line":49,"column":null}},"13":{"start":{"line":47,"column":6},"end":{"line":47,"column":null}},"14":{"start":{"line":48,"column":6},"end":{"line":48,"column":null}},"15":{"start":{"line":50,"column":4},"end":{"line":50,"column":null}},"16":{"start":{"line":51,"column":4},"end":{"line":56,"column":null}},"17":{"start":{"line":52,"column":6},"end":{"line":52,"column":null}},"18":{"start":{"line":53,"column":6},"end":{"line":53,"column":null}},"19":{"start":{"line":55,"column":6},"end":{"line":55,"column":null}},"20":{"start":{"line":57,"column":4},"end":{"line":57,"column":null}},"21":{"start":{"line":60,"column":2},"end":{"line":80,"column":null}},"22":{"start":{"line":61,"column":4},"end":{"line":78,"column":null}},"23":{"start":{"line":73,"column":27},"end":{"line":73,"column":48}},"24":{"start":{"line":73,"column":48},"end":{"line":73,"column":181}},"25":{"start":{"line":82,"column":21},"end":{"line":82,"column":null}},"26":{"start":{"line":83,"column":21},"end":{"line":83,"column":null}},"27":{"start":{"line":85,"column":2},"end":{"line":139,"column":null}},"28":{"start":{"line":93,"column":78},"end":{"line":93,"column":121}},"29":{"start":{"line":97,"column":74},"end":{"line":97,"column":117}},"30":{"start":{"line":99,"column":38},"end":{"line":99,"column":76}},"31":{"start":{"line":104,"column":62},"end":{"line":104,"column":95}},"32":{"start":{"line":108,"column":66},"end":{"line":108,"column":101}},"33":{"start":{"line":112,"column":66},"end":{"line":112,"column":101}},"34":{"start":{"line":116,"column":74},"end":{"line":116,"column":113}},"35":{"start":{"line":120,"column":85},"end":{"line":120,"column":128}},"36":{"start":{"line":124,"column":74},"end":{"line":124,"column":115}},"37":{"start":{"line":153,"column":25},"end":{"line":153,"column":null}},"38":{"start":{"line":155,"column":2},"end":{"line":162,"column":null}},"39":{"start":{"line":167,"column":2},"end":{"line":170,"column":null}},"40":{"start":{"line":175,"column":2},"end":{"line":209,"column":null}}},"fnMap":{"0":{"name":"RegistrationForm","decl":{"start":{"line":24,"column":9},"end":{"line":24,"column":28}},"loc":{"start":{"line":24,"column":28},"end":{"line":141,"column":null}},"line":24},"1":{"name":"(anonymous_1)","decl":{"start":{"line":39,"column":19},"end":{"line":39,"column":20}},"loc":{"start":{"line":39,"column":68},"end":{"line":42,"column":null}},"line":39},"2":{"name":"(anonymous_2)","decl":{"start":{"line":40,"column":12},"end":{"line":40,"column":21}},"loc":{"start":{"line":40,"column":21},"end":{"line":40,"column":47}},"line":40},"3":{"name":"(anonymous_3)","decl":{"start":{"line":44,"column":23},"end":{"line":44,"column":30}},"loc":{"start":{"line":44,"column":47},"end":{"line":58,"column":null}},"line":44},"4":{"name":"(anonymous_4)","decl":{"start":{"line":73,"column":19},"end":{"line":73,"column":25}},"loc":{"start":{"line":73,"column":25},"end":{"line":73,"column":null}},"line":73},"5":{"name":"(anonymous_5)","decl":{"start":{"line":93,"column":73},"end":{"line":93,"column":78}},"loc":{"start":{"line":93,"column":78},"end":{"line":93,"column":121}},"line":93},"6":{"name":"(anonymous_6)","decl":{"start":{"line":97,"column":69},"end":{"line":97,"column":74}},"loc":{"start":{"line":97,"column":74},"end":{"line":97,"column":117}},"line":97},"7":{"name":"(anonymous_7)","decl":{"start":{"line":99,"column":33},"end":{"line":99,"column":38}},"loc":{"start":{"line":99,"column":38},"end":{"line":99,"column":76}},"line":99},"8":{"name":"(anonymous_8)","decl":{"start":{"line":104,"column":57},"end":{"line":104,"column":62}},"loc":{"start":{"line":104,"column":62},"end":{"line":104,"column":95}},"line":104},"9":{"name":"(anonymous_9)","decl":{"start":{"line":108,"column":61},"end":{"line":108,"column":66}},"loc":{"start":{"line":108,"column":66},"end":{"line":108,"column":101}},"line":108},"10":{"name":"(anonymous_10)","decl":{"start":{"line":112,"column":61},"end":{"line":112,"column":66}},"loc":{"start":{"line":112,"column":66},"end":{"line":112,"column":101}},"line":112},"11":{"name":"(anonymous_11)","decl":{"start":{"line":116,"column":69},"end":{"line":116,"column":74}},"loc":{"start":{"line":116,"column":74},"end":{"line":116,"column":113}},"line":116},"12":{"name":"(anonymous_12)","decl":{"start":{"line":120,"column":80},"end":{"line":120,"column":85}},"loc":{"start":{"line":120,"column":85},"end":{"line":120,"column":128}},"line":120},"13":{"name":"(anonymous_13)","decl":{"start":{"line":124,"column":69},"end":{"line":124,"column":74}},"loc":{"start":{"line":124,"column":74},"end":{"line":124,"column":115}},"line":124},"14":{"name":"RevealSection","decl":{"start":{"line":143,"column":9},"end":{"line":143,"column":23}},"loc":{"start":{"line":152,"column":39},"end":{"line":164,"column":null}},"line":152},"15":{"name":"eyebrow","decl":{"start":{"line":166,"column":9},"end":{"line":166,"column":17}},"loc":{"start":{"line":166,"column":32},"end":{"line":172,"column":null}},"line":166},"16":{"name":"CommunityRegistrationForm","decl":{"start":{"line":174,"column":16},"end":{"line":174,"column":44}},"loc":{"start":{"line":174,"column":44},"end":{"line":211,"column":null}},"line":174}},"branchMap":{"0":{"loc":{"start":{"line":46,"column":4},"end":{"line":49,"column":null}},"type":"if","locations":[{"start":{"line":46,"column":4},"end":{"line":49,"column":null}},{"start":{},"end":{}}],"line":46},"1":{"loc":{"start":{"line":46,"column":8},"end":{"line":46,"column":101}},"type":"binary-expr","locations":[{"start":{"line":46,"column":8},"end":{"line":46,"column":38}},{"start":{"line":46,"column":38},"end":{"line":46,"column":58}},{"start":{"line":46,"column":58},"end":{"line":46,"column":80}},{"start":{"line":46,"column":80},"end":{"line":46,"column":101}}],"line":46},"2":{"loc":{"start":{"line":60,"column":2},"end":{"line":80,"column":null}},"type":"if","locations":[{"start":{"line":60,"column":2},"end":{"line":80,"column":null}},{"start":{},"end":{}}],"line":60},"3":{"loc":{"start":{"line":127,"column":7},"end":{"line":127,"column":null}},"type":"binary-expr","locations":[{"start":{"line":127,"column":7},"end":{"line":127,"column":16}},{"start":{"line":127,"column":16},"end":{"line":127,"column":null}}],"line":127},"4":{"loc":{"start":{"line":136,"column":11},"end":{"line":136,"column":null}},"type":"cond-expr","locations":[{"start":{"line":136,"column":24},"end":{"line":136,"column":40}},{"start":{"line":136,"column":40},"end":{"line":136,"column":null}}],"line":136},"5":{"loc":{"start":{"line":145,"column":2},"end":{"line":145,"column":null}},"type":"default-arg","locations":[{"start":{"line":145,"column":14},"end":{"line":145,"column":null}}],"line":145},"6":{"loc":{"start":{"line":146,"column":2},"end":{"line":146,"column":null}},"type":"default-arg","locations":[{"start":{"line":146,"column":14},"end":{"line":146,"column":null}}],"line":146},"7":{"loc":{"start":{"line":158,"column":37},"end":{"line":158,"column":82}},"type":"cond-expr","locations":[{"start":{"line":158,"column":62},"end":{"line":158,"column":80}},{"start":{"line":158,"column":80},"end":{"line":158,"column":82}}],"line":158},"8":{"loc":{"start":{"line":158,"column":86},"end":{"line":158,"column":119}},"type":"cond-expr","locations":[{"start":{"line":158,"column":98},"end":{"line":158,"column":117}},{"start":{"line":158,"column":117},"end":{"line":158,"column":119}}],"line":158}},"s":{"0":1,"1":1,"2":17,"3":17,"4":17,"5":17,"6":17,"7":8,"8":8,"9":8,"10":17,"11":2,"12":2,"13":0,"14":0,"15":2,"16":2,"17":2,"18":1,"19":1,"20":2,"21":17,"22":1,"23":0,"24":0,"25":16,"26":16,"27":16,"28":2,"29":2,"30":176,"31":2,"32":2,"33":0,"34":0,"35":0,"36":0,"37":5,"38":5,"39":5,"40":5},"f":{"0":17,"1":8,"2":8,"3":2,"4":0,"5":2,"6":2,"7":176,"8":2,"9":2,"10":0,"11":0,"12":0,"13":0,"14":5,"15":5,"16":5},"b":{"0":[0,2],"1":[2,2,2,2],"2":[1,16],"3":[16,1],"4":[2,14],"5":[5],"6":[5],"7":[5,0],"8":[0,5]},"meta":{"lastBranch":9,"lastFunction":17,"lastStatement":41,"seen":{"s:6:24:9:Infinity":0,"s:11:18:11:Infinity":1,"f:24:9:24:28":0,"s:25:22:34:Infinity":2,"s:35:24:35:Infinity":3,"s:36:34:36:Infinity":4,"s:37:32:37:Infinity":5,"s:39:19:42:Infinity":6,"f:39:19:39:20":1,"s:40:4:40:Infinity":7,"f:40:12:40:21":2,"s:40:21:40:47":8,"s:41:4:41:Infinity":9,"s:44:23:58:Infinity":10,"f:44:23:44:30":3,"s:45:4:45:Infinity":11,"b:46:4:49:Infinity:undefined:undefined:undefined:undefined":0,"s:46:4:49:Infinity":12,"b:46:8:46:38:46:38:46:58:46:58:46:80:46:80:46:101":1,"s:47:6:47:Infinity":13,"s:48:6:48:Infinity":14,"s:50:4:50:Infinity":15,"s:51:4:56:Infinity":16,"s:52:6:52:Infinity":17,"s:53:6:53:Infinity":18,"s:55:6:55:Infinity":19,"s:57:4:57:Infinity":20,"b:60:2:80:Infinity:undefined:undefined:undefined:undefined":2,"s:60:2:80:Infinity":21,"s:61:4:78:Infinity":22,"f:73:19:73:25":4,"s:73:27:73:48":23,"s:73:48:73:181":24,"s:82:21:82:Infinity":25,"s:83:21:83:Infinity":26,"s:85:2:139:Infinity":27,"f:93:73:93:78":5,"s:93:78:93:121":28,"f:97:69:97:74":6,"s:97:74:97:117":29,"f:99:33:99:38":7,"s:99:38:99:76":30,"f:104:57:104:62":8,"s:104:62:104:95":31,"f:108:61:108:66":9,"s:108:66:108:101":32,"f:112:61:112:66":10,"s:112:66:112:101":33,"f:116:69:116:74":11,"s:116:74:116:113":34,"f:120:80:120:85":12,"s:120:85:120:128":35,"f:124:69:124:74":13,"s:124:74:124:115":36,"b:127:7:127:16:127:16:127:Infinity":3,"b:136:24:136:40:136:40:136:Infinity":4,"f:143:9:143:23":14,"b:145:14:145:Infinity":5,"b:146:14:146:Infinity":6,"s:153:25:153:Infinity":37,"s:155:2:162:Infinity":38,"b:158:62:158:80:158:80:158:82":7,"b:158:98:158:117:158:117:158:119":8,"f:166:9:166:17":15,"s:167:2:170:Infinity":39,"f:174:16:174:44":16,"s:175:2:209:Infinity":40}}}
,"D:\\Andy\\Antigravity\\schedule-event-v2\\src\\components\\community\\CommunitySteps.tsx": {"path":"D:\\Andy\\Antigravity\\schedule-event-v2\\src\\components\\community\\CommunitySteps.tsx","statementMap":{"0":{"start":{"line":4,"column":67},"end":{"line":9,"column":null}},"1":{"start":{"line":21,"column":25},"end":{"line":21,"column":null}},"2":{"start":{"line":23,"column":2},"end":{"line":30,"column":null}},"3":{"start":{"line":35,"column":2},"end":{"line":38,"column":null}},"4":{"start":{"line":43,"column":2},"end":{"line":70,"column":null}},"5":{"start":{"line":55,"column":12},"end":{"line":66,"column":null}}},"fnMap":{"0":{"name":"RevealSection","decl":{"start":{"line":11,"column":9},"end":{"line":11,"column":23}},"loc":{"start":{"line":20,"column":39},"end":{"line":32,"column":null}},"line":20},"1":{"name":"eyebrow","decl":{"start":{"line":34,"column":9},"end":{"line":34,"column":17}},"loc":{"start":{"line":34,"column":32},"end":{"line":40,"column":null}},"line":34},"2":{"name":"CommunitySteps","decl":{"start":{"line":42,"column":16},"end":{"line":42,"column":33}},"loc":{"start":{"line":42,"column":33},"end":{"line":72,"column":null}},"line":42},"3":{"name":"(anonymous_3)","decl":{"start":{"line":54,"column":21},"end":{"line":54,"column":22}},"loc":{"start":{"line":55,"column":12},"end":{"line":66,"column":null}},"line":55}},"branchMap":{"0":{"loc":{"start":{"line":13,"column":2},"end":{"line":13,"column":null}},"type":"default-arg","locations":[{"start":{"line":13,"column":14},"end":{"line":13,"column":null}}],"line":13},"1":{"loc":{"start":{"line":14,"column":2},"end":{"line":14,"column":null}},"type":"default-arg","locations":[{"start":{"line":14,"column":14},"end":{"line":14,"column":null}}],"line":14},"2":{"loc":{"start":{"line":26,"column":37},"end":{"line":26,"column":82}},"type":"cond-expr","locations":[{"start":{"line":26,"column":62},"end":{"line":26,"column":80}},{"start":{"line":26,"column":80},"end":{"line":26,"column":82}}],"line":26},"3":{"loc":{"start":{"line":26,"column":86},"end":{"line":26,"column":119}},"type":"cond-expr","locations":[{"start":{"line":26,"column":98},"end":{"line":26,"column":117}},{"start":{"line":26,"column":117},"end":{"line":26,"column":119}}],"line":26},"4":{"loc":{"start":{"line":56,"column":15},"end":{"line":57,"column":null}},"type":"binary-expr","locations":[{"start":{"line":56,"column":15},"end":{"line":56,"column":null}},{"start":{"line":57,"column":16},"end":{"line":57,"column":null}}],"line":56}},"s":{"0":1,"1":5,"2":5,"3":5,"4":5,"5":20},"f":{"0":5,"1":5,"2":5,"3":20},"b":{"0":[5],"1":[5],"2":[5,0],"3":[0,5],"4":[20,15]},"meta":{"lastBranch":5,"lastFunction":4,"lastStatement":6,"seen":{"s:4:67:9:Infinity":0,"f:11:9:11:23":0,"b:13:14:13:Infinity":0,"b:14:14:14:Infinity":1,"s:21:25:21:Infinity":1,"s:23:2:30:Infinity":2,"b:26:62:26:80:26:80:26:82":2,"b:26:98:26:117:26:117:26:119":3,"f:34:9:34:17":1,"s:35:2:38:Infinity":3,"f:42:16:42:33":2,"s:43:2:70:Infinity":4,"f:54:21:54:22":3,"s:55:12:66:Infinity":5,"b:56:15:56:Infinity:57:16:57:Infinity":4}}}
,"D:\\Andy\\Antigravity\\schedule-event-v2\\src\\components\\dashboard\\AdminBanner.tsx": {"path":"D:\\Andy\\Antigravity\\schedule-event-v2\\src\\components\\dashboard\\AdminBanner.tsx","statementMap":{"0":{"start":{"line":8,"column":2},"end":{"line":21,"column":null}}},"fnMap":{"0":{"name":"AdminBanner","decl":{"start":{"line":7,"column":16},"end":{"line":7,"column":28}},"loc":{"start":{"line":7,"column":60},"end":{"line":23,"column":null}},"line":7}},"branchMap":{},"s":{"0":3},"f":{"0":3},"b":{},"meta":{"lastBranch":0,"lastFunction":1,"lastStatement":1,"seen":{"f:7:16:7:28":0,"s:8:2:21:Infinity":0}}}
,"D:\\Andy\\Antigravity\\schedule-event-v2\\src\\components\\dashboard\\DashboardHeader.tsx": {"path":"D:\\Andy\\Antigravity\\schedule-event-v2\\src\\components\\dashboard\\DashboardHeader.tsx","statementMap":{"0":{"start":{"line":29,"column":2},"end":{"line":89,"column":null}},"1":{"start":{"line":60,"column":37},"end":{"line":60,"column":64}},"2":{"start":{"line":60,"column":64},"end":{"line":60,"column":87}},"3":{"start":{"line":66,"column":37},"end":{"line":66,"column":59}},"4":{"start":{"line":66,"column":59},"end":{"line":66,"column":82}}},"fnMap":{"0":{"name":"DashboardHeader","decl":{"start":{"line":17,"column":16},"end":{"line":17,"column":32}},"loc":{"start":{"line":28,"column":25},"end":{"line":91,"column":null}},"line":28},"1":{"name":"(anonymous_1)","decl":{"start":{"line":60,"column":29},"end":{"line":60,"column":35}},"loc":{"start":{"line":60,"column":35},"end":{"line":60,"column":null}},"line":60},"2":{"name":"(anonymous_2)","decl":{"start":{"line":66,"column":29},"end":{"line":66,"column":35}},"loc":{"start":{"line":66,"column":35},"end":{"line":66,"column":null}},"line":66}},"branchMap":{"0":{"loc":{"start":{"line":33,"column":11},"end":{"line":33,"column":null}},"type":"cond-expr","locations":[{"start":{"line":33,"column":21},"end":{"line":33,"column":41}},{"start":{"line":33,"column":41},"end":{"line":33,"column":null}}],"line":33},"1":{"loc":{"start":{"line":36,"column":11},"end":{"line":36,"column":null}},"type":"cond-expr","locations":[{"start":{"line":36,"column":21},"end":{"line":36,"column":53}},{"start":{"line":36,"column":53},"end":{"line":36,"column":null}}],"line":36},"2":{"loc":{"start":{"line":39,"column":7},"end":{"line":87,"column":null}},"type":"binary-expr","locations":[{"start":{"line":39,"column":7},"end":{"line":39,"column":null}},{"start":{"line":40,"column":8},"end":{"line":87,"column":null}}],"line":39},"3":{"loc":{"start":{"line":53,"column":60},"end":{"line":53,"column":96}},"type":"cond-expr","locations":[{"start":{"line":53,"column":79},"end":{"line":53,"column":94}},{"start":{"line":53,"column":94},"end":{"line":53,"column":96}}],"line":53},"4":{"loc":{"start":{"line":55,"column":13},"end":{"line":72,"column":null}},"type":"binary-expr","locations":[{"start":{"line":55,"column":13},"end":{"line":55,"column":null}},{"start":{"line":56,"column":14},"end":{"line":72,"column":null}}],"line":55}},"s":{"0":7,"1":0,"2":0,"3":0,"4":0},"f":{"0":7,"1":0,"2":0},"b":{"0":[5,2],"1":[5,2],"2":[7,5],"3":[1,4],"4":[5,1]},"meta":{"lastBranch":5,"lastFunction":3,"lastStatement":5,"seen":{"f:17:16:17:32":0,"s:29:2:89:Infinity":0,"b:33:21:33:41:33:41:33:Infinity":0,"b:36:21:36:53:36:53:36:Infinity":1,"b:39:7:39:Infinity:40:8:87:Infinity":2,"b:53:79:53:94:53:94:53:96":3,"b:55:13:55:Infinity:56:14:72:Infinity":4,"f:60:29:60:35":1,"s:60:37:60:64":1,"s:60:64:60:87":2,"f:66:29:66:35":2,"s:66:37:66:59":3,"s:66:59:66:82":4}}}
,"D:\\Andy\\Antigravity\\schedule-event-v2\\src\\components\\dashboard\\DashboardStats.tsx": {"path":"D:\\Andy\\Antigravity\\schedule-event-v2\\src\\components\\dashboard\\DashboardStats.tsx","statementMap":{"0":{"start":{"line":14,"column":2},"end":{"line":47,"column":null}}},"fnMap":{"0":{"name":"DashboardStats","decl":{"start":{"line":13,"column":16},"end":{"line":13,"column":31}},"loc":{"start":{"line":13,"column":63},"end":{"line":49,"column":null}},"line":13}},"branchMap":{},"s":{"0":3},"f":{"0":3},"b":{},"meta":{"lastBranch":0,"lastFunction":1,"lastStatement":1,"seen":{"f:13:16:13:31":0,"s:14:2:47:Infinity":0}}}
,"D:\\Andy\\Antigravity\\schedule-event-v2\\src\\components\\forms\\EventFormBasicFields.tsx": {"path":"D:\\Andy\\Antigravity\\schedule-event-v2\\src\\components\\forms\\EventFormBasicFields.tsx","statementMap":{"0":{"start":{"line":28,"column":21},"end":{"line":28,"column":null}},"1":{"start":{"line":30,"column":2},"end":{"line":104,"column":null}},"2":{"start":{"line":41,"column":27},"end":{"line":41,"column":null}},"3":{"start":{"line":54,"column":27},"end":{"line":54,"column":null}},"4":{"start":{"line":60,"column":40},"end":{"line":60,"column":74}},"5":{"start":{"line":72,"column":25},"end":{"line":72,"column":null}},"6":{"start":{"line":90,"column":25},"end":{"line":90,"column":null}},"7":{"start":{"line":100,"column":41},"end":{"line":100,"column":75}}},"fnMap":{"0":{"name":"EventFormBasicFields","decl":{"start":{"line":15,"column":16},"end":{"line":15,"column":37}},"loc":{"start":{"line":27,"column":30},"end":{"line":106,"column":null}},"line":27},"1":{"name":"(anonymous_1)","decl":{"start":{"line":41,"column":22},"end":{"line":41,"column":27}},"loc":{"start":{"line":41,"column":27},"end":{"line":41,"column":null}},"line":41},"2":{"name":"(anonymous_2)","decl":{"start":{"line":54,"column":22},"end":{"line":54,"column":27}},"loc":{"start":{"line":54,"column":27},"end":{"line":54,"column":null}},"line":54},"3":{"name":"(anonymous_3)","decl":{"start":{"line":60,"column":32},"end":{"line":60,"column":40}},"loc":{"start":{"line":60,"column":40},"end":{"line":60,"column":74}},"line":60},"4":{"name":"(anonymous_4)","decl":{"start":{"line":72,"column":20},"end":{"line":72,"column":25}},"loc":{"start":{"line":72,"column":25},"end":{"line":72,"column":null}},"line":72},"5":{"name":"(anonymous_5)","decl":{"start":{"line":90,"column":20},"end":{"line":90,"column":25}},"loc":{"start":{"line":90,"column":25},"end":{"line":90,"column":null}},"line":90},"6":{"name":"(anonymous_6)","decl":{"start":{"line":100,"column":33},"end":{"line":100,"column":41}},"loc":{"start":{"line":100,"column":41},"end":{"line":100,"column":75}},"line":100}},"branchMap":{"0":{"loc":{"start":{"line":26,"column":2},"end":{"line":26,"column":null}},"type":"default-arg","locations":[{"start":{"line":26,"column":12},"end":{"line":26,"column":null}}],"line":26},"1":{"loc":{"start":{"line":28,"column":21},"end":{"line":28,"column":null}},"type":"cond-expr","locations":[{"start":{"line":28,"column":31},"end":{"line":28,"column":41}},{"start":{"line":28,"column":41},"end":{"line":28,"column":null}}],"line":28},"2":{"loc":{"start":{"line":43,"column":14},"end":{"line":45,"column":null}},"type":"cond-expr","locations":[{"start":{"line":44,"column":18},"end":{"line":44,"column":null}},{"start":{"line":45,"column":18},"end":{"line":45,"column":null}}],"line":43},"3":{"loc":{"start":{"line":48,"column":11},"end":{"line":48,"column":null}},"type":"binary-expr","locations":[{"start":{"line":48,"column":11},"end":{"line":48,"column":29}},{"start":{"line":48,"column":29},"end":{"line":48,"column":null}}],"line":48},"4":{"loc":{"start":{"line":68,"column":11},"end":{"line":68,"column":49}},"type":"cond-expr","locations":[{"start":{"line":68,"column":21},"end":{"line":68,"column":36}},{"start":{"line":68,"column":36},"end":{"line":68,"column":49}}],"line":68},"5":{"loc":{"start":{"line":73,"column":23},"end":{"line":73,"column":null}},"type":"cond-expr","locations":[{"start":{"line":73,"column":33},"end":{"line":73,"column":76}},{"start":{"line":73,"column":76},"end":{"line":73,"column":null}}],"line":73},"6":{"loc":{"start":{"line":75,"column":12},"end":{"line":77,"column":null}},"type":"cond-expr","locations":[{"start":{"line":76,"column":16},"end":{"line":76,"column":null}},{"start":{"line":77,"column":16},"end":{"line":77,"column":null}}],"line":75},"7":{"loc":{"start":{"line":80,"column":9},"end":{"line":80,"column":null}},"type":"binary-expr","locations":[{"start":{"line":80,"column"
[...]
ine":361,"column":24},"end":{"line":361,"column":37}}],"line":361},"70":{"loc":{"start":{"line":371,"column":2},"end":{"line":415,"column":null}},"type":"if","locations":[{"start":{"line":371,"column":2},"end":{"line":415,"column":null}},{"start":{"line":391,"column":2},"end":{"line":415,"column":null}}],"line":371},"71":{"loc":{"start":{"line":371,"column":6},"end":{"line":371,"column":68}},"type":"binary-expr","locations":[{"start":{"line":371,"column":6},"end":{"line":371,"column":37}},{"start":{"line":371,"column":37},"end":{"line":371,"column":68}}],"line":371},"72":{"loc":{"start":{"line":372,"column":23},"end":{"line":372,"column":null}},"type":"binary-expr","locations":[{"start":{"line":372,"column":23},"end":{"line":372,"column":42}},{"start":{"line":372,"column":42},"end":{"line":372,"column":null}}],"line":372},"73":{"loc":{"start":{"line":373,"column":4},"end":{"line":373,"column":null}},"type":"if","locations":[{"start":{"line":373,"column":4},"end":{"line":373,"column":null}},{"start":{},"end":{}}],"line":373},"74":{"loc":{"start":{"line":374,"column":22},"end":{"line":374,"column":null}},"type":"cond-expr","locations":[{"start":{"line":374,"column":54},"end":{"line":374,"column":58}},{"start":{"line":374,"column":58},"end":{"line":374,"column":null}}],"line":374},"75":{"loc":{"start":{"line":385,"column":8},"end":{"line":387,"column":null}},"type":"if","locations":[{"start":{"line":385,"column":8},"end":{"line":387,"column":null}},{"start":{},"end":{}}],"line":385},"76":{"loc":{"start":{"line":385,"column":12},"end":{"line":385,"column":36}},"type":"binary-expr","locations":[{"start":{"line":385,"column":12},"end":{"line":385,"column":26}},{"start":{"line":385,"column":26},"end":{"line":385,"column":36}}],"line":385},"77":{"loc":{"start":{"line":391,"column":2},"end":{"line":415,"column":null}},"type":"if","locations":[{"start":{"line":391,"column":2},"end":{"line":415,"column":null}},{"start":{"line":407,"column":2},"end":{"line":415,"column":null}}],"line":391},"78":{"loc":{"start":{"line":392,"column":23},"end":{"line":392,"column":null}},"type":"binary-expr","locations":[{"start":{"line":392,"column":23},"end":{"line":392,"column":42}},{"start":{"line":392,"column":42},"end":{"line":392,"column":null}}],"line":392},"79":{"loc":{"start":{"line":394,"column":4},"end":{"line":396,"column":null}},"type":"if","locations":[{"start":{"line":394,"column":4},"end":{"line":396,"column":null}},{"start":{},"end":{}}],"line":394},"80":{"loc":{"start":{"line":400,"column":6},"end":{"line":402,"column":null}},"type":"if","locations":[{"start":{"line":400,"column":6},"end":{"line":402,"column":null}},{"start":{},"end":{}}],"line":400},"81":{"loc":{"start":{"line":407,"column":2},"end":{"line":415,"column":null}},"type":"if","locations":[{"start":{"line":407,"column":2},"end":{"line":415,"column":null}},{"start":{},"end":{}}],"line":407},"82":{"loc":{"start":{"line":408,"column":21},"end":{"line":408,"column":null}},"type":"binary-expr","locations":[{"start":{"line":408,"column":21},"end":{"line":408,"column":38}},{"start":{"line":408,"column":38},"end":{"line":408,"column":null}}],"line":408},"83":{"loc":{"start":{"line":409,"column":4},"end":{"line":409,"column":null}},"type":"if","locations":[{"start":{"line":409,"column":4},"end":{"line":409,"column":null}},{"start":{},"end":{}}],"line":409},"84":{"loc":{"start":{"line":430,"column":2},"end":{"line":430,"column":null}},"type":"if","locations":[{"start":{"line":430,"column":2},"end":{"line":430,"column":null}},{"start":{},"end":{}}],"line":430},"85":{"loc":{"start":{"line":436,"column":4},"end":{"line":436,"column":null}},"type":"if","locations":[{"start":{"line":436,"column":4},"end":{"line":436,"column":null}},{"start":{},"end":{}}],"line":436},"86":{"loc":{"start":{"line":438,"column":16},"end":{"line":438,"column":null}},"type":"cond-expr","locations":[{"start":{"line":438,"column":41},"end":{"line":438,"column":114}},{"start":{"line":438,"column":114},"end":{"line":438,"column":null}}],"line":438}},"s":{"0":5,"1":5,"2":5,"3":5,"4":5,"5":2,"6":5,"7":4,"8":1,"9":1,"10":1,"11":0,"12":0,"13":0,"14":0,"15":0,"16":0,"17":0,"18":0,"19":0,"20":0,"21":0,"22":0,"23":0,"24":0,"25":0,"26":0,"27":0,"28":0,"29":0,"30":0,"31":0,"32":0,"33":0,"34":0,"35":0,"36":0,"37":0,"38":0,"39":0,"40":0,"41":0,"42":0,"43":0,"44":0,"45":0,"46":0,"47":0,"48":0,"49":0,"50":0,"51":0,"52":0,"53":0,"54":0,"55":0,"56":0,"57":0,"58":0,"59":216,"60":1,"61":215,"62":215,"63":215,"64":215,"65":215,"66":1,"67":214,"68":214,"69":0,"70":214,"71":0,"72":0,"73":0,"74":0,"75":0,"76":0,"77":0,"78":0,"79":0,"80":0,"81":0,"82":0,"83":0,"84":0,"85":0,"86":0,"87":0,"88":0,"89":0,"90":0,"91":0,"92":0,"93":0,"94":0,"95":0,"96":0,"97":0,"98":0,"99":0,"100":0,"101":0,"102":0,"103":0,"104":0,"105":0,"106":0,"107":0,"108":0,"109":0,"110":0,"111":0,"112":0,"113":0,"114":0,"115":0,"116":0,"117":0,"118":0,"119":0,"120":0,"121":0,"122":0,"123":0,"124":0,"125":0,"126":0,"127":0,"128":0,"129":0,"130":0,"131":0,"132":0,"133":0,"134":0,"135":0,"136":0,"137":0,"138":0,"139":0,"140":0,"141":0,"142":0,"143":0,"144":0,"145":0,"146":0,"147":0,"148":0,"149":1,"150":0,"151":1,"152":1,"153":1,"154":1,"155":0,"156":1,"157":0,"158":0,"159":0,"160":0,"161":0,"162":0,"163":0,"164":0,"165":0,"166":0,"167":1,"168":1,"169":0,"170":1,"171":1,"172":0,"173":0,"174":0,"175":0,"176":0,"177":0,"178":0,"179":0,"180":0,"181":0,"182":0,"183":0,"184":0,"185":0,"186":0,"187":0,"188":0,"189":0,"190":0,"191":0,"192":0,"193":0,"194":0,"195":0,"196":0,"197":2,"198":2,"199":0,"200":0,"201":0,"202":0,"203":0,"204":11,"205":11,"206":11,"207":1,"208":10,"209":10,"210":181,"211":181,"212":181,"213":181,"214":10,"215":7,"216":7,"217":0,"218":7,"219":7,"220":7,"221":7,"222":7,"223":59,"224":113,"225":113,"226":113,"227":113,"228":59,"229":3,"230":2,"231":2,"232":2,"233":0,"234":2,"235":7,"236":7,"237":7,"238":7,"239":7,"240":1,"241":1,"242":1,"243":0,"244":1,"245":1,"246":61,"247":61,"248":10,"249":0,"250":0,"251":0,"252":0,"253":0,"254":0,"255":0,"256":0,"257":0,"258":0,"259":0,"260":0},"f":{"0":2,"1":5,"2":0,"3":0,"4":0,"5":0,"6":0,"7":0,"8":0,"9":0,"10":0,"11":0,"12":0,"13":0,"14":216,"15":0,"16":0,"17":0,"18":0,"19":0,"20":0,"21":0,"22":0,"23":0,"24":0,"25":0,"26":0,"27":0,"28":1,"29":2,"30":2,"31":0,"32":0,"33":0,"34":11,"35":181,"36":0,"37":0},"b":{"0":[4,1],"1":[0,1],"2":[0,0],"3":[0,0,0],"4":[0,0],"5":[0,0],"6":[0,0],"7":[0,0],"8":[0,0],"9":[0,0],"10":[0,0],"11":[0,0],"12":[0,0],"13":[0,0],"14":[1,215],"15":[1,214],"16":[215,214,214],"17":[0,214],"18":[214,214,214,214],"19":[0,0],"20":[0,0],"21":[0,0],"22":[0,0],"23":[0,0],"24":[0,0],"25":[0,0],"26":[0,0],"27":[0,0],"28":[0,0],"29":[0,0],"30":[0,0],"31":[0,0],"32":[0,0],"33":[0,0],"34":[0,0],"35":[0,0],"36":[0,0],"37":[0,0],"38":[0,0,0],"39":[0,0],"40":[0,0,0],"41":[0,0],"42":[0,0],"43":[0,0],"44":[0,0],"45":[0,0],"46":[0,0],"47":[0,0],"48":[0,1],"49":[0,1],"50":[0,1],"51":[1,0],"52":[0,0],"53":[0,0],"54":[0,0],"55":[0,1],"56":[1,0],"57":[0,0],"58":[0,0],"59":[0,0,0],"60":[0,0],"61":[0,0,0],"62":[0,0],"63":[0,0],"64":[0,0],"65":[0,0],"66":[1,1],"67":[0,0],"68":[1,10],"69":[11,11,11],"70":[7,3],"71":[10,3],"72":[7,0],"73":[0,7],"74":[0,7],"75":[113,0],"76":[113,113],"77":[2,1],"78":[2,0],"79":[0,2],"80":[7,0],"81":[1,0],"82":[1,0],"83":[0,1],"84":[0,0],"85":[0,0],"86":[0,0]},"meta":{"lastBranch":87,"lastFunction":38,"lastStatement":261,"seen":{"s:3:57:8:Infinity":0,"s:10:57:15:Infinity":1,"s:17:57:22:Infinity":2,"s:24:55:44:Infinity":3,"s:46:27:46:Infinity":4,"f:48:16:48:27":0,"s:49:2:55:Infinity":5,"f:49:26:49:27":1,"b:50:4:52:Infinity:undefined:undefined:undefined:undefined":0,"s:50:4:52:Infinity":6,"s:51:6:51:Infinity":7,"b:53:4:53:Infinity:undefined:undefined:undefined:undefined":1,"s:53:4:53:Infinity":8,"s:53:29:53:Infinity":9,"s:54:4:54:Infinity":10,"f:58:9:58:26":2,"s:59:16:59:Infinity":11,"b:60:2:60:Infinity:undefined:undefined:undefined:undefined":2,"s:60:2:60:Infinity":12,"b:60:6:60:16:60:16:60:29:60:29:60:40":3,"s:60:40:60:Infinity":13,"s:61:2:61:Infinity":14,"f:64:16:64:32":3,"s:65:2:82:Infinity":15,"f:65:26:65:27":4,"s:66:20:66:Infinity":16,"s:67:20:67:Infinity":17,"b:69:4:71:Infinity:undefined:undefined:undefined:undefined":4,"s:69:4:71:Infinity":18,"s:70:6:70:Infinity":19,"b:70:23:70:27:70:27:70:Infinity":5,"s:73:24:75:Infinity":20,"b:74:8:74:Infinity:75:8:75:Infinity":6,"b:76:4:76:Infinity:undefined:undefined:undefined:undefined":7,"s:76:4:76:Infinity":21,"s:76:27:76:Infinity":22,"s:78:24:78:Infinity":23,"b:79:4:79:Infinity:undefined:undefined:undefined:undefined":8,"s:79:4:79:Infinity":24,"s:79:27:79:Infinity":25,"s:81:4:81:Infinity":26,"f:85:16:85:28":5,"s:86:2:105:Infinity":27,"f:86:23:86:24":6,"b:87:4:103:Infinity:97:11:103:Infinity":9,"s:87:4:103:Infinity":28,"s:89:20:89:Infinity":29,"s:90:6:96:Infinity":30,"b:91:8:91:Infinity:undefined:undefined:undefined:undefined":10,"s:91:8:91:Infinity":31,"s:91:24:91:Infinity":32,"s:92:27:92:Infinity":33,"b:93:8:95:Infinity:undefined:undefined:undefined:undefined":11,"s:93:8:95:Infinity":34,"s:94:10:94:Infinity":35,"b:98:6:98:Infinity:undefined:undefined:undefined:undefined":12,"s:98:6:98:Infinity":36,"s:98:27:98:Infinity":37,"s:99:25:99:Infinity":38,"b:100:6:102:Infinity:undefined:undefined:undefined:undefined":13,"s:100:6:102:Infinity":39,"s:101:8:101:Infinity":40,"s:104:4:104:Infinity":41,"f:108:16:108:30":7,"s:109:2:114:Infinity":42,"f:110:28:110:33":8,"s:110:33:110:53":43,"f:111:28:111:33":9,"s:111:33:111:55":44,"f:112:28:112:33":10,"s:112:33:112:56":45,"f:113:28:113:33":11,"s:113:33:113:52":46,"f:117:16:117:37":12,"s:118:19:118:Infinity":47,"s:119:22:119:Infinity":48,"s:120:63:120:Infinity":49,"s:121:2:121:Infinity":50,"s:121:15:121:18":51,"s:121:37:121:Infinity":52,"s:122:2:125:Infinity":53,"s:122:15:122:18":54,"s:123:20:123:Infinity":55,"s:124:4:124:Infinity":56,"s:126:2:126:Infinity":57,"f:129:16:129:27":13,"s:130:2:130:Infinity":58,"f:133:16:133:34":14,"b:134:2:134:Infinity:undefined:undefined:undefined:undefined":14,"s:134:2:134:Infinity":59,"s:134:16:134:Infinity":60,"s:135:38:135:Infinity":61,"s:136:15:136:Infinity":62,"s:137:16:137:Infinity":63,"s:138:14:138:Infinity":64,"b:139:2:139:Infinity:undefined:undefined:undefined:undefined":15,"s:139:2:139:Infinity":65,"b:139:6:139:15:139:15:139:25:139:25:139:31":16,"s:139:31:139:Infinity":66,"s:141:15:141:Infinity":67,"b:142:2:149:Infinity:undefined:undefined:undefined:undefined":17,"s:142:2:149:Infinity":68,"b:143:4:143:Infinity:144:7:144:Infinity:145:7:145:Infinity:146:7:146:Infinity":18,"s:148:4:148:Infinity":69,"s:151:2:151:Infinity":70,"f:156:16:156:32":15,"s:157:2:157:Infinity":71,"b:157:12:157:29:157:29:157:Infinity":19,"f:160:16:160:33":16,"b:161:2:161:Infinity:undefined:undefined:undefined:undefined":20,"s:161:2:161:Infinity":72,"b:161:6:161:18:161:18:161:39":21,"s:161:39:161:Infinity":73,"s:162:16:162:Infinity":74,"s:163:14:163:Infinity":75,"b:164:2:164:Infinity:undefined:undefined:undefined:undefined":22,"s:164:2:164:Infinity":76,"b:164:6:164:16:164:16:164:22":23,"s:164:22:164:Infinity":77,"s:165:2:165:Infinity":78,"f:168:16:168:29":17,"b:169:2:169:Infinity:undefined:undefined:undefined:undefined":24,"s:169:2:169:Infinity":79,"b:169:6:169:18:169:18:169:39":25,"s:169:39:169:Infinity":80,"s:170:26:170:Infinity":81,"s:171:16:171:Infinity":82,"s:172:14:172:Infinity":83,"b:173:2:173:Infinity:undefined:undefined:undefined:undefined":26,"s:173:2:173:Infinity":84,"b:173:6:173:16:173:16:173:22":27,"s:173:22:173:Infinity":85,"s:175:16:175:Infinity":86,"s:176:2:182:Infinity":87,"s:177:17:177:Infinity":88,"s:178:18:178:Infinity":89,"s:179:16:179:Infinity":90,"s:180:4:180:Infinity":91,"s:181:4:181:Infinity":92,"s:183:2:183:Infinity":93,"f:186:16:186:32":18,"b:187:2:195:Infinity:undefined:undefined:undefined:undefined":28,"s:187:2:195:Infinity":94,"b:187:6:187:18:187:18:187:39":29,"s:189:17:189:Infinity":95,"b:190:4:190:Infinity:undefined:undefined:undefined:undefined":30,"s:190:4:190:Infinity":96,"s:190:15:190:Infinity":97,"s:191:16:191:Infinity":98,"s:192:18:192:Infinity":99,"s:193:17:193:Infinity":100,"s:194:4:194:Infinity":101,"s:197:16:197:Infinity":102,"s:198:14:198:Infinity":103,"b:199:2:199:Infinity:undefined:undefined:undefined:undefined":31,"s:199:2:199:Infinity":104,"b:199:6:199:16:199:16:199:22":32,"s:199:22:199:Infinity":105,"s:201:19:201:Infinity":106,"s:202:21:202:Infinity":107,"s:203:20:203:Infinity":108,"s:205:17:205:Infinity":109,"s:206:19:206:Infinity":110,"s:207:18:207:Infinity":111,"b:210:2:212:Infinity:undefined:undefined:undefined:undefined":33,"s:210:2:212:Infinity":112,"b:210:6:210:45:210:45:210:68":34,"s:211:4:211:Infinity":113,"s:215:2:215:Infinity":114,"f:218:16:218:30":19,"b:219:2:221:Infinity:undefined:undefined:undefined:undefined":35,"s:219:2:221:Infinity":115,"b:219:6:219:29:219:29:219:62":36,"s:220:4:220:Infinity":116,"b:220:11:220:24:220:24:220:Infinity":37,"s:222:15:222:Infinity":117,"f:222:39:222:44":20,"s:222:44:222:62":118,"s:223:2:223:Infinity":119,"b:223:9:223:22:223:22:223:35:223:35:223:Infinity":38,"f:226:16:226:38":21,"b:227:2:229:Infinity:undefined:undefined:undefined:undefined":39,"s:227:2:229:Infinity":120,"b:227:6:227:33:227:33:227:56:227:56:227:89":40,"s:228:4:228:Infinity":121,"b:228:11:228:24:228:24:228:Infinity":41,"s:231:19:231:Infinity":122,"s:232:16:232:Infinity":123,"f:232:42:232:47":22,"s:232:47:232:52":124,"b:234:2:234:Infinity:undefined:undefined:undefined:undefined":42,"s:234:2:234:Infinity":125,"s:234:26:234:Infinity":126,"s:236:20:236:Infinity":127,"b:237:2:237:Infinity:undefined:undefined:undefined:undefined":43,"s:237:2:237:Infinity":128,"s:237:18:237:Infinity":129,"s:240:18:240:Infinity":130,"f:240:30:240:35":23,"s:240:35:240:58":131,"b:242:2:244:Infinity:undefined:undefined:undefined:undefined":44,"s:242:2:244:Infinity":132,"s:243:4:243:Infinity":133,"s:247:19:247:Infinity":134,"s:248:19:248:Infinity":135,"s:249:18:249:Infinity":136,"b:250:2:250:Infinity:undefined:undefined:undefined:undefined":45,"s:250:2:250:Infinity":137,"s:250:16:250:Infinity":138,"s:251:2:251:Infinity":139,"f:254:16:254:41":24,"s:255:2:259:Infinity":140,"f:255:23:255:28":25,"b:256:4:256:Infinity:undefined:undefined:undefined:undefined":46,"s:256:4:256:Infinity":141,"s:256:29:256:Infinity":142,"s:257:18:257:Infinity":143,"s:258:4:258:Infinity":144,"f:262:16:262:42":26,"s:263:2:266:Infinity":145,"f:263:23:263:28":27,"b:264:4:264:Infinity:undefined:undefined:undefined:undefined":47,"s:264:4:264:Infinity":146,"s:264:28:264:Infinity":147,"s:265:4:265:Infinity":148,"f:272:16:272:26":28,"b:273:2:273:Infinity:undefined:undefined:undefined:undefined":48,"s:273:2:273:Infinity":149,"s:273:16:273:Infinity":150,"s:275:14:275:Infinity":151,"s:276:16:276:Infinity":152,"s:278:20:278:Infinity":153,"b:279:2:279:Infinity:undefined:undefined:undefined:undefined":49,"s:279:2:279:Infinity":154,"s:279:18:279:Infinity":155,"b:282:2:292:Infinity:undefined:undefined:undefined:undefined":50,"s:282:2:292:Infinity":156,"b:282:6:282:17:282:17:282:38":51,"s:283:20:283:Infinity":157,"b:284:4:284:Infinity:undefined:undefined:undefined:undefined":52,"s:284:4:284:Infinity":158,"s:284:18:284:Infinity":159,"s:286:24:286:Infinity":160,"s:287:22:287:Infinity":161,"b:289:4:289:Infinity:undefined:undefined:undefined:undefined":53,"s:289:4:289:Infinity":162,"s:289:27:289:Infinity":163,"b:290:4:290:Infinity:undefined:undefined:undefined:undefined":54,"s:290:4:290:Infinity":164,"s:290:29:290:Infinity":165,"s:291:4:291:Infinity":166,"s:295:17:295:Infinity":167,"b:297:2:297:Infinity:undefined:undefined:undefined:undefined":55,"s:297:2:297:Infinity":168,"s:297:22:297:Infinity":169,"b:298:2:298:Infinity:undefined:undefined:undefined:undefined":56,"s:298:2:298:Infinity":170,"s:298:22:298:Infinity":171,"b:301:2:301:Infinity:undefined:undefined:undefined:undefined":57,"s:301:2:301:Infinity":172,"s:301:12:301:Infinity":173,"s:303:2:328:Infinity":174,"s:304:22:304:Infinity":175,"b:305:4:325:Infinity:undefined:undefined:undefined:undefined":58,"s:305:4:325:Infinity":176,"b:305:8:305:21:305:21:305:37:305:37:305:51":59,"s:306:24:306:Infinity":177,"s:307:23:307:Infinity":178,"s:308:24:308:Infinity":179,"s:309:6:309:Infinity":180,"s:311:23:311:Infinity":181,"b:312:6:321:Infinity:undefined:undefined:undefined:undefined":60,"s:312:6:321:Infinity":182,"b:312:10:312:22:312:22:312:37:312:37:312:50":61,"s:313:24:313:Infinity":183,"s:314:23:314:Infinity":184,"s:315:24:315:Infinity":185,"s:316:8:316:Infinity":186,"b:318:8:318:Infinity:undefined:undefined:undefined:undefined":62,"s:318:8:318:Infinity":187,"b:318:12:318:32:318:32:318:48":63,"s:318:48:318:Infinity":188,"b:319:8:319:Infinity:undefined:undefined:undefined:undefined":64,"s:319:8:319:Infinity":189,"s:319:29:319:Infinity":190,"s:320:8:320:Infinity":191,"b:323:6:323:Infinity:undefined:undefined:undefined:undefined":65,"s:323:6:323:Infinity":192,"s:323:28:323:Infinity":193,"s:324:6:324:Infinity":194,"s:327:4:327:Infinity":195,"s:330:2:330:Infinity":196,"f:333:16:333:36":29,"s:334:2:338:Infinity":197,"f:334:20:334:26":30,"s:334:26:338:4":198,"b:337:35:337:45:337:45:337:Infinity":66,"f:343:16:343:33":31,"s:344:2:344:Infinity":199,"f:347:16:347:35":32,"b:348:2:348:Infinity:undefined:undefined:undefined:undefined":67,"s:348:2:348:Infinity":200,"s:348:16:348:Infinity":201,"s:349:2:349:Infinity":202,"f:349:23:349:28":33,"s:349:28:349:59":203,"f:358:16:358:39":34,"s:359:16:359:Infinity":204,"s:360:14:360:Infinity":205,"b:361:2:361:Infinity:undefined:undefined:undefined:undefined":68,"s:361:2:361:Infinity":206,"b:361:6:361:16:361:16:361:24:361:24:361:37":69,"s:361:37:361:Infinity":207,"s:363:26:363:Infinity":208,"s:364:18:369:Infinity":209,"f:364:18:364:19":35,"s:365:14:365:Infinity":210,"s:366:14:366:Infinity":211,"s:367:16:367:Infinity":212,"s:368:4:368:Infinity":213,"b:371:2:415:Infinity:391:2:415:Infinity":70,"s:371:2:415:Infinity":214,"b:371:6:371:37:371:37:371:68":71,"s:372:23:372:Infinity":215,"b:372:23:372:42:372:42:372:Infinity":72,"b:373:4:373:Infinity:undefined:undefined:undefined:undefined":73,"s:373:4:373:Infinity":216,"s:373:33:373:Infinity":217,"s:374:22:374:Infinity":218,"b:374:54:374:58:374:58:374:Infinity":74,"s:377:22:377:Infinity":219,"s:378:4:378:Infinity":220,"s:380:18:380:Infinity":221,"s:381:4:390:Infinity":222,"s:382:6:388:Infinity":223,"s:383:18:383:Infinity":224,"s:384:8:384:Infinity":225,"b:385:8:387:Infinity:undefined:undefined:undefined:undefined":75,"s:385:8:387:Infinity":226,"b:385:12:385:26:385:26:385:36":76,"s:386:10:386:Infinity":227,"s:389:6:389:Infinity":228,"b:391:2:415:Infinity:407:2:415:Infinity":77,"s:391:2:415:Infinity":229,"s:392:23:392:Infinity":230,"b:392:23:392:42:392:42:392:Infinity":78,"s:393:18:393:Infinity":231,"b:394:4:396:Infinity:undefined:undefined:undefined:undefined":79,"s:394:4:396:Infinity":232,"s:395:6:395:Infinity":233,"s:397:4:406:Infinity":234,"s:399:24:399:Infinity":235,"b:400:6:402:Infinity:undefined:undefined:undefined:undefined":80,"s:400:6:402:Infinity":236,"s:401:8:401:Infinity":237,"s:403:6:403:Infinity":238,"s:405:6:405:Infinity":239,"b:407:2:415:Infinity:undefined:undefined:undefined:undefined":81,"s:407:2:415:Infinity":240,"s:408:21:408:Infinity":241,"b:408:21:408:38:408:38:408:Infinity":82,"b:409:4:409:Infinity:undefined:undefined:undefined:undefined":83,"s:409:4:409:Infinity":242,"s:409:22:409:Infinity":243,"s:410:18:410:Infinity":244,"s:411:4:414:Infinity":245,"s:412:6:412:Infinity":246,"s:413:6:413:Infinity":247,"s:417:2:417:Infinity":248,"f:424:16:424:Infinity":36,"s:429:16:429:Infinity":249,"b:430:2:430:Infinity:undefined:undefined:undefined:undefined":84,"s:430:2:430:Infinity":250,"s:430:26:430:Infinity":251,"s:432:18:432:Infinity":252,"s:434:2:455:Infinity":253,"f:434:19:434:20":37,"s:435:14:435:Infinity":254,"b:436:4:436:Infinity:undefined:undefined:undefined:undefined":85,"s:436:4:436:Infinity":255,"s:436:12:436:Infinity":256,"s:438:16:438:Infinity":257,"b:438:41:438:114:438:114:438:Infinity":86,"s:439:20:439:Infinity":258,"s:440:18:440:Infinity":259,"s:442:4:454:Infinity":260}}}
}
